ERROR 2012-03-12 11:06:37,974 [main] - Error log message at: 1331546797974
DEBUG 2012-03-12 11:06:37,977 [main] - Error log message at: 1331546797974 should not be logged in logfile: log/harmony.error.log
TRACE 2012-03-12 11:06:37,982 [main] - Trace log message at: 1331546797982
DEBUG 2012-03-12 11:06:37,985 [main] - Debug log message at: 1331546797985
TRACE 2012-03-12 11:06:37,986 [main] - Debug log message at: 1331546797985 should not be logged in logfile: log/harmony.debug.log
INFO  2012-03-12 11:06:37,988 [main] - Info log message at: 1331546797988
DEBUG 2012-03-12 11:06:37,988 [main] - Info log message at: 1331546797988 should not be logged in logfile: log/harmony.info.log
WARN  2012-03-12 11:06:37,991 [main] - Warn log message at: 1331546797991
DEBUG 2012-03-12 11:06:37,992 [main] - Warn log message at: 1331546797991 should not be logged in logfile: log/harmony.warn.log
FATAL 2012-03-12 11:06:37,994 [main] - Fatal log message at: 1331546797994
DEBUG 2012-03-12 11:06:37,994 [main] - Fatal log message at: 1331546797994 should not be logged in logfile: log/harmony.fatal.log
TRACE 2012-03-12 11:06:38,003 [main] - logTrace
DEBUG 2012-03-12 11:06:38,003 [main] - logDebug
INFO  2012-03-12 11:06:38,003 [main] - logInfo
WARN  2012-03-12 11:06:38,003 [main] - logWarn
ERROR 2012-03-12 11:06:38,003 [main] - logError
FATAL 2012-03-12 11:06:38,003 [main] - logFatal
ERROR 2012-03-12 11:06:45,060 [main] - Error log message at: 1331546805059
DEBUG 2012-03-12 11:06:45,062 [main] - Error log message at: 1331546805059 should not be logged in logfile: log/harmony.error.log
TRACE 2012-03-12 11:06:45,068 [main] - Trace log message at: 1331546805068
DEBUG 2012-03-12 11:06:45,071 [main] - Debug log message at: 1331546805070
TRACE 2012-03-12 11:06:45,071 [main] - Debug log message at: 1331546805070 should not be logged in logfile: log/harmony.debug.log
INFO  2012-03-12 11:06:45,073 [main] - Info log message at: 1331546805073
DEBUG 2012-03-12 11:06:45,074 [main] - Info log message at: 1331546805073 should not be logged in logfile: log/harmony.info.log
WARN  2012-03-12 11:06:45,076 [main] - Warn log message at: 1331546805076
DEBUG 2012-03-12 11:06:45,077 [main] - Warn log message at: 1331546805076 should not be logged in logfile: log/harmony.warn.log
FATAL 2012-03-12 11:06:45,079 [main] - Fatal log message at: 1331546805079
DEBUG 2012-03-12 11:06:45,080 [main] - Fatal log message at: 1331546805079 should not be logged in logfile: log/harmony.fatal.log
TRACE 2012-03-12 11:06:45,093 [main] - logTrace
DEBUG 2012-03-12 11:06:45,093 [main] - logDebug
INFO  2012-03-12 11:06:45,093 [main] - logInfo
WARN  2012-03-12 11:06:45,094 [main] - logWarn
ERROR 2012-03-12 11:06:45,094 [main] - logError
FATAL 2012-03-12 11:06:45,094 [main] - logFatal
ERROR 2012-03-12 11:07:17,400 [main] - Error log message at: 1331546837399
DEBUG 2012-03-12 11:07:17,403 [main] - Error log message at: 1331546837399 should not be logged in logfile: log/harmony.error.log
TRACE 2012-03-12 11:07:17,408 [main] - Trace log message at: 1331546837408
DEBUG 2012-03-12 11:07:17,411 [main] - Debug log message at: 1331546837411
TRACE 2012-03-12 11:07:17,411 [main] - Debug log message at: 1331546837411 should not be logged in logfile: log/harmony.debug.log
INFO  2012-03-12 11:07:17,414 [main] - Info log message at: 1331546837414
DEBUG 2012-03-12 11:07:17,414 [main] - Info log message at: 1331546837414 should not be logged in logfile: log/harmony.info.log
WARN  2012-03-12 11:07:17,417 [main] - Warn log message at: 1331546837417
DEBUG 2012-03-12 11:07:17,418 [main] - Warn log message at: 1331546837417 should not be logged in logfile: log/harmony.warn.log
FATAL 2012-03-12 11:07:17,421 [main] - Fatal log message at: 1331546837421
DEBUG 2012-03-12 11:07:17,421 [main] - Fatal log message at: 1331546837421 should not be logged in logfile: log/harmony.fatal.log
TRACE 2012-03-12 11:07:17,433 [main] - logTrace
DEBUG 2012-03-12 11:07:17,433 [main] - logDebug
INFO  2012-03-12 11:07:17,433 [main] - logInfo
WARN  2012-03-12 11:07:17,433 [main] - logWarn
ERROR 2012-03-12 11:07:17,433 [main] - logError
FATAL 2012-03-12 11:07:17,433 [main] - logFatal
ERROR 2012-03-12 11:14:22,931 [main] - Error log message at: 1331547262931
DEBUG 2012-03-12 11:14:22,957 [main] - Error log message at: 1331547262931 should not be logged in logfile: log/harmony.error.log
TRACE 2012-03-12 11:14:22,965 [main] - Trace log message at: 1331547262965
DEBUG 2012-03-12 11:14:22,968 [main] - Debug log message at: 1331547262968
TRACE 2012-03-12 11:14:22,969 [main] - Debug log message at: 1331547262968 should not be logged in logfile: log/harmony.debug.log
INFO  2012-03-12 11:14:22,973 [main] - Info log message at: 1331547262973
DEBUG 2012-03-12 11:14:22,974 [main] - Info log message at: 1331547262973 should not be logged in logfile: log/harmony.info.log
WARN  2012-03-12 11:14:22,979 [main] - Warn log message at: 1331547262979
DEBUG 2012-03-12 11:14:22,980 [main] - Warn log message at: 1331547262979 should not be logged in logfile: log/harmony.warn.log
FATAL 2012-03-12 11:14:22,982 [main] - Fatal log message at: 1331547262982
DEBUG 2012-03-12 11:14:22,983 [main] - Fatal log message at: 1331547262982 should not be logged in logfile: log/harmony.fatal.log
TRACE 2012-03-12 11:14:22,995 [main] - logTrace
DEBUG 2012-03-12 11:14:22,995 [main] - logDebug
INFO  2012-03-12 11:14:22,995 [main] - logInfo
WARN  2012-03-12 11:14:22,995 [main] - logWarn
ERROR 2012-03-12 11:14:22,995 [main] - logError
FATAL 2012-03-12 11:14:22,995 [main] - logFatal
ERROR 2012-03-12 11:15:42,220 [main] - Error log message at: 1331547342219
DEBUG 2012-03-12 11:15:42,244 [main] - Error log message at: 1331547342219 should not be logged in logfile: log/harmony.error.log
TRACE 2012-03-12 11:15:42,253 [main] - Trace log message at: 1331547342253
DEBUG 2012-03-12 11:15:42,256 [main] - Debug log message at: 1331547342256
TRACE 2012-03-12 11:15:42,256 [main] - Debug log message at: 1331547342256 should not be logged in logfile: log/harmony.debug.log
INFO  2012-03-12 11:15:42,262 [main] - Info log message at: 1331547342262
DEBUG 2012-03-12 11:15:42,263 [main] - Info log message at: 1331547342262 should not be logged in logfile: log/harmony.info.log
WARN  2012-03-12 11:15:42,267 [main] - Warn log message at: 1331547342267
DEBUG 2012-03-12 11:15:42,268 [main] - Warn log message at: 1331547342267 should not be logged in logfile: log/harmony.warn.log
FATAL 2012-03-12 11:15:42,270 [main] - Fatal log message at: 1331547342270
DEBUG 2012-03-12 11:15:42,271 [main] - Fatal log message at: 1331547342270 should not be logged in logfile: log/harmony.fatal.log
TRACE 2012-03-12 11:15:42,282 [main] - logTrace
DEBUG 2012-03-12 11:15:42,282 [main] - logDebug
INFO  2012-03-12 11:15:42,282 [main] - logInfo
WARN  2012-03-12 11:15:42,282 [main] - logWarn
ERROR 2012-03-12 11:15:42,282 [main] - logError
FATAL 2012-03-12 11:15:42,282 [main] - logFatal
ERROR 2012-03-12 12:37:33,021 [main] - Error log message at: 1331552253020
DEBUG 2012-03-12 12:37:33,024 [main] - Error log message at: 1331552253020 should not be logged in logfile: log/harmony.error.log
TRACE 2012-03-12 12:37:33,030 [main] - Trace log message at: 1331552253030
DEBUG 2012-03-12 12:37:33,033 [main] - Debug log message at: 1331552253033
TRACE 2012-03-12 12:37:33,034 [main] - Debug log message at: 1331552253033 should not be logged in logfile: log/harmony.debug.log
INFO  2012-03-12 12:37:33,037 [main] - Info log message at: 1331552253037
DEBUG 2012-03-12 12:37:33,038 [main] - Info log message at: 1331552253037 should not be logged in logfile: log/harmony.info.log
WARN  2012-03-12 12:37:33,041 [main] - Warn log message at: 1331552253041
DEBUG 2012-03-12 12:37:33,042 [main] - Warn log message at: 1331552253041 should not be logged in logfile: log/harmony.warn.log
FATAL 2012-03-12 12:37:33,049 [main] - Fatal log message at: 1331552253049
DEBUG 2012-03-12 12:37:33,050 [main] - Fatal log message at: 1331552253049 should not be logged in logfile: log/harmony.fatal.log
TRACE 2012-03-12 12:37:33,060 [main] - logTrace
DEBUG 2012-03-12 12:37:33,060 [main] - logDebug
INFO  2012-03-12 12:37:33,061 [main] - logInfo
WARN  2012-03-12 12:37:33,061 [main] - logWarn
ERROR 2012-03-12 12:37:33,061 [main] - logError
FATAL 2012-03-12 12:37:33,061 [main] - logFatal
ERROR 2012-03-26 12:37:40,140 [main] - Error log message at: 1332758260140
DEBUG 2012-03-26 12:37:40,184 [main] - Error log message at: 1332758260140 should not be logged in logfile: log/harmony.error.log
TRACE 2012-03-26 12:37:40,202 [main] - Trace log message at: 1332758260201
DEBUG 2012-03-26 12:37:40,222 [main] - Debug log message at: 1332758260222
TRACE 2012-03-26 12:37:40,224 [main] - Debug log message at: 1332758260222 should not be logged in logfile: log/harmony.debug.log
INFO  2012-03-26 12:37:40,228 [main] - Info log message at: 1332758260228
DEBUG 2012-03-26 12:37:40,228 [main] - Info log message at: 1332758260228 should not be logged in logfile: log/harmony.info.log
WARN  2012-03-26 12:37:40,231 [main] - Warn log message at: 1332758260231
DEBUG 2012-03-26 12:37:40,232 [main] - Warn log message at: 1332758260231 should not be logged in logfile: log/harmony.warn.log
FATAL 2012-03-26 12:37:40,234 [main] - Fatal log message at: 1332758260234
DEBUG 2012-03-26 12:37:40,235 [main] - Fatal log message at: 1332758260234 should not be logged in logfile: log/harmony.fatal.log
TRACE 2012-03-26 12:37:40,246 [main] - logTrace
DEBUG 2012-03-26 12:37:40,246 [main] - logDebug
INFO  2012-03-26 12:37:40,246 [main] - logInfo
WARN  2012-03-26 12:37:40,246 [main] - logWarn
ERROR 2012-03-26 12:37:40,246 [main] - logError
FATAL 2012-03-26 12:37:40,247 [main] - logFatal
ERROR 2012-03-27 15:38:28,601 [main] - Error log message at: 1332855508601
DEBUG 2012-03-27 15:38:28,636 [main] - Error log message at: 1332855508601 should not be logged in logfile: log/harmony.error.log
TRACE 2012-03-27 15:38:28,662 [main] - Trace log message at: 1332855508662
DEBUG 2012-03-27 15:38:28,682 [main] - Debug log message at: 1332855508682
TRACE 2012-03-27 15:38:28,687 [main] - Debug log message at: 1332855508682 should not be logged in logfile: log/harmony.debug.log
INFO  2012-03-27 15:38:28,693 [main] - Info log message at: 1332855508693
DEBUG 2012-03-27 15:38:28,694 [main] - Info log message at: 1332855508693 should not be logged in logfile: log/harmony.info.log
WARN  2012-03-27 15:38:28,698 [main] - Warn log message at: 1332855508698
DEBUG 2012-03-27 15:38:28,699 [main] - Warn log message at: 1332855508698 should not be logged in logfile: log/harmony.warn.log
FATAL 2012-03-27 15:38:28,704 [main] - Fatal log message at: 1332855508704
DEBUG 2012-03-27 15:38:28,705 [main] - Fatal log message at: 1332855508704 should not be logged in logfile: log/harmony.fatal.log
TRACE 2012-03-27 15:38:28,714 [main] - logTrace
DEBUG 2012-03-27 15:38:28,714 [main] - logDebug
INFO  2012-03-27 15:38:28,714 [main] - logInfo
WARN  2012-03-27 15:38:28,715 [main] - logWarn
ERROR 2012-03-27 15:38:28,715 [main] - logError
FATAL 2012-03-27 15:38:28,715 [main] - logFatal
ERROR 2012-03-27 18:20:07,972 [main] - Error log message at: 1332865207972
DEBUG 2012-03-27 18:20:08,006 [main] - Error log message at: 1332865207972 should not be logged in logfile: log/harmony.error.log
TRACE 2012-03-27 18:20:08,016 [main] - Trace log message at: 1332865208016
DEBUG 2012-03-27 18:20:08,031 [main] - Debug log message at: 1332865208031
TRACE 2012-03-27 18:20:08,035 [main] - Debug log message at: 1332865208031 should not be logged in logfile: log/harmony.debug.log
INFO  2012-03-27 18:20:08,039 [main] - Info log message at: 1332865208039
DEBUG 2012-03-27 18:20:08,040 [main] - Info log message at: 1332865208039 should not be logged in logfile: log/harmony.info.log
WARN  2012-03-27 18:20:08,043 [main] - Warn log message at: 1332865208043
DEBUG 2012-03-27 18:20:08,044 [main] - Warn log message at: 1332865208043 should not be logged in logfile: log/harmony.warn.log
FATAL 2012-03-27 18:20:08,049 [main] - Fatal log message at: 1332865208049
DEBUG 2012-03-27 18:20:08,050 [main] - Fatal log message at: 1332865208049 should not be logged in logfile: log/harmony.fatal.log
TRACE 2012-03-27 18:20:08,061 [main] - logTrace
DEBUG 2012-03-27 18:20:08,062 [main] - logDebug
INFO  2012-03-27 18:20:08,062 [main] - logInfo
WARN  2012-03-27 18:20:08,062 [main] - logWarn
ERROR 2012-03-27 18:20:08,062 [main] - logError
FATAL 2012-03-27 18:20:08,062 [main] - logFatal
ERROR 2012-03-27 18:24:06,241 [main] - Error log message at: 1332865446240
DEBUG 2012-03-27 18:24:06,244 [main] - Error log message at: 1332865446240 should not be logged in logfile: log/harmony.error.log
TRACE 2012-03-27 18:24:06,249 [main] - Trace log message at: 1332865446249
DEBUG 2012-03-27 18:24:06,253 [main] - Debug log message at: 1332865446253
TRACE 2012-03-27 18:24:06,254 [main] - Debug log message at: 1332865446253 should not be logged in logfile: log/harmony.debug.log
INFO  2012-03-27 18:24:06,258 [main] - Info log message at: 1332865446258
DEBUG 2012-03-27 18:24:06,259 [main] - Info log message at: 1332865446258 should not be logged in logfile: log/harmony.info.log
WARN  2012-03-27 18:24:06,263 [main] - Warn log message at: 1332865446262
DEBUG 2012-03-27 18:24:06,263 [main] - Warn log message at: 1332865446262 should not be logged in logfile: log/harmony.warn.log
FATAL 2012-03-27 18:24:06,267 [main] - Fatal log message at: 1332865446266
DEBUG 2012-03-27 18:24:06,267 [main] - Fatal log message at: 1332865446266 should not be logged in logfile: log/harmony.fatal.log
TRACE 2012-03-27 18:24:06,283 [main] - logTrace
DEBUG 2012-03-27 18:24:06,283 [main] - logDebug
INFO  2012-03-27 18:24:06,283 [main] - logInfo
WARN  2012-03-27 18:24:06,283 [main] - logWarn
ERROR 2012-03-27 18:24:06,283 [main] - logError
FATAL 2012-03-27 18:24:06,283 [main] - logFatal
ERROR 2012-03-27 18:36:58,721 [main] - Error log message at: 1332866218720
DEBUG 2012-03-27 18:36:58,724 [main] - Error log message at: 1332866218720 should not be logged in logfile: log/harmony.error.log
TRACE 2012-03-27 18:36:58,729 [main] - Trace log message at: 1332866218729
DEBUG 2012-03-27 18:36:58,733 [main] - Debug log message at: 1332866218733
TRACE 2012-03-27 18:36:58,735 [main] - Debug log message at: 1332866218733 should not be logged in logfile: log/harmony.debug.log
INFO  2012-03-27 18:36:58,739 [main] - Info log message at: 1332866218738
DEBUG 2012-03-27 18:36:58,740 [main] - Info log message at: 1332866218738 should not be logged in logfile: log/harmony.info.log
WARN  2012-03-27 18:36:58,745 [main] - Warn log message at: 1332866218745
DEBUG 2012-03-27 18:36:58,746 [main] - Warn log message at: 1332866218745 should not be logged in logfile: log/harmony.warn.log
FATAL 2012-03-27 18:36:58,749 [main] - Fatal log message at: 1332866218749
DEBUG 2012-03-27 18:36:58,750 [main] - Fatal log message at: 1332866218749 should not be logged in logfile: log/harmony.fatal.log
TRACE 2012-03-27 18:36:58,769 [main] - logTrace
DEBUG 2012-03-27 18:36:58,769 [main] - logDebug
INFO  2012-03-27 18:36:58,769 [main] - logInfo
WARN  2012-03-27 18:36:58,769 [main] - logWarn
ERROR 2012-03-27 18:36:58,769 [main] - logError
FATAL 2012-03-27 18:36:58,769 [main] - logFatal
ERROR 2012-03-27 18:37:04,693 [main] - Error log message at: 1332866224693
DEBUG 2012-03-27 18:37:04,696 [main] - Error log message at: 1332866224693 should not be logged in logfile: log/harmony.error.log
TRACE 2012-03-27 18:37:04,702 [main] - Trace log message at: 1332866224702
DEBUG 2012-03-27 18:37:04,706 [main] - Debug log message at: 1332866224706
TRACE 2012-03-27 18:37:04,708 [main] - Debug log message at: 1332866224706 should not be logged in logfile: log/harmony.debug.log
INFO  2012-03-27 18:37:04,714 [main] - Info log message at: 1332866224714
DEBUG 2012-03-27 18:37:04,715 [main] - Info log message at: 1332866224714 should not be logged in logfile: log/harmony.info.log
WARN  2012-03-27 18:37:04,719 [main] - Warn log message at: 1332866224719
DEBUG 2012-03-27 18:37:04,719 [main] - Warn log message at: 1332866224719 should not be logged in logfile: log/harmony.warn.log
FATAL 2012-03-27 18:37:04,722 [main] - Fatal log message at: 1332866224722
DEBUG 2012-03-27 18:37:04,722 [main] - Fatal log message at: 1332866224722 should not be logged in logfile: log/harmony.fatal.log
TRACE 2012-03-27 18:37:04,738 [main] - logTrace
DEBUG 2012-03-27 18:37:04,738 [main] - logDebug
INFO  2012-03-27 18:37:04,738 [main] - logInfo
WARN  2012-03-27 18:37:04,739 [main] - logWarn
ERROR 2012-03-27 18:37:04,739 [main] - logError
FATAL 2012-03-27 18:37:04,739 [main] - logFatal
