ERROR 2012-03-12 11:06:37,974 [main] - Error log message at: 1331546797974
INFO  2012-03-12 11:06:37,988 [main] - Info log message at: 1331546797988
WARN  2012-03-12 11:06:37,991 [main] - Warn log message at: 1331546797991
FATAL 2012-03-12 11:06:37,994 [main] - Fatal log message at: 1331546797994
INFO  2012-03-12 11:06:38,003 [main] - logInfo
WARN  2012-03-12 11:06:38,003 [main] - logWarn
ERROR 2012-03-12 11:06:38,003 [main] - logError
FATAL 2012-03-12 11:06:38,003 [main] - logFatal
ERROR 2012-03-12 11:06:45,060 [main] - Error log message at: 1331546805059
INFO  2012-03-12 11:06:45,073 [main] - Info log message at: 1331546805073
WARN  2012-03-12 11:06:45,076 [main] - Warn log message at: 1331546805076
FATAL 2012-03-12 11:06:45,079 [main] - Fatal log message at: 1331546805079
INFO  2012-03-12 11:06:45,093 [main] - logInfo
WARN  2012-03-12 11:06:45,094 [main] - logWarn
ERROR 2012-03-12 11:06:45,094 [main] - logError
FATAL 2012-03-12 11:06:45,094 [main] - logFatal
ERROR 2012-03-12 11:07:17,400 [main] - Error log message at: 1331546837399
INFO  2012-03-12 11:07:17,414 [main] - Info log message at: 1331546837414
WARN  2012-03-12 11:07:17,417 [main] - Warn log message at: 1331546837417
FATAL 2012-03-12 11:07:17,421 [main] - Fatal log message at: 1331546837421
INFO  2012-03-12 11:07:17,433 [main] - logInfo
WARN  2012-03-12 11:07:17,433 [main] - logWarn
ERROR 2012-03-12 11:07:17,433 [main] - logError
FATAL 2012-03-12 11:07:17,433 [main] - logFatal
ERROR 2012-03-12 11:14:22,931 [main] - Error log message at: 1331547262931
INFO  2012-03-12 11:14:22,973 [main] - Info log message at: 1331547262973
WARN  2012-03-12 11:14:22,979 [main] - Warn log message at: 1331547262979
FATAL 2012-03-12 11:14:22,982 [main] - Fatal log message at: 1331547262982
INFO  2012-03-12 11:14:22,995 [main] - logInfo
WARN  2012-03-12 11:14:22,995 [main] - logWarn
ERROR 2012-03-12 11:14:22,995 [main] - logError
FATAL 2012-03-12 11:14:22,995 [main] - logFatal
ERROR 2012-03-12 11:15:42,220 [main] - Error log message at: 1331547342219
INFO  2012-03-12 11:15:42,262 [main] - Info log message at: 1331547342262
WARN  2012-03-12 11:15:42,267 [main] - Warn log message at: 1331547342267
FATAL 2012-03-12 11:15:42,270 [main] - Fatal log message at: 1331547342270
INFO  2012-03-12 11:15:42,282 [main] - logInfo
WARN  2012-03-12 11:15:42,282 [main] - logWarn
ERROR 2012-03-12 11:15:42,282 [main] - logError
FATAL 2012-03-12 11:15:42,282 [main] - logFatal
ERROR 2012-03-12 12:37:33,021 [main] - Error log message at: 1331552253020
INFO  2012-03-12 12:37:33,037 [main] - Info log message at: 1331552253037
WARN  2012-03-12 12:37:33,041 [main] - Warn log message at: 1331552253041
FATAL 2012-03-12 12:37:33,049 [main] - Fatal log message at: 1331552253049
INFO  2012-03-12 12:37:33,061 [main] - logInfo
WARN  2012-03-12 12:37:33,061 [main] - logWarn
ERROR 2012-03-12 12:37:33,061 [main] - logError
FATAL 2012-03-12 12:37:33,061 [main] - logFatal
