ERROR 2012-03-12 11:06:37,974 [main] - Error log message at: 1331546797974
WARN  2012-03-12 11:06:37,991 [main] - Warn log message at: 1331546797991
FATAL 2012-03-12 11:06:37,994 [main] - Fatal log message at: 1331546797994
WARN  2012-03-12 11:06:38,003 [main] - logWarn
ERROR 2012-03-12 11:06:38,003 [main] - logError
FATAL 2012-03-12 11:06:38,003 [main] - logFatal
ERROR 2012-03-12 11:06:45,060 [main] - Error log message at: 1331546805059
WARN  2012-03-12 11:06:45,076 [main] - Warn log message at: 1331546805076
FATAL 2012-03-12 11:06:45,079 [main] - Fatal log message at: 1331546805079
WARN  2012-03-12 11:06:45,094 [main] - logWarn
ERROR 2012-03-12 11:06:45,094 [main] - logError
FATAL 2012-03-12 11:06:45,094 [main] - logFatal
ERROR 2012-03-12 11:07:17,400 [main] - Error log message at: 1331546837399
WARN  2012-03-12 11:07:17,417 [main] - Warn log message at: 1331546837417
FATAL 2012-03-12 11:07:17,421 [main] - Fatal log message at: 1331546837421
WARN  2012-03-12 11:07:17,433 [main] - logWarn
ERROR 2012-03-12 11:07:17,433 [main] - logError
FATAL 2012-03-12 11:07:17,433 [main] - logFatal
ERROR 2012-03-12 11:14:22,931 [main] - Error log message at: 1331547262931
WARN  2012-03-12 11:14:22,979 [main] - Warn log message at: 1331547262979
FATAL 2012-03-12 11:14:22,982 [main] - Fatal log message at: 1331547262982
WARN  2012-03-12 11:14:22,995 [main] - logWarn
ERROR 2012-03-12 11:14:22,995 [main] - logError
FATAL 2012-03-12 11:14:22,995 [main] - logFatal
ERROR 2012-03-12 11:15:42,220 [main] - Error log message at: 1331547342219
WARN  2012-03-12 11:15:42,267 [main] - Warn log message at: 1331547342267
FATAL 2012-03-12 11:15:42,270 [main] - Fatal log message at: 1331547342270
WARN  2012-03-12 11:15:42,282 [main] - logWarn
ERROR 2012-03-12 11:15:42,282 [main] - logError
FATAL 2012-03-12 11:15:42,282 [main] - logFatal
ERROR 2012-03-12 12:37:33,021 [main] - Error log message at: 1331552253020
WARN  2012-03-12 12:37:33,041 [main] - Warn log message at: 1331552253041
FATAL 2012-03-12 12:37:33,049 [main] - Fatal log message at: 1331552253049
WARN  2012-03-12 12:37:33,061 [main] - logWarn
ERROR 2012-03-12 12:37:33,061 [main] - logError
FATAL 2012-03-12 12:37:33,061 [main] - logFatal
ERROR 2012-03-26 12:37:40,140 [main] - Error log message at: 1332758260140
WARN  2012-03-26 12:37:40,231 [main] - Warn log message at: 1332758260231
FATAL 2012-03-26 12:37:40,234 [main] - Fatal log message at: 1332758260234
WARN  2012-03-26 12:37:40,246 [main] - logWarn
ERROR 2012-03-26 12:37:40,246 [main] - logError
FATAL 2012-03-26 12:37:40,247 [main] - logFatal
ERROR 2012-03-27 15:38:28,601 [main] - Error log message at: 1332855508601
WARN  2012-03-27 15:38:28,698 [main] - Warn log message at: 1332855508698
FATAL 2012-03-27 15:38:28,704 [main] - Fatal log message at: 1332855508704
WARN  2012-03-27 15:38:28,715 [main] - logWarn
ERROR 2012-03-27 15:38:28,715 [main] - logError
FATAL 2012-03-27 15:38:28,715 [main] - logFatal
ERROR 2012-03-27 18:20:07,972 [main] - Error log message at: 1332865207972
WARN  2012-03-27 18:20:08,043 [main] - Warn log message at: 1332865208043
FATAL 2012-03-27 18:20:08,049 [main] - Fatal log message at: 1332865208049
WARN  2012-03-27 18:20:08,062 [main] - logWarn
ERROR 2012-03-27 18:20:08,062 [main] - logError
FATAL 2012-03-27 18:20:08,062 [main] - logFatal
ERROR 2012-03-27 18:24:06,241 [main] - Error log message at: 1332865446240
WARN  2012-03-27 18:24:06,263 [main] - Warn log message at: 1332865446262
FATAL 2012-03-27 18:24:06,267 [main] - Fatal log message at: 1332865446266
WARN  2012-03-27 18:24:06,283 [main] - logWarn
ERROR 2012-03-27 18:24:06,283 [main] - logError
FATAL 2012-03-27 18:24:06,283 [main] - logFatal
ERROR 2012-03-27 18:36:58,721 [main] - Error log message at: 1332866218720
WARN  2012-03-27 18:36:58,745 [main] - Warn log message at: 1332866218745
FATAL 2012-03-27 18:36:58,749 [main] - Fatal log message at: 1332866218749
WARN  2012-03-27 18:36:58,769 [main] - logWarn
ERROR 2012-03-27 18:36:58,769 [main] - logError
FATAL 2012-03-27 18:36:58,769 [main] - logFatal
ERROR 2012-03-27 18:37:04,693 [main] - Error log message at: 1332866224693
WARN  2012-03-27 18:37:04,719 [main] - Warn log message at: 1332866224719
FATAL 2012-03-27 18:37:04,722 [main] - Fatal log message at: 1332866224722
WARN  2012-03-27 18:37:04,739 [main] - logWarn
ERROR 2012-03-27 18:37:04,739 [main] - logError
FATAL 2012-03-27 18:37:04,739 [main] - logFatal
ERROR 2012-04-04 17:31:11,325 [main] - Error log message at: 1333553471324
WARN  2012-04-04 17:31:11,379 [main] - Warn log message at: 1333553471379
FATAL 2012-04-04 17:31:11,382 [main] - Fatal log message at: 1333553471382
WARN  2012-04-04 17:31:11,397 [main] - logWarn
ERROR 2012-04-04 17:31:11,397 [main] - logError
FATAL 2012-04-04 17:31:11,397 [main] - logFatal
