TRACE 2012-03-07 17:03:45,250 [main] - Special log message at: 1331136225250
DEBUG 2012-03-07 17:03:45,250 [main] - Special log message at: 1331136225250
INFO  2012-03-07 17:03:45,250 [main] - Special log message at: 1331136225250
WARN  2012-03-07 17:03:45,250 [main] - Special log message at: 1331136225250
ERROR 2012-03-07 17:03:45,250 [main] - Special log message at: 1331136225250
FATAL 2012-03-07 17:03:45,250 [main] - Special log message at: 1331136225250
TRACE 2012-03-07 17:14:15,433 [main] - Special log message at: 1331136855433
DEBUG 2012-03-07 17:14:15,433 [main] - Special log message at: 1331136855433
INFO  2012-03-07 17:14:15,433 [main] - Special log message at: 1331136855433
WARN  2012-03-07 17:14:15,433 [main] - Special log message at: 1331136855433
ERROR 2012-03-07 17:14:15,433 [main] - Special log message at: 1331136855433
FATAL 2012-03-07 17:14:15,433 [main] - Special log message at: 1331136855433
TRACE 2012-03-07 17:18:38,880 [main] - Special log message at: 1331137118880
DEBUG 2012-03-07 17:18:38,880 [main] - Special log message at: 1331137118880
INFO  2012-03-07 17:18:38,880 [main] - Special log message at: 1331137118880
WARN  2012-03-07 17:18:38,880 [main] - Special log message at: 1331137118880
ERROR 2012-03-07 17:18:38,880 [main] - Special log message at: 1331137118880
FATAL 2012-03-07 17:18:38,880 [main] - Special log message at: 1331137118880
TRACE 2012-03-07 17:19:46,277 [main] - Special log message at: 1331137186277
DEBUG 2012-03-07 17:19:46,277 [main] - Special log message at: 1331137186277
INFO  2012-03-07 17:19:46,277 [main] - Special log message at: 1331137186277
WARN  2012-03-07 17:19:46,277 [main] - Special log message at: 1331137186277
ERROR 2012-03-07 17:19:46,277 [main] - Special log message at: 1331137186277
FATAL 2012-03-07 17:19:46,277 [main] - Special log message at: 1331137186277
TRACE 2012-03-07 17:20:59,709 [main] - Special log message at: 1331137259708
DEBUG 2012-03-07 17:20:59,709 [main] - Special log message at: 1331137259708
INFO  2012-03-07 17:20:59,709 [main] - Special log message at: 1331137259708
WARN  2012-03-07 17:20:59,709 [main] - Special log message at: 1331137259708
ERROR 2012-03-07 17:20:59,709 [main] - Special log message at: 1331137259708
FATAL 2012-03-07 17:20:59,709 [main] - Special log message at: 1331137259708
TRACE 2012-03-07 17:22:21,991 [main] - Special log message at: 1331137341991
DEBUG 2012-03-07 17:22:21,991 [main] - Special log message at: 1331137341991
INFO  2012-03-07 17:22:21,991 [main] - Special log message at: 1331137341991
WARN  2012-03-07 17:22:21,991 [main] - Special log message at: 1331137341991
ERROR 2012-03-07 17:22:21,991 [main] - Special log message at: 1331137341991
FATAL 2012-03-07 17:22:21,991 [main] - Special log message at: 1331137341991
TRACE 2012-03-07 17:23:21,236 [main] - Special log message at: 1331137401236
DEBUG 2012-03-07 17:23:21,236 [main] - Special log message at: 1331137401236
INFO  2012-03-07 17:23:21,236 [main] - Special log message at: 1331137401236
WARN  2012-03-07 17:23:21,236 [main] - Special log message at: 1331137401236
ERROR 2012-03-07 17:23:21,236 [main] - Special log message at: 1331137401236
FATAL 2012-03-07 17:23:21,236 [main] - Special log message at: 1331137401236
TRACE 2012-03-07 17:23:42,031 [main] - Special log message at: 1331137422030
DEBUG 2012-03-07 17:23:42,031 [main] - Special log message at: 1331137422030
INFO  2012-03-07 17:23:42,031 [main] - Special log message at: 1331137422030
WARN  2012-03-07 17:23:42,031 [main] - Special log message at: 1331137422030
ERROR 2012-03-07 17:23:42,031 [main] - Special log message at: 1331137422030
FATAL 2012-03-07 17:23:42,031 [main] - Special log message at: 1331137422030
TRACE 2012-03-07 17:24:48,303 [main] - Special log message at: 1331137488303
DEBUG 2012-03-07 17:24:48,303 [main] - Special log message at: 1331137488303
INFO  2012-03-07 17:24:48,303 [main] - Special log message at: 1331137488303
WARN  2012-03-07 17:24:48,303 [main] - Special log message at: 1331137488303
ERROR 2012-03-07 17:24:48,303 [main] - Special log message at: 1331137488303
FATAL 2012-03-07 17:24:48,303 [main] - Special log message at: 1331137488303
TRACE 2012-03-07 17:27:03,686 [main] - Special log message at: 1331137623685
DEBUG 2012-03-07 17:27:03,686 [main] - Special log message at: 1331137623685
INFO  2012-03-07 17:27:03,686 [main] - Special log message at: 1331137623685
WARN  2012-03-07 17:27:03,686 [main] - Special log message at: 1331137623685
ERROR 2012-03-07 17:27:03,686 [main] - Special log message at: 1331137623685
FATAL 2012-03-07 17:27:03,686 [main] - Special log message at: 1331137623685
TRACE 2012-03-07 17:27:42,405 [main] - Special log message at: 1331137662405
DEBUG 2012-03-07 17:27:42,405 [main] - Special log message at: 1331137662405
INFO  2012-03-07 17:27:42,405 [main] - Special log message at: 1331137662405
WARN  2012-03-07 17:27:42,405 [main] - Special log message at: 1331137662405
ERROR 2012-03-07 17:27:42,405 [main] - Special log message at: 1331137662405
FATAL 2012-03-07 17:27:42,405 [main] - Special log message at: 1331137662405
TRACE 2012-03-07 17:28:21,472 [main] - Special log message at: 1331137701472
DEBUG 2012-03-07 17:28:21,472 [main] - Special log message at: 1331137701472
INFO  2012-03-07 17:28:21,472 [main] - Special log message at: 1331137701472
WARN  2012-03-07 17:28:21,472 [main] - Special log message at: 1331137701472
ERROR 2012-03-07 17:28:21,472 [main] - Special log message at: 1331137701472
FATAL 2012-03-07 17:28:21,472 [main] - Special log message at: 1331137701472
TRACE 2012-03-07 17:29:23,653 [main] - Special log message at: 1331137763653
DEBUG 2012-03-07 17:29:23,653 [main] - Special log message at: 1331137763653
INFO  2012-03-07 17:29:23,653 [main] - Special log message at: 1331137763653
WARN  2012-03-07 17:29:23,653 [main] - Special log message at: 1331137763653
ERROR 2012-03-07 17:29:23,653 [main] - Special log message at: 1331137763653
FATAL 2012-03-07 17:29:23,653 [main] - Special log message at: 1331137763653
TRACE 2012-03-07 17:30:14,726 [main] - Special log message at: 1331137814726
DEBUG 2012-03-07 17:30:14,726 [main] - Special log message at: 1331137814726
INFO  2012-03-07 17:30:14,726 [main] - Special log message at: 1331137814726
WARN  2012-03-07 17:30:14,726 [main] - Special log message at: 1331137814726
ERROR 2012-03-07 17:30:14,727 [main] - Special log message at: 1331137814726
FATAL 2012-03-07 17:30:14,727 [main] - Special log message at: 1331137814726
TRACE 2012-03-07 17:31:21,184 [main] - Special log message at: 1331137881184
DEBUG 2012-03-07 17:31:21,184 [main] - Special log message at: 1331137881184
INFO  2012-03-07 17:31:21,184 [main] - Special log message at: 1331137881184
WARN  2012-03-07 17:31:21,184 [main] - Special log message at: 1331137881184
ERROR 2012-03-07 17:31:21,184 [main] - Special log message at: 1331137881184
FATAL 2012-03-07 17:31:21,184 [main] - Special log message at: 1331137881184
TRACE 2012-03-07 17:32:04,048 [main] - Special log message at: 1331137924048
DEBUG 2012-03-07 17:32:04,048 [main] - Special log message at: 1331137924048
INFO  2012-03-07 17:32:04,048 [main] - Special log message at: 1331137924048
WARN  2012-03-07 17:32:04,048 [main] - Special log message at: 1331137924048
ERROR 2012-03-07 17:32:04,048 [main] - Special log message at: 1331137924048
FATAL 2012-03-07 17:32:04,048 [main] - Special log message at: 1331137924048
TRACE 2012-03-07 17:32:21,590 [main] - Special log message at: 1331137941590
DEBUG 2012-03-07 17:32:21,590 [main] - Special log message at: 1331137941590
INFO  2012-03-07 17:32:21,590 [main] - Special log message at: 1331137941590
WARN  2012-03-07 17:32:21,590 [main] - Special log message at: 1331137941590
ERROR 2012-03-07 17:32:21,590 [main] - Special log message at: 1331137941590
FATAL 2012-03-07 17:32:21,590 [main] - Special log message at: 1331137941590
TRACE 2012-03-07 17:33:17,890 [main] - Special log message at: 1331137997890
DEBUG 2012-03-07 17:33:17,890 [main] - Special log message at: 1331137997890
INFO  2012-03-07 17:33:17,890 [main] - Special log message at: 1331137997890
WARN  2012-03-07 17:33:17,890 [main] - Special log message at: 1331137997890
ERROR 2012-03-07 17:33:17,890 [main] - Special log message at: 1331137997890
FATAL 2012-03-07 17:33:17,890 [main] - Special log message at: 1331137997890
TRACE 2012-03-07 17:33:43,483 [main] - Special log message at: 1331138023483
DEBUG 2012-03-07 17:33:43,483 [main] - Special log message at: 1331138023483
INFO  2012-03-07 17:33:43,483 [main] - Special log message at: 1331138023483
WARN  2012-03-07 17:33:43,483 [main] - Special log message at: 1331138023483
ERROR 2012-03-07 17:33:43,483 [main] - Special log message at: 1331138023483
FATAL 2012-03-07 17:33:43,483 [main] - Special log message at: 1331138023483
TRACE 2012-03-07 17:36:43,045 [main] - Special log message at: 1331138203045
DEBUG 2012-03-07 17:36:43,045 [main] - Special log message at: 1331138203045
INFO  2012-03-07 17:36:43,045 [main] - Special log message at: 1331138203045
WARN  2012-03-07 17:36:43,046 [main] - Special log message at: 1331138203045
ERROR 2012-03-07 17:36:43,046 [main] - Special log message at: 1331138203045
FATAL 2012-03-07 17:36:43,046 [main] - Special log message at: 1331138203045
TRACE 2012-03-07 17:45:41,298 [main] - Special log message at: 1331138741298
DEBUG 2012-03-07 17:45:41,298 [main] - Special log message at: 1331138741298
INFO  2012-03-07 17:45:41,299 [main] - Special log message at: 1331138741298
WARN  2012-03-07 17:45:41,299 [main] - Special log message at: 1331138741298
ERROR 2012-03-07 17:45:41,299 [main] - Special log message at: 1331138741298
FATAL 2012-03-07 17:45:41,299 [main] - Special log message at: 1331138741298
TRACE 2012-03-07 17:47:10,062 [main] - Special log message at: 1331138830062
DEBUG 2012-03-07 17:47:10,062 [main] - Special log message at: 1331138830062
INFO  2012-03-07 17:47:10,062 [main] - Special log message at: 1331138830062
WARN  2012-03-07 17:47:10,063 [main] - Special log message at: 1331138830062
ERROR 2012-03-07 17:47:10,063 [main] - Special log message at: 1331138830062
FATAL 2012-03-07 17:47:10,063 [main] - Special log message at: 1331138830062
TRACE 2012-03-07 17:47:38,481 [main] - Special log message at: 1331138858481
DEBUG 2012-03-07 17:47:38,481 [main] - Special log message at: 1331138858481
INFO  2012-03-07 17:47:38,481 [main] - Special log message at: 1331138858481
WARN  2012-03-07 17:47:38,481 [main] - Special log message at: 1331138858481
ERROR 2012-03-07 17:47:38,481 [main] - Special log message at: 1331138858481
FATAL 2012-03-07 17:47:38,481 [main] - Special log message at: 1331138858481
TRACE 2012-03-07 17:47:53,773 [main] - Special log message at: 1331138873773
DEBUG 2012-03-07 17:47:53,773 [main] - Special log message at: 1331138873773
INFO  2012-03-07 17:47:53,773 [main] - Special log message at: 1331138873773
WARN  2012-03-07 17:47:53,773 [main] - Special log message at: 1331138873773
ERROR 2012-03-07 17:47:53,773 [main] - Special log message at: 1331138873773
FATAL 2012-03-07 17:47:53,773 [main] - Special log message at: 1331138873773
TRACE 2012-03-07 17:48:33,791 [main] - Special log message at: 1331138913791
DEBUG 2012-03-07 17:48:33,791 [main] - Special log message at: 1331138913791
INFO  2012-03-07 17:48:33,791 [main] - Special log message at: 1331138913791
WARN  2012-03-07 17:48:33,791 [main] - Special log message at: 1331138913791
ERROR 2012-03-07 17:48:33,791 [main] - Special log message at: 1331138913791
FATAL 2012-03-07 17:48:33,791 [main] - Special log message at: 1331138913791
TRACE 2012-03-07 17:48:54,879 [main] - Special log message at: 1331138934879
DEBUG 2012-03-07 17:48:54,879 [main] - Special log message at: 1331138934879
INFO  2012-03-07 17:48:54,880 [main] - Special log message at: 1331138934879
WARN  2012-03-07 17:48:54,880 [main] - Special log message at: 1331138934879
ERROR 2012-03-07 17:48:54,880 [main] - Special log message at: 1331138934879
FATAL 2012-03-07 17:48:54,880 [main] - Special log message at: 1331138934879
TRACE 2012-03-07 17:49:17,544 [main] - Special log message at: 1331138957544
DEBUG 2012-03-07 17:49:17,544 [main] - Special log message at: 1331138957544
INFO  2012-03-07 17:49:17,544 [main] - Special log message at: 1331138957544
WARN  2012-03-07 17:49:17,544 [main] - Special log message at: 1331138957544
ERROR 2012-03-07 17:49:17,544 [main] - Special log message at: 1331138957544
FATAL 2012-03-07 17:49:17,544 [main] - Special log message at: 1331138957544
TRACE 2012-03-07 17:49:41,734 [main] - Special log message at: 1331138981734
DEBUG 2012-03-07 17:49:41,734 [main] - Special log message at: 1331138981734
INFO  2012-03-07 17:49:41,734 [main] - Special log message at: 1331138981734
WARN  2012-03-07 17:49:41,734 [main] - Special log message at: 1331138981734
ERROR 2012-03-07 17:49:41,734 [main] - Special log message at: 1331138981734
FATAL 2012-03-07 17:49:41,734 [main] - Special log message at: 1331138981734
TRACE 2012-03-07 17:50:05,843 [main] - Special log message at: 1331139005843
DEBUG 2012-03-07 17:50:05,843 [main] - Special log message at: 1331139005843
INFO  2012-03-07 17:50:05,843 [main] - Special log message at: 1331139005843
WARN  2012-03-07 17:50:05,843 [main] - Special log message at: 1331139005843
ERROR 2012-03-07 17:50:05,843 [main] - Special log message at: 1331139005843
FATAL 2012-03-07 17:50:05,843 [main] - Special log message at: 1331139005843
TRACE 2012-03-07 17:51:00,856 [main] - Special log message at: 1331139060856
DEBUG 2012-03-07 17:51:00,856 [main] - Special log message at: 1331139060856
INFO  2012-03-07 17:51:00,856 [main] - Special log message at: 1331139060856
WARN  2012-03-07 17:51:00,856 [main] - Special log message at: 1331139060856
ERROR 2012-03-07 17:51:00,856 [main] - Special log message at: 1331139060856
FATAL 2012-03-07 17:51:00,856 [main] - Special log message at: 1331139060856
TRACE 2012-03-07 17:53:14,259 [main] - Special log message at: 1331139194259
DEBUG 2012-03-07 17:53:14,259 [main] - Special log message at: 1331139194259
INFO  2012-03-07 17:53:14,260 [main] - Special log message at: 1331139194259
WARN  2012-03-07 17:53:14,260 [main] - Special log message at: 1331139194259
ERROR 2012-03-07 17:53:14,260 [main] - Special log message at: 1331139194259
FATAL 2012-03-07 17:53:14,260 [main] - Special log message at: 1331139194259
TRACE 2012-03-07 17:53:53,766 [main] - Special log message at: 1331139233766
DEBUG 2012-03-07 17:53:53,766 [main] - Special log message at: 1331139233766
INFO  2012-03-07 17:53:53,766 [main] - Special log message at: 1331139233766
WARN  2012-03-07 17:53:53,766 [main] - Special log message at: 1331139233766
ERROR 2012-03-07 17:53:53,766 [main] - Special log message at: 1331139233766
FATAL 2012-03-07 17:53:53,766 [main] - Special log message at: 1331139233766
TRACE 2012-03-07 17:53:54,555 [main] - Special log message at: 1331139234555
DEBUG 2012-03-07 17:53:54,556 [main] - Special log message at: 1331139234555
INFO  2012-03-07 17:53:54,556 [main] - Special log message at: 1331139234555
WARN  2012-03-07 17:53:54,556 [main] - Special log message at: 1331139234555
ERROR 2012-03-07 17:53:54,556 [main] - Special log message at: 1331139234555
FATAL 2012-03-07 17:53:54,556 [main] - Special log message at: 1331139234555
TRACE 2012-03-07 17:54:02,261 [main] - Special log message at: 1331139242261
DEBUG 2012-03-07 17:54:02,261 [main] - Special log message at: 1331139242261
INFO  2012-03-07 17:54:02,261 [main] - Special log message at: 1331139242261
WARN  2012-03-07 17:54:02,261 [main] - Special log message at: 1331139242261
ERROR 2012-03-07 17:54:02,261 [main] - Special log message at: 1331139242261
FATAL 2012-03-07 17:54:02,261 [main] - Special log message at: 1331139242261
TRACE 2012-03-08 11:12:08,285 [main] - Special log message at: 1331201528284
DEBUG 2012-03-08 11:12:08,285 [main] - Special log message at: 1331201528284
INFO  2012-03-08 11:12:08,285 [main] - Special log message at: 1331201528284
WARN  2012-03-08 11:12:08,285 [main] - Special log message at: 1331201528284
ERROR 2012-03-08 11:12:08,285 [main] - Special log message at: 1331201528284
FATAL 2012-03-08 11:12:08,285 [main] - Special log message at: 1331201528284
TRACE 2012-03-08 11:12:21,447 [main] - Special log message at: 1331201541447
DEBUG 2012-03-08 11:12:21,447 [main] - Special log message at: 1331201541447
INFO  2012-03-08 11:12:21,447 [main] - Special log message at: 1331201541447
WARN  2012-03-08 11:12:21,448 [main] - Special log message at: 1331201541447
ERROR 2012-03-08 11:12:21,448 [main] - Special log message at: 1331201541447
FATAL 2012-03-08 11:12:21,448 [main] - Special log message at: 1331201541447
TRACE 2012-03-08 11:12:22,535 [main] - Special log message at: 1331201542535
DEBUG 2012-03-08 11:12:22,535 [main] - Special log message at: 1331201542535
INFO  2012-03-08 11:12:22,535 [main] - Special log message at: 1331201542535
WARN  2012-03-08 11:12:22,535 [main] - Special log message at: 1331201542535
ERROR 2012-03-08 11:12:22,535 [main] - Special log message at: 1331201542535
FATAL 2012-03-08 11:12:22,535 [main] - Special log message at: 1331201542535
TRACE 2012-03-08 17:32:34,143 [main] - Special log message at: 1331224354143
DEBUG 2012-03-08 17:32:34,152 [main] - Special log message at: 1331224354143
INFO  2012-03-08 17:32:34,153 [main] - Special log message at: 1331224354143
WARN  2012-03-08 17:32:34,153 [main] - Special log message at: 1331224354143
ERROR 2012-03-08 17:32:34,153 [main] - Special log message at: 1331224354143
FATAL 2012-03-08 17:32:34,153 [main] - Special log message at: 1331224354143
TRACE 2012-03-08 17:34:59,043 [main] - Special log message at: 1331224499043
DEBUG 2012-03-08 17:34:59,043 [main] - Special log message at: 1331224499043
INFO  2012-03-08 17:34:59,043 [main] - Special log message at: 1331224499043
WARN  2012-03-08 17:34:59,043 [main] - Special log message at: 1331224499043
ERROR 2012-03-08 17:34:59,044 [main] - Special log message at: 1331224499043
FATAL 2012-03-08 17:34:59,044 [main] - Special log message at: 1331224499043
TRACE 2012-03-08 17:35:58,213 [main] - Special log message at: 1331224558213
DEBUG 2012-03-08 17:35:58,213 [main] - Special log message at: 1331224558213
INFO  2012-03-08 17:35:58,213 [main] - Special log message at: 1331224558213
WARN  2012-03-08 17:35:58,213 [main] - Special log message at: 1331224558213
ERROR 2012-03-08 17:35:58,213 [main] - Special log message at: 1331224558213
FATAL 2012-03-08 17:35:58,213 [main] - Special log message at: 1331224558213
TRACE 2012-03-08 17:38:24,152 [main] - Special log message at: 1331224704152
DEBUG 2012-03-08 17:38:24,153 [main] - Special log message at: 1331224704152
INFO  2012-03-08 17:38:24,153 [main] - Special log message at: 1331224704152
WARN  2012-03-08 17:38:24,153 [main] - Special log message at: 1331224704152
ERROR 2012-03-08 17:38:24,153 [main] - Special log message at: 1331224704152
FATAL 2012-03-08 17:38:24,153 [main] - Special log message at: 1331224704152
TRACE 2012-03-08 17:39:22,289 [main] - Special log message at: 1331224762289
DEBUG 2012-03-08 17:39:22,289 [main] - Special log message at: 1331224762289
INFO  2012-03-08 17:39:22,289 [main] - Special log message at: 1331224762289
WARN  2012-03-08 17:39:22,289 [main] - Special log message at: 1331224762289
ERROR 2012-03-08 17:39:22,290 [main] - Special log message at: 1331224762289
FATAL 2012-03-08 17:39:22,290 [main] - Special log message at: 1331224762289
TRACE 2012-03-09 11:32:16,621 [main] - Special log message at: 1331289136621
DEBUG 2012-03-09 11:32:16,622 [main] - Special log message at: 1331289136621
INFO  2012-03-09 11:32:16,622 [main] - Special log message at: 1331289136621
WARN  2012-03-09 11:32:16,622 [main] - Special log message at: 1331289136621
ERROR 2012-03-09 11:32:16,622 [main] - Special log message at: 1331289136621
FATAL 2012-03-09 11:32:16,622 [main] - Special log message at: 1331289136621
TRACE 2012-03-09 15:50:02,914 [main] - Special log message at: 1331304602914
DEBUG 2012-03-09 15:50:02,914 [main] - Special log message at: 1331304602914
INFO  2012-03-09 15:50:02,914 [main] - Special log message at: 1331304602914
WARN  2012-03-09 15:50:02,914 [main] - Special log message at: 1331304602914
ERROR 2012-03-09 15:50:02,914 [main] - Special log message at: 1331304602914
FATAL 2012-03-09 15:50:02,914 [main] - Special log message at: 1331304602914
