TRACE 2012-03-12 11:04:34,562 [main] - Special log message at: 1331546674562
DEBUG 2012-03-12 11:04:34,562 [main] - Special log message at: 1331546674562
INFO  2012-03-12 11:04:34,562 [main] - Special log message at: 1331546674562
WARN  2012-03-12 11:04:34,562 [main] - Special log message at: 1331546674562
ERROR 2012-03-12 11:04:34,562 [main] - Special log message at: 1331546674562
FATAL 2012-03-12 11:04:34,562 [main] - Special log message at: 1331546674562
TRACE 2012-03-12 11:06:37,997 [main] - Special log message at: 1331546797997
DEBUG 2012-03-12 11:06:37,997 [main] - Special log message at: 1331546797997
INFO  2012-03-12 11:06:37,997 [main] - Special log message at: 1331546797997
WARN  2012-03-12 11:06:37,997 [main] - Special log message at: 1331546797997
ERROR 2012-03-12 11:06:37,997 [main] - Special log message at: 1331546797997
FATAL 2012-03-12 11:06:37,997 [main] - Special log message at: 1331546797997
TRACE 2012-03-12 11:06:45,085 [main] - Special log message at: 1331546805084
DEBUG 2012-03-12 11:06:45,085 [main] - Special log message at: 1331546805084
INFO  2012-03-12 11:06:45,085 [main] - Special log message at: 1331546805084
WARN  2012-03-12 11:06:45,085 [main] - Special log message at: 1331546805084
ERROR 2012-03-12 11:06:45,085 [main] - Special log message at: 1331546805084
FATAL 2012-03-12 11:06:45,085 [main] - Special log message at: 1331546805084
TRACE 2012-03-12 11:07:17,427 [main] - Special log message at: 1331546837426
DEBUG 2012-03-12 11:07:17,427 [main] - Special log message at: 1331546837426
INFO  2012-03-12 11:07:17,427 [main] - Special log message at: 1331546837426
WARN  2012-03-12 11:07:17,427 [main] - Special log message at: 1331546837426
ERROR 2012-03-12 11:07:17,427 [main] - Special log message at: 1331546837426
FATAL 2012-03-12 11:07:17,427 [main] - Special log message at: 1331546837426
TRACE 2012-03-12 11:14:22,987 [main] - Special log message at: 1331547262986
DEBUG 2012-03-12 11:14:22,987 [main] - Special log message at: 1331547262986
INFO  2012-03-12 11:14:22,987 [main] - Special log message at: 1331547262986
WARN  2012-03-12 11:14:22,987 [main] - Special log message at: 1331547262986
ERROR 2012-03-12 11:14:22,987 [main] - Special log message at: 1331547262986
FATAL 2012-03-12 11:14:22,987 [main] - Special log message at: 1331547262986
TRACE 2012-03-12 11:15:42,274 [main] - Special log message at: 1331547342274
DEBUG 2012-03-12 11:15:42,274 [main] - Special log message at: 1331547342274
INFO  2012-03-12 11:15:42,274 [main] - Special log message at: 1331547342274
WARN  2012-03-12 11:15:42,274 [main] - Special log message at: 1331547342274
ERROR 2012-03-12 11:15:42,274 [main] - Special log message at: 1331547342274
FATAL 2012-03-12 11:15:42,274 [main] - Special log message at: 1331547342274
TRACE 2012-03-12 12:37:33,053 [main] - Special log message at: 1331552253053
DEBUG 2012-03-12 12:37:33,053 [main] - Special log message at: 1331552253053
INFO  2012-03-12 12:37:33,053 [main] - Special log message at: 1331552253053
WARN  2012-03-12 12:37:33,053 [main] - Special log message at: 1331552253053
ERROR 2012-03-12 12:37:33,053 [main] - Special log message at: 1331552253053
FATAL 2012-03-12 12:37:33,054 [main] - Special log message at: 1331552253053
