INFO  2012-03-12 11:07:26,903 [main] - Warning, it was impossible to get some EPR.
INFO  2012-03-12 11:07:26,911 [main] - Using default SimpleSoapClient
INFO  2012-03-12 11:07:27,991 [unknown_RequestHandler_7af70000_addTopic] - rename_thread main
INFO  2012-03-12 11:07:28,100 [unknown_RequestHandler_7af70000_addTopic] - Warning, it was impossible to get some EPR.
INFO  2012-03-12 11:07:28,101 [unknown_RequestHandler_7af70000_addTopic] - Using default SimpleSoapClient
INFO  2012-03-12 11:07:28,148 [uva.arrm_RequestHandler_7af70001_isAvailable] - rename_thread unknown_RequestHandler_7af70000_addTopic
INFO  2012-03-12 11:07:28,170 [uva.arrm_RequestHandler_7af70002_createReservation] - rename_thread uva.arrm_RequestHandler_7af70001_isAvailable
INFO  2012-03-12 11:07:28,199 [uva.arrm_RequestHandler_7af70003_getStatus] - rename_thread uva.arrm_RequestHandler_7af70002_createReservation
INFO  2012-03-12 11:07:28,215 [uva.arrm_RequestHandler_7af70004_cancelReservation] - rename_thread uva.arrm_RequestHandler_7af70003_getStatus
INFO  2012-03-12 11:07:28,225 [uva.arrm_RequestHandler_7af70005_getStatus] - rename_thread uva.arrm_RequestHandler_7af70004_cancelReservation
INFO  2012-03-12 11:07:28,234 [uva.arrm_RequestHandler_7af70005_getStatus] - Warning, it was impossible to get some EPR.
INFO  2012-03-12 11:07:28,235 [uva.arrm_RequestHandler_7af70005_getStatus] - Using default SimpleSoapClient
INFO  2012-03-12 11:07:28,239 [uva.arrm_RequestHandler_7af70006_isAvailable] - rename_thread uva.arrm_RequestHandler_7af70005_getStatus
INFO  2012-03-12 11:07:28,255 [uva.arrm_RequestHandler_7af70007_createReservation] - rename_thread uva.arrm_RequestHandler_7af70006_isAvailable
INFO  2012-03-12 11:07:28,270 [uva.arrm_RequestHandler_7af70008_getStatus] - rename_thread uva.arrm_RequestHandler_7af70007_createReservation
INFO  2012-03-12 11:07:28,285 [uva.arrm_RequestHandler_7af70009_cancelReservation] - rename_thread uva.arrm_RequestHandler_7af70008_getStatus
INFO  2012-03-12 11:07:28,294 [uva.arrm_RequestHandler_7af7000a_getStatus] - rename_thread uva.arrm_RequestHandler_7af70009_cancelReservation
INFO  2012-03-12 11:07:28,308 [uva.arrm_RequestHandler_7af7000b_getReservations] - rename_thread uva.arrm_RequestHandler_7af7000a_getStatus
WARN  2012-03-12 11:07:28,310 [uva.arrm_RequestHandler_7af7000b_getReservations] - No such method: eu.ist_phosphorus.harmony.common.serviceinterface.databinding.jaxb.GetReservationsType.getReservationID()
INFO  2012-03-12 11:07:28,324 [uva.arrm_RequestHandler_7af7000b_getReservations] - Warning, it was impossible to get some EPR.
INFO  2012-03-12 11:07:28,325 [uva.arrm_RequestHandler_7af7000b_getReservations] - Using default SimpleSoapClient
INFO  2012-03-12 11:07:28,330 [uva.arrm_RequestHandler_7af7000c_bind] - rename_thread uva.arrm_RequestHandler_7af7000b_getReservations
INFO  2012-03-12 11:07:28,362 [uva.arrm_RequestHandler_7af7000c_bind] - Warning, it was impossible to get some EPR.
INFO  2012-03-12 11:07:28,363 [uva.arrm_RequestHandler_7af7000c_bind] - Using default SimpleSoapClient
INFO  2012-03-12 11:07:28,372 [uva.arrm_RequestHandler_7af7000d_getDomains] - rename_thread uva.arrm_RequestHandler_7af7000c_bind
INFO  2012-03-12 11:07:28,383 [uva.arrm_RequestHandler_7af7000e_getEndpoints] - rename_thread uva.arrm_RequestHandler_7af7000d_getDomains
INFO  2012-03-12 11:07:28,394 [uva.arrm_RequestHandler_7af7000f_getLinks] - rename_thread uva.arrm_RequestHandler_7af7000e_getEndpoints
INFO  2012-03-12 11:07:28,408 [uva.arrm_RequestHandler_7af7000f_getLinks] - Warning, it was impossible to get some EPR.
INFO  2012-03-12 11:07:28,409 [uva.arrm_RequestHandler_7af7000f_getLinks] - Using default SimpleSoapClient
INFO  2012-03-12 11:07:28,415 [uva.arrm_RequestHandler_7af70010_isAvailable] - rename_thread uva.arrm_RequestHandler_7af7000f_getLinks
INFO  2012-03-12 11:07:28,434 [uva.arrm_RequestHandler_7af70011_createReservation] - rename_thread uva.arrm_RequestHandler_7af70010_isAvailable
INFO  2012-03-12 11:07:28,465 [uva.arrm_RequestHandler_7af70012_getReservations] - rename_thread uva.arrm_RequestHandler_7af70011_createReservation
WARN  2012-03-12 11:07:28,468 [uva.arrm_RequestHandler_7af70012_getReservations] - No such method: eu.ist_phosphorus.harmony.common.serviceinterface.databinding.jaxb.GetReservationsType.getReservationID()
INFO  2012-03-12 11:07:28,489 [uva.arrm_RequestHandler_7af70013_getStatus] - rename_thread uva.arrm_RequestHandler_7af70012_getReservations
INFO  2012-03-12 11:07:28,503 [uva.arrm_RequestHandler_7af70014_cancelReservation] - rename_thread uva.arrm_RequestHandler_7af70013_getStatus
INFO  2012-03-12 11:07:28,513 [uva.arrm_RequestHandler_7af70015_getStatus] - rename_thread uva.arrm_RequestHandler_7af70014_cancelReservation
INFO  2012-03-12 11:14:33,406 [main] - Warning, it was impossible to get some EPR.
INFO  2012-03-12 11:14:33,449 [main] - Using default SimpleSoapClient
INFO  2012-03-12 11:14:34,874 [unknown_RequestHandler_fe7a0000_addTopic] - rename_thread main
INFO  2012-03-12 11:14:35,089 [unknown_RequestHandler_fe7a0000_addTopic] - Warning, it was impossible to get some EPR.
INFO  2012-03-12 11:14:35,090 [unknown_RequestHandler_fe7a0000_addTopic] - Using default SimpleSoapClient
INFO  2012-03-12 11:14:35,101 [uva.arrm_RequestHandler_fe7a0001_isAvailable] - rename_thread unknown_RequestHandler_fe7a0000_addTopic
INFO  2012-03-12 11:14:35,123 [uva.arrm_RequestHandler_fe7a0002_createReservation] - rename_thread uva.arrm_RequestHandler_fe7a0001_isAvailable
INFO  2012-03-12 11:14:35,140 [uva.arrm_RequestHandler_fe7a0003_getStatus] - rename_thread uva.arrm_RequestHandler_fe7a0002_createReservation
INFO  2012-03-12 11:14:35,156 [uva.arrm_RequestHandler_fe7a0004_cancelReservation] - rename_thread uva.arrm_RequestHandler_fe7a0003_getStatus
INFO  2012-03-12 11:14:35,167 [uva.arrm_RequestHandler_fe7a0005_getStatus] - rename_thread uva.arrm_RequestHandler_fe7a0004_cancelReservation
INFO  2012-03-12 11:14:35,176 [uva.arrm_RequestHandler_fe7a0005_getStatus] - Warning, it was impossible to get some EPR.
INFO  2012-03-12 11:14:35,177 [uva.arrm_RequestHandler_fe7a0005_getStatus] - Using default SimpleSoapClient
INFO  2012-03-12 11:14:35,182 [uva.arrm_RequestHandler_fe7a0006_isAvailable] - rename_thread uva.arrm_RequestHandler_fe7a0005_getStatus
INFO  2012-03-12 11:14:35,198 [uva.arrm_RequestHandler_fe7a0007_createReservation] - rename_thread uva.arrm_RequestHandler_fe7a0006_isAvailable
INFO  2012-03-12 11:14:35,213 [uva.arrm_RequestHandler_fe7a0008_getStatus] - rename_thread uva.arrm_RequestHandler_fe7a0007_createReservation
INFO  2012-03-12 11:14:35,228 [uva.arrm_RequestHandler_fe7a0009_cancelReservation] - rename_thread uva.arrm_RequestHandler_fe7a0008_getStatus
INFO  2012-03-12 11:14:35,235 [uva.arrm_RequestHandler_fe7a000a_getStatus] - rename_thread uva.arrm_RequestHandler_fe7a0009_cancelReservation
INFO  2012-03-12 11:14:35,251 [uva.arrm_RequestHandler_fe7a000b_getReservations] - rename_thread uva.arrm_RequestHandler_fe7a000a_getStatus
WARN  2012-03-12 11:14:35,252 [uva.arrm_RequestHandler_fe7a000b_getReservations] - No such method: eu.ist_phosphorus.harmony.common.serviceinterface.databinding.jaxb.GetReservationsType.getReservationID()
INFO  2012-03-12 11:14:35,266 [uva.arrm_RequestHandler_fe7a000b_getReservations] - Warning, it was impossible to get some EPR.
INFO  2012-03-12 11:14:35,266 [uva.arrm_RequestHandler_fe7a000b_getReservations] - Using default SimpleSoapClient
INFO  2012-03-12 11:14:35,271 [uva.arrm_RequestHandler_fe7a000c_bind] - rename_thread uva.arrm_RequestHandler_fe7a000b_getReservations
INFO  2012-03-12 11:14:35,342 [uva.arrm_RequestHandler_fe7a000c_bind] - Warning, it was impossible to get some EPR.
INFO  2012-03-12 11:14:35,343 [uva.arrm_RequestHandler_fe7a000c_bind] - Using default SimpleSoapClient
INFO  2012-03-12 11:14:35,364 [uva.arrm_RequestHandler_fe7a000d_getDomains] - rename_thread uva.arrm_RequestHandler_fe7a000c_bind
INFO  2012-03-12 11:14:35,374 [uva.arrm_RequestHandler_fe7a000e_getEndpoints] - rename_thread uva.arrm_RequestHandler_fe7a000d_getDomains
INFO  2012-03-12 11:14:35,390 [uva.arrm_RequestHandler_fe7a000f_getLinks] - rename_thread uva.arrm_RequestHandler_fe7a000e_getEndpoints
INFO  2012-03-12 11:14:35,409 [uva.arrm_RequestHandler_fe7a000f_getLinks] - Warning, it was impossible to get some EPR.
INFO  2012-03-12 11:14:35,410 [uva.arrm_RequestHandler_fe7a000f_getLinks] - Using default SimpleSoapClient
INFO  2012-03-12 11:14:35,416 [uva.arrm_RequestHandler_fe7a0010_isAvailable] - rename_thread uva.arrm_RequestHandler_fe7a000f_getLinks
INFO  2012-03-12 11:14:35,444 [uva.arrm_RequestHandler_fe7a0011_createReservation] - rename_thread uva.arrm_RequestHandler_fe7a0010_isAvailable
INFO  2012-03-12 11:14:35,483 [uva.arrm_RequestHandler_fe7a0012_getReservations] - rename_thread uva.arrm_RequestHandler_fe7a0011_createReservation
WARN  2012-03-12 11:14:35,485 [uva.arrm_RequestHandler_fe7a0012_getReservations] - No such method: eu.ist_phosphorus.harmony.common.serviceinterface.databinding.jaxb.GetReservationsType.getReservationID()
INFO  2012-03-12 11:14:35,506 [uva.arrm_RequestHandler_fe7a0013_getStatus] - rename_thread uva.arrm_RequestHandler_fe7a0012_getReservations
INFO  2012-03-12 11:14:35,519 [uva.arrm_RequestHandler_fe7a0014_cancelReservation] - rename_thread uva.arrm_RequestHandler_fe7a0013_getStatus
INFO  2012-03-12 11:14:35,528 [uva.arrm_RequestHandler_fe7a0015_getStatus] - rename_thread uva.arrm_RequestHandler_fe7a0014_cancelReservation
INFO  2012-03-12 11:15:59,624 [main] - Warning, it was impossible to get some EPR.
INFO  2012-03-12 11:15:59,641 [main] - Using default SimpleSoapClient
INFO  2012-03-12 11:16:00,747 [unknown_RequestHandler_4deb0000_addTopic] - rename_thread main
INFO  2012-03-12 11:16:00,839 [unknown_RequestHandler_4deb0000_addTopic] - Warning, it was impossible to get some EPR.
INFO  2012-03-12 11:16:00,840 [unknown_RequestHandler_4deb0000_addTopic] - Using default SimpleSoapClient
INFO  2012-03-12 11:16:00,854 [uva.arrm_RequestHandler_4deb0001_isAvailable] - rename_thread unknown_RequestHandler_4deb0000_addTopic
INFO  2012-03-12 11:16:00,881 [uva.arrm_RequestHandler_4deb0002_createReservation] - rename_thread uva.arrm_RequestHandler_4deb0001_isAvailable
INFO  2012-03-12 11:16:00,895 [uva.arrm_RequestHandler_4deb0003_getStatus] - rename_thread uva.arrm_RequestHandler_4deb0002_createReservation
INFO  2012-03-12 11:16:00,911 [uva.arrm_RequestHandler_4deb0004_cancelReservation] - rename_thread uva.arrm_RequestHandler_4deb0003_getStatus
INFO  2012-03-12 11:16:00,919 [uva.arrm_RequestHandler_4deb0005_getStatus] - rename_thread uva.arrm_RequestHandler_4deb0004_cancelReservation
INFO  2012-03-12 11:16:00,932 [uva.arrm_RequestHandler_4deb0005_getStatus] - Warning, it was impossible to get some EPR.
INFO  2012-03-12 11:16:00,933 [uva.arrm_RequestHandler_4deb0005_getStatus] - Using default SimpleSoapClient
INFO  2012-03-12 11:16:00,939 [uva.arrm_RequestHandler_4deb0006_isAvailable] - rename_thread uva.arrm_RequestHandler_4deb0005_getStatus
INFO  2012-03-12 11:16:00,957 [uva.arrm_RequestHandler_4deb0007_createReservation] - rename_thread uva.arrm_RequestHandler_4deb0006_isAvailable
INFO  2012-03-12 11:16:00,973 [uva.arrm_RequestHandler_4deb0008_getStatus] - rename_thread uva.arrm_RequestHandler_4deb0007_createReservation
INFO  2012-03-12 11:16:00,985 [uva.arrm_RequestHandler_4deb0009_cancelReservation] - rename_thread uva.arrm_RequestHandler_4deb0008_getStatus
INFO  2012-03-12 11:16:00,993 [uva.arrm_RequestHandler_4deb000a_getStatus] - rename_thread uva.arrm_RequestHandler_4deb0009_cancelReservation
INFO  2012-03-12 11:16:01,010 [uva.arrm_RequestHandler_4deb000b_getReservations] - rename_thread uva.arrm_RequestHandler_4deb000a_getStatus
WARN  2012-03-12 11:16:01,012 [uva.arrm_RequestHandler_4deb000b_getReservations] - No such method: eu.ist_phosphorus.harmony.common.serviceinterface.databinding.jaxb.GetReservationsType.getReservationID()
INFO  2012-03-12 11:16:01,026 [uva.arrm_RequestHandler_4deb000b_getReservations] - Warning, it was impossible to get some EPR.
INFO  2012-03-12 11:16:01,026 [uva.arrm_RequestHandler_4deb000b_getReservations] - Using default SimpleSoapClient
INFO  2012-03-12 11:16:01,030 [uva.arrm_RequestHandler_4deb000c_bind] - rename_thread uva.arrm_RequestHandler_4deb000b_getReservations
INFO  2012-03-12 11:16:01,055 [uva.arrm_RequestHandler_4deb000c_bind] - Warning, it was impossible to get some EPR.
INFO  2012-03-12 11:16:01,056 [uva.arrm_RequestHandler_4deb000c_bind] - Using default SimpleSoapClient
INFO  2012-03-12 11:16:01,064 [uva.arrm_RequestHandler_4deb000d_getDomains] - rename_thread uva.arrm_RequestHandler_4deb000c_bind
INFO  2012-03-12 11:16:01,073 [uva.arrm_RequestHandler_4deb000e_getEndpoints] - rename_thread uva.arrm_RequestHandler_4deb000d_getDomains
INFO  2012-03-12 11:16:01,082 [uva.arrm_RequestHandler_4deb000f_getLinks] - rename_thread uva.arrm_RequestHandler_4deb000e_getEndpoints
INFO  2012-03-12 11:16:01,093 [uva.arrm_RequestHandler_4deb000f_getLinks] - Warning, it was impossible to get some EPR.
INFO  2012-03-12 11:16:01,093 [uva.arrm_RequestHandler_4deb000f_getLinks] - Using default SimpleSoapClient
INFO  2012-03-12 11:16:01,098 [uva.arrm_RequestHandler_4deb0010_isAvailable] - rename_thread uva.arrm_RequestHandler_4deb000f_getLinks
INFO  2012-03-12 11:16:01,114 [uva.arrm_RequestHandler_4deb0011_createReservation] - rename_thread uva.arrm_RequestHandler_4deb0010_isAvailable
INFO  2012-03-12 11:16:01,140 [uva.arrm_RequestHandler_4deb0012_getReservations] - rename_thread uva.arrm_RequestHandler_4deb0011_createReservation
WARN  2012-03-12 11:16:01,141 [uva.arrm_RequestHandler_4deb0012_getReservations] - No such method: eu.ist_phosphorus.harmony.common.serviceinterface.databinding.jaxb.GetReservationsType.getReservationID()
INFO  2012-03-12 11:16:01,157 [uva.arrm_RequestHandler_4deb0013_getStatus] - rename_thread uva.arrm_RequestHandler_4deb0012_getReservations
INFO  2012-03-12 11:16:01,169 [uva.arrm_RequestHandler_4deb0014_cancelReservation] - rename_thread uva.arrm_RequestHandler_4deb0013_getStatus
INFO  2012-03-12 11:16:01,177 [uva.arrm_RequestHandler_4deb0015_getStatus] - rename_thread uva.arrm_RequestHandler_4deb0014_cancelReservation
INFO  2012-03-12 12:37:41,707 [main] - Warning, it was impossible to get some EPR.
INFO  2012-03-12 12:37:41,722 [main] - Using default SimpleSoapClient
INFO  2012-03-12 12:37:42,647 [unknown_RequestHandler_19f70000_addTopic] - rename_thread main
INFO  2012-03-12 12:37:42,725 [unknown_RequestHandler_19f70000_addTopic] - Warning, it was impossible to get some EPR.
INFO  2012-03-12 12:37:42,725 [unknown_RequestHandler_19f70000_addTopic] - Using default SimpleSoapClient
INFO  2012-03-12 12:37:42,736 [uva.arrm_RequestHandler_19f70001_isAvailable] - rename_thread unknown_RequestHandler_19f70000_addTopic
INFO  2012-03-12 12:37:42,756 [uva.arrm_RequestHandler_19f70002_createReservation] - rename_thread uva.arrm_RequestHandler_19f70001_isAvailable
INFO  2012-03-12 12:37:42,777 [uva.arrm_RequestHandler_19f70003_getStatus] - rename_thread uva.arrm_RequestHandler_19f70002_createReservation
INFO  2012-03-12 12:37:42,789 [uva.arrm_RequestHandler_19f70004_cancelReservation] - rename_thread uva.arrm_RequestHandler_19f70003_getStatus
INFO  2012-03-12 12:37:42,800 [uva.arrm_RequestHandler_19f70005_getStatus] - rename_thread uva.arrm_RequestHandler_19f70004_cancelReservation
INFO  2012-03-12 12:37:42,815 [uva.arrm_RequestHandler_19f70005_getStatus] - Warning, it was impossible to get some EPR.
INFO  2012-03-12 12:37:42,815 [uva.arrm_RequestHandler_19f70005_getStatus] - Using default SimpleSoapClient
INFO  2012-03-12 12:37:42,821 [uva.arrm_RequestHandler_19f70006_isAvailable] - rename_thread uva.arrm_RequestHandler_19f70005_getStatus
INFO  2012-03-12 12:37:42,875 [uva.arrm_RequestHandler_19f70007_createReservation] - rename_thread uva.arrm_RequestHandler_19f70006_isAvailable
INFO  2012-03-12 12:37:42,897 [uva.arrm_RequestHandler_19f70008_getStatus] - rename_thread uva.arrm_RequestHandler_19f70007_createReservation
INFO  2012-03-12 12:37:42,911 [uva.arrm_RequestHandler_19f70009_cancelReservation] - rename_thread uva.arrm_RequestHandler_19f70008_getStatus
INFO  2012-03-12 12:37:42,927 [uva.arrm_RequestHandler_19f7000a_getStatus] - rename_thread uva.arrm_RequestHandler_19f70009_cancelReservation
INFO  2012-03-12 12:37:42,948 [uva.arrm_RequestHandler_19f7000b_getReservations] - rename_thread uva.arrm_RequestHandler_19f7000a_getStatus
WARN  2012-03-12 12:37:42,951 [uva.arrm_RequestHandler_19f7000b_getReservations] - No such method: eu.ist_phosphorus.harmony.common.serviceinterface.databinding.jaxb.GetReservationsType.getReservationID()
INFO  2012-03-12 12:37:42,965 [uva.arrm_RequestHandler_19f7000b_getReservations] - Warning, it was impossible to get some EPR.
INFO  2012-03-12 12:37:42,966 [uva.arrm_RequestHandler_19f7000b_getReservations] - Using default SimpleSoapClient
INFO  2012-03-12 12:37:42,972 [uva.arrm_RequestHandler_19f7000c_bind] - rename_thread uva.arrm_RequestHandler_19f7000b_getReservations
INFO  2012-03-12 12:37:43,007 [uva.arrm_RequestHandler_19f7000c_bind] - Warning, it was impossible to get some EPR.
INFO  2012-03-12 12:37:43,008 [uva.arrm_RequestHandler_19f7000c_bind] - Using default SimpleSoapClient
INFO  2012-03-12 12:37:43,031 [uva.arrm_RequestHandler_19f7000d_getDomains] - rename_thread uva.arrm_RequestHandler_19f7000c_bind
INFO  2012-03-12 12:37:43,043 [uva.arrm_RequestHandler_19f7000e_getEndpoints] - rename_thread uva.arrm_RequestHandler_19f7000d_getDomains
INFO  2012-03-12 12:37:43,066 [uva.arrm_RequestHandler_19f7000f_getLinks] - rename_thread uva.arrm_RequestHandler_19f7000e_getEndpoints
INFO  2012-03-12 12:37:43,081 [uva.arrm_RequestHandler_19f7000f_getLinks] - Warning, it was impossible to get some EPR.
INFO  2012-03-12 12:37:43,083 [uva.arrm_RequestHandler_19f7000f_getLinks] - Using default SimpleSoapClient
INFO  2012-03-12 12:37:43,089 [uva.arrm_RequestHandler_19f70010_isAvailable] - rename_thread uva.arrm_RequestHandler_19f7000f_getLinks
INFO  2012-03-12 12:37:43,110 [uva.arrm_RequestHandler_19f70011_createReservation] - rename_thread uva.arrm_RequestHandler_19f70010_isAvailable
INFO  2012-03-12 12:37:43,137 [uva.arrm_RequestHandler_19f70012_getReservations] - rename_thread uva.arrm_RequestHandler_19f70011_createReservation
WARN  2012-03-12 12:37:43,140 [uva.arrm_RequestHandler_19f70012_getReservations] - No such method: eu.ist_phosphorus.harmony.common.serviceinterface.databinding.jaxb.GetReservationsType.getReservationID()
INFO  2012-03-12 12:37:43,173 [uva.arrm_RequestHandler_19f70013_getStatus] - rename_thread uva.arrm_RequestHandler_19f70012_getReservations
INFO  2012-03-12 12:37:43,189 [uva.arrm_RequestHandler_19f70014_cancelReservation] - rename_thread uva.arrm_RequestHandler_19f70013_getStatus
INFO  2012-03-12 12:37:43,215 [uva.arrm_RequestHandler_19f70015_getStatus] - rename_thread uva.arrm_RequestHandler_19f70014_cancelReservation
