INFO  2012-03-12 11:07:26,903 [main] - Warning, it was impossible to get some EPR.
INFO  2012-03-12 11:07:26,911 [main] - Using default SimpleSoapClient
INFO  2012-03-12 11:07:27,991 [unknown_RequestHandler_7af70000_addTopic] - rename_thread main
INFO  2012-03-12 11:07:28,100 [unknown_RequestHandler_7af70000_addTopic] - Warning, it was impossible to get some EPR.
INFO  2012-03-12 11:07:28,101 [unknown_RequestHandler_7af70000_addTopic] - Using default SimpleSoapClient
INFO  2012-03-12 11:07:28,148 [uva.arrm_RequestHandler_7af70001_isAvailable] - rename_thread unknown_RequestHandler_7af70000_addTopic
DEBUG 2012-03-12 11:07:28,156 [uva.arrm_RequestHandler_7af70001_isAvailable] - Checking responsibility for IsAvailableType
DEBUG 2012-03-12 11:07:28,157 [uva.arrm_RequestHandler_7af70001_isAvailable] - IsAvailableType is local request
DEBUG 2012-03-12 11:07:28,157 [uva.arrm_RequestHandler_7af70001_isAvailable] - isAvailable called with following parameter: 
DEBUG 2012-03-12 11:07:28,157 [uva.arrm_RequestHandler_7af70001_isAvailable] -  Type: FIXED
DEBUG 2012-03-12 11:07:28,158 [uva.arrm_RequestHandler_7af70001_isAvailable] -  Start time: 2012-03-12T11:07:28.102+01:00
DEBUG 2012-03-12 11:07:28,158 [uva.arrm_RequestHandler_7af70001_isAvailable] -  Duration: 100
DEBUG 2012-03-12 11:07:28,158 [uva.arrm_RequestHandler_7af70001_isAvailable] -  From: 10.9.1.2
DEBUG 2012-03-12 11:07:28,158 [uva.arrm_RequestHandler_7af70001_isAvailable] -  To: 10.9.1.1
DEBUG 2012-03-12 11:07:28,158 [uva.arrm_RequestHandler_7af70001_isAvailable] -  MinBW: 100
DEBUG 2012-03-12 11:07:28,158 [uva.arrm_RequestHandler_7af70001_isAvailable] -  MaxBW: null
DEBUG 2012-03-12 11:07:28,158 [uva.arrm_RequestHandler_7af70001_isAvailable] -  Delay: 100
INFO  2012-03-12 11:07:28,170 [uva.arrm_RequestHandler_7af70002_createReservation] - rename_thread uva.arrm_RequestHandler_7af70001_isAvailable
DEBUG 2012-03-12 11:07:28,190 [uva.arrm_RequestHandler_7af70002_createReservation] - Checking responsibility for CreateReservationType
DEBUG 2012-03-12 11:07:28,190 [uva.arrm_RequestHandler_7af70002_createReservation] - CreateReservationType is local request
DEBUG 2012-03-12 11:07:28,190 [uva.arrm_RequestHandler_7af70002_createReservation] - createReservation called with following parameter: 
DEBUG 2012-03-12 11:07:28,191 [uva.arrm_RequestHandler_7af70002_createReservation] -  Type: FIXED
DEBUG 2012-03-12 11:07:28,191 [uva.arrm_RequestHandler_7af70002_createReservation] -  Start time: 2012-03-12T11:07:28.166+01:00
DEBUG 2012-03-12 11:07:28,191 [uva.arrm_RequestHandler_7af70002_createReservation] -  Duration: 100
DEBUG 2012-03-12 11:07:28,191 [uva.arrm_RequestHandler_7af70002_createReservation] -  From: 10.9.1.1
DEBUG 2012-03-12 11:07:28,191 [uva.arrm_RequestHandler_7af70002_createReservation] -  To: 10.9.1.2
DEBUG 2012-03-12 11:07:28,191 [uva.arrm_RequestHandler_7af70002_createReservation] -  MinBW: 100
DEBUG 2012-03-12 11:07:28,191 [uva.arrm_RequestHandler_7af70002_createReservation] -  MaxBW: null
DEBUG 2012-03-12 11:07:28,191 [uva.arrm_RequestHandler_7af70002_createReservation] -  Delay: 100
INFO  2012-03-12 11:07:28,199 [uva.arrm_RequestHandler_7af70003_getStatus] - rename_thread uva.arrm_RequestHandler_7af70002_createReservation
DEBUG 2012-03-12 11:07:28,201 [uva.arrm_RequestHandler_7af70003_getStatus] - Checking responsibility for GetStatusType
DEBUG 2012-03-12 11:07:28,201 [uva.arrm_RequestHandler_7af70003_getStatus] - Own: uva.arrm, Req: uva.arrm
DEBUG 2012-03-12 11:07:28,201 [uva.arrm_RequestHandler_7af70003_getStatus] - GetStatusType is local request
INFO  2012-03-12 11:07:28,215 [uva.arrm_RequestHandler_7af70004_cancelReservation] - rename_thread uva.arrm_RequestHandler_7af70003_getStatus
DEBUG 2012-03-12 11:07:28,217 [uva.arrm_RequestHandler_7af70004_cancelReservation] - Checking responsibility for CancelReservationType
DEBUG 2012-03-12 11:07:28,217 [uva.arrm_RequestHandler_7af70004_cancelReservation] - Own: uva.arrm, Req: uva.arrm
DEBUG 2012-03-12 11:07:28,217 [uva.arrm_RequestHandler_7af70004_cancelReservation] - CancelReservationType is local request
DEBUG 2012-03-12 11:07:28,217 [uva.arrm_RequestHandler_7af70004_cancelReservation] - cancelReservation called with following parameter: 
DEBUG 2012-03-12 11:07:28,218 [uva.arrm_RequestHandler_7af70004_cancelReservation] -  GRI: 1
INFO  2012-03-12 11:07:28,225 [uva.arrm_RequestHandler_7af70005_getStatus] - rename_thread uva.arrm_RequestHandler_7af70004_cancelReservation
DEBUG 2012-03-12 11:07:28,226 [uva.arrm_RequestHandler_7af70005_getStatus] - Checking responsibility for GetStatusType
DEBUG 2012-03-12 11:07:28,227 [uva.arrm_RequestHandler_7af70005_getStatus] - Own: uva.arrm, Req: uva.arrm
DEBUG 2012-03-12 11:07:28,227 [uva.arrm_RequestHandler_7af70005_getStatus] - GetStatusType is local request
INFO  2012-03-12 11:07:28,234 [uva.arrm_RequestHandler_7af70005_getStatus] - Warning, it was impossible to get some EPR.
INFO  2012-03-12 11:07:28,235 [uva.arrm_RequestHandler_7af70005_getStatus] - Using default SimpleSoapClient
INFO  2012-03-12 11:07:28,239 [uva.arrm_RequestHandler_7af70006_isAvailable] - rename_thread uva.arrm_RequestHandler_7af70005_getStatus
DEBUG 2012-03-12 11:07:28,242 [uva.arrm_RequestHandler_7af70006_isAvailable] - Checking responsibility for IsAvailableType
DEBUG 2012-03-12 11:07:28,243 [uva.arrm_RequestHandler_7af70006_isAvailable] - IsAvailableType is local request
DEBUG 2012-03-12 11:07:28,243 [uva.arrm_RequestHandler_7af70006_isAvailable] - isAvailable called with following parameter: 
DEBUG 2012-03-12 11:07:28,243 [uva.arrm_RequestHandler_7af70006_isAvailable] -  Type: FIXED
DEBUG 2012-03-12 11:07:28,243 [uva.arrm_RequestHandler_7af70006_isAvailable] -  Start time: 2012-03-12T11:07:28.236+01:00
DEBUG 2012-03-12 11:07:28,243 [uva.arrm_RequestHandler_7af70006_isAvailable] -  Duration: 100
DEBUG 2012-03-12 11:07:28,243 [uva.arrm_RequestHandler_7af70006_isAvailable] -  From: 10.9.1.2
DEBUG 2012-03-12 11:07:28,243 [uva.arrm_RequestHandler_7af70006_isAvailable] -  To: 10.9.1.1
DEBUG 2012-03-12 11:07:28,243 [uva.arrm_RequestHandler_7af70006_isAvailable] -  MinBW: 100
DEBUG 2012-03-12 11:07:28,243 [uva.arrm_RequestHandler_7af70006_isAvailable] -  MaxBW: null
DEBUG 2012-03-12 11:07:28,244 [uva.arrm_RequestHandler_7af70006_isAvailable] -  Delay: 100
INFO  2012-03-12 11:07:28,255 [uva.arrm_RequestHandler_7af70007_createReservation] - rename_thread uva.arrm_RequestHandler_7af70006_isAvailable
DEBUG 2012-03-12 11:07:28,260 [uva.arrm_RequestHandler_7af70007_createReservation] - Checking responsibility for CreateReservationType
DEBUG 2012-03-12 11:07:28,260 [uva.arrm_RequestHandler_7af70007_createReservation] - CreateReservationType is local request
DEBUG 2012-03-12 11:07:28,260 [uva.arrm_RequestHandler_7af70007_createReservation] - createReservation called with following parameter: 
DEBUG 2012-03-12 11:07:28,260 [uva.arrm_RequestHandler_7af70007_createReservation] -  Type: FIXED
DEBUG 2012-03-12 11:07:28,261 [uva.arrm_RequestHandler_7af70007_createReservation] -  Start time: 2012-03-12T11:07:28.251+01:00
DEBUG 2012-03-12 11:07:28,261 [uva.arrm_RequestHandler_7af70007_createReservation] -  Duration: 100
DEBUG 2012-03-12 11:07:28,261 [uva.arrm_RequestHandler_7af70007_createReservation] -  From: 10.9.1.1
DEBUG 2012-03-12 11:07:28,261 [uva.arrm_RequestHandler_7af70007_createReservation] -  To: 10.9.1.2
DEBUG 2012-03-12 11:07:28,261 [uva.arrm_RequestHandler_7af70007_createReservation] -  MinBW: 100
DEBUG 2012-03-12 11:07:28,261 [uva.arrm_RequestHandler_7af70007_createReservation] -  MaxBW: null
DEBUG 2012-03-12 11:07:28,262 [uva.arrm_RequestHandler_7af70007_createReservation] -  Delay: 100
INFO  2012-03-12 11:07:28,270 [uva.arrm_RequestHandler_7af70008_getStatus] - rename_thread uva.arrm_RequestHandler_7af70007_createReservation
DEBUG 2012-03-12 11:07:28,272 [uva.arrm_RequestHandler_7af70008_getStatus] - Checking responsibility for GetStatusType
DEBUG 2012-03-12 11:07:28,272 [uva.arrm_RequestHandler_7af70008_getStatus] - Own: uva.arrm, Req: uva.arrm
DEBUG 2012-03-12 11:07:28,272 [uva.arrm_RequestHandler_7af70008_getStatus] - GetStatusType is local request
INFO  2012-03-12 11:07:28,285 [uva.arrm_RequestHandler_7af70009_cancelReservation] - rename_thread uva.arrm_RequestHandler_7af70008_getStatus
DEBUG 2012-03-12 11:07:28,287 [uva.arrm_RequestHandler_7af70009_cancelReservation] - Checking responsibility for CancelReservationType
DEBUG 2012-03-12 11:07:28,287 [uva.arrm_RequestHandler_7af70009_cancelReservation] - Own: uva.arrm, Req: uva.arrm
DEBUG 2012-03-12 11:07:28,287 [uva.arrm_RequestHandler_7af70009_cancelReservation] - CancelReservationType is local request
DEBUG 2012-03-12 11:07:28,288 [uva.arrm_RequestHandler_7af70009_cancelReservation] - cancelReservation called with following parameter: 
DEBUG 2012-03-12 11:07:28,288 [uva.arrm_RequestHandler_7af70009_cancelReservation] -  GRI: 2
INFO  2012-03-12 11:07:28,294 [uva.arrm_RequestHandler_7af7000a_getStatus] - rename_thread uva.arrm_RequestHandler_7af70009_cancelReservation
DEBUG 2012-03-12 11:07:28,295 [uva.arrm_RequestHandler_7af7000a_getStatus] - Checking responsibility for GetStatusType
DEBUG 2012-03-12 11:07:28,295 [uva.arrm_RequestHandler_7af7000a_getStatus] - Own: uva.arrm, Req: uva.arrm
DEBUG 2012-03-12 11:07:28,295 [uva.arrm_RequestHandler_7af7000a_getStatus] - GetStatusType is local request
INFO  2012-03-12 11:07:28,308 [uva.arrm_RequestHandler_7af7000b_getReservations] - rename_thread uva.arrm_RequestHandler_7af7000a_getStatus
DEBUG 2012-03-12 11:07:28,309 [uva.arrm_RequestHandler_7af7000b_getReservations] - Checking responsibility for GetReservationsType
WARN  2012-03-12 11:07:28,310 [uva.arrm_RequestHandler_7af7000b_getReservations] - No such method: eu.ist_phosphorus.harmony.common.serviceinterface.databinding.jaxb.GetReservationsType.getReservationID()
DEBUG 2012-03-12 11:07:28,310 [uva.arrm_RequestHandler_7af7000b_getReservations] - GetReservationsType is local request
INFO  2012-03-12 11:07:28,324 [uva.arrm_RequestHandler_7af7000b_getReservations] - Warning, it was impossible to get some EPR.
INFO  2012-03-12 11:07:28,325 [uva.arrm_RequestHandler_7af7000b_getReservations] - Using default SimpleSoapClient
INFO  2012-03-12 11:07:28,330 [uva.arrm_RequestHandler_7af7000c_bind] - rename_thread uva.arrm_RequestHandler_7af7000b_getReservations
DEBUG 2012-03-12 11:07:28,332 [uva.arrm_RequestHandler_7af7000c_bind] - Checking responsibility for BindType
DEBUG 2012-03-12 11:07:28,333 [uva.arrm_RequestHandler_7af7000c_bind] - Own: uva.arrm, Req: uva.arrm
DEBUG 2012-03-12 11:07:28,333 [uva.arrm_RequestHandler_7af7000c_bind] - BindType is local request
INFO  2012-03-12 11:07:28,362 [uva.arrm_RequestHandler_7af7000c_bind] - Warning, it was impossible to get some EPR.
INFO  2012-03-12 11:07:28,363 [uva.arrm_RequestHandler_7af7000c_bind] - Using default SimpleSoapClient
INFO  2012-03-12 11:07:28,372 [uva.arrm_RequestHandler_7af7000d_getDomains] - rename_thread uva.arrm_RequestHandler_7af7000c_bind
INFO  2012-03-12 11:07:28,383 [uva.arrm_RequestHandler_7af7000e_getEndpoints] - rename_thread uva.arrm_RequestHandler_7af7000d_getDomains
INFO  2012-03-12 11:07:28,394 [uva.arrm_RequestHandler_7af7000f_getLinks] - rename_thread uva.arrm_RequestHandler_7af7000e_getEndpoints
INFO  2012-03-12 11:07:28,408 [uva.arrm_RequestHandler_7af7000f_getLinks] - Warning, it was impossible to get some EPR.
INFO  2012-03-12 11:07:28,409 [uva.arrm_RequestHandler_7af7000f_getLinks] - Using default SimpleSoapClient
INFO  2012-03-12 11:07:28,415 [uva.arrm_RequestHandler_7af70010_isAvailable] - rename_thread uva.arrm_RequestHandler_7af7000f_getLinks
DEBUG 2012-03-12 11:07:28,419 [uva.arrm_RequestHandler_7af70010_isAvailable] - Checking responsibility for IsAvailableType
DEBUG 2012-03-12 11:07:28,419 [uva.arrm_RequestHandler_7af70010_isAvailable] - IsAvailableType is local request
DEBUG 2012-03-12 11:07:28,419 [uva.arrm_RequestHandler_7af70010_isAvailable] - isAvailable called with following parameter: 
DEBUG 2012-03-12 11:07:28,420 [uva.arrm_RequestHandler_7af70010_isAvailable] -  Type: FIXED
DEBUG 2012-03-12 11:07:28,420 [uva.arrm_RequestHandler_7af70010_isAvailable] -  Start time: 2012-03-12T11:07:28.410+01:00
DEBUG 2012-03-12 11:07:28,420 [uva.arrm_RequestHandler_7af70010_isAvailable] -  Duration: 100
DEBUG 2012-03-12 11:07:28,420 [uva.arrm_RequestHandler_7af70010_isAvailable] -  From: 10.9.1.2
DEBUG 2012-03-12 11:07:28,420 [uva.arrm_RequestHandler_7af70010_isAvailable] -  To: 10.9.1.1
DEBUG 2012-03-12 11:07:28,420 [uva.arrm_RequestHandler_7af70010_isAvailable] -  MinBW: 100
DEBUG 2012-03-12 11:07:28,421 [uva.arrm_RequestHandler_7af70010_isAvailable] -  MaxBW: null
DEBUG 2012-03-12 11:07:28,421 [uva.arrm_RequestHandler_7af70010_isAvailable] -  Delay: 800
INFO  2012-03-12 11:07:28,434 [uva.arrm_RequestHandler_7af70011_createReservation] - rename_thread uva.arrm_RequestHandler_7af70010_isAvailable
DEBUG 2012-03-12 11:07:28,438 [uva.arrm_RequestHandler_7af70011_createReservation] - Checking responsibility for CreateReservationType
DEBUG 2012-03-12 11:07:28,438 [uva.arrm_RequestHandler_7af70011_createReservation] - CreateReservationType is local request
DEBUG 2012-03-12 11:07:28,438 [uva.arrm_RequestHandler_7af70011_createReservation] - createReservation called with following parameter: 
DEBUG 2012-03-12 11:07:28,438 [uva.arrm_RequestHandler_7af70011_createReservation] -  Type: FIXED
DEBUG 2012-03-12 11:07:28,439 [uva.arrm_RequestHandler_7af70011_createReservation] -  Start time: 2012-03-12T11:07:28.429+01:00
DEBUG 2012-03-12 11:07:28,439 [uva.arrm_RequestHandler_7af70011_createReservation] -  Duration: 100
DEBUG 2012-03-12 11:07:28,439 [uva.arrm_RequestHandler_7af70011_createReservation] -  From: 10.9.1.1
DEBUG 2012-03-12 11:07:28,439 [uva.arrm_RequestHandler_7af70011_createReservation] -  To: 10.9.1.2
DEBUG 2012-03-12 11:07:28,439 [uva.arrm_RequestHandler_7af70011_createReservation] -  MinBW: 100
DEBUG 2012-03-12 11:07:28,439 [uva.arrm_RequestHandler_7af70011_createReservation] -  MaxBW: null
DEBUG 2012-03-12 11:07:28,440 [uva.arrm_RequestHandler_7af70011_createReservation] -  Delay: 800
INFO  2012-03-12 11:07:28,465 [uva.arrm_RequestHandler_7af70012_getReservations] - rename_thread uva.arrm_RequestHandler_7af70011_createReservation
DEBUG 2012-03-12 11:07:28,468 [uva.arrm_RequestHandler_7af70012_getReservations] - Checking responsibility for GetReservationsType
WARN  2012-03-12 11:07:28,468 [uva.arrm_RequestHandler_7af70012_getReservations] - No such method: eu.ist_phosphorus.harmony.common.serviceinterface.databinding.jaxb.GetReservationsType.getReservationID()
DEBUG 2012-03-12 11:07:28,468 [uva.arrm_RequestHandler_7af70012_getReservations] - GetReservationsType is local request
DEBUG 2012-03-12 11:07:28,485 [uva.arrm_RequestHandler_7af70012_getReservations] - Found reservation: 1@uva.arrm
DEBUG 2012-03-12 11:07:28,486 [uva.arrm_RequestHandler_7af70012_getReservations] - Found reservation: 2@uva.arrm
DEBUG 2012-03-12 11:07:28,486 [uva.arrm_RequestHandler_7af70012_getReservations] - Found reservation: 3@uva.arrm
INFO  2012-03-12 11:07:28,489 [uva.arrm_RequestHandler_7af70013_getStatus] - rename_thread uva.arrm_RequestHandler_7af70012_getReservations
DEBUG 2012-03-12 11:07:28,491 [uva.arrm_RequestHandler_7af70013_getStatus] - Checking responsibility for GetStatusType
DEBUG 2012-03-12 11:07:28,491 [uva.arrm_RequestHandler_7af70013_getStatus] - Own: uva.arrm, Req: uva.arrm
DEBUG 2012-03-12 11:07:28,491 [uva.arrm_RequestHandler_7af70013_getStatus] - GetStatusType is local request
INFO  2012-03-12 11:07:28,503 [uva.arrm_RequestHandler_7af70014_cancelReservation] - rename_thread uva.arrm_RequestHandler_7af70013_getStatus
DEBUG 2012-03-12 11:07:28,504 [uva.arrm_RequestHandler_7af70014_cancelReservation] - Checking responsibility for CancelReservationType
DEBUG 2012-03-12 11:07:28,504 [uva.arrm_RequestHandler_7af70014_cancelReservation] - Own: uva.arrm, Req: uva.arrm
DEBUG 2012-03-12 11:07:28,505 [uva.arrm_RequestHandler_7af70014_cancelReservation] - CancelReservationType is local request
DEBUG 2012-03-12 11:07:28,505 [uva.arrm_RequestHandler_7af70014_cancelReservation] - cancelReservation called with following parameter: 
DEBUG 2012-03-12 11:07:28,505 [uva.arrm_RequestHandler_7af70014_cancelReservation] -  GRI: 3
INFO  2012-03-12 11:07:28,513 [uva.arrm_RequestHandler_7af70015_getStatus] - rename_thread uva.arrm_RequestHandler_7af70014_cancelReservation
DEBUG 2012-03-12 11:07:28,515 [uva.arrm_RequestHandler_7af70015_getStatus] - Checking responsibility for GetStatusType
DEBUG 2012-03-12 11:07:28,515 [uva.arrm_RequestHandler_7af70015_getStatus] - Own: uva.arrm, Req: uva.arrm
DEBUG 2012-03-12 11:07:28,515 [uva.arrm_RequestHandler_7af70015_getStatus] - GetStatusType is local request
INFO  2012-03-12 11:14:33,406 [main] - Warning, it was impossible to get some EPR.
INFO  2012-03-12 11:14:33,449 [main] - Using default SimpleSoapClient
INFO  2012-03-12 11:14:34,874 [unknown_RequestHandler_fe7a0000_addTopic] - rename_thread main
INFO  2012-03-12 11:14:35,089 [unknown_RequestHandler_fe7a0000_addTopic] - Warning, it was impossible to get some EPR.
INFO  2012-03-12 11:14:35,090 [unknown_RequestHandler_fe7a0000_addTopic] - Using default SimpleSoapClient
INFO  2012-03-12 11:14:35,101 [uva.arrm_RequestHandler_fe7a0001_isAvailable] - rename_thread unknown_RequestHandler_fe7a0000_addTopic
DEBUG 2012-03-12 11:14:35,108 [uva.arrm_RequestHandler_fe7a0001_isAvailable] - Checking responsibility for IsAvailableType
DEBUG 2012-03-12 11:14:35,109 [uva.arrm_RequestHandler_fe7a0001_isAvailable] - IsAvailableType is local request
DEBUG 2012-03-12 11:14:35,109 [uva.arrm_RequestHandler_fe7a0001_isAvailable] - isAvailable called with following parameter: 
DEBUG 2012-03-12 11:14:35,110 [uva.arrm_RequestHandler_fe7a0001_isAvailable] -  Type: FIXED
DEBUG 2012-03-12 11:14:35,110 [uva.arrm_RequestHandler_fe7a0001_isAvailable] -  Start time: 2012-03-12T11:14:35.092+01:00
DEBUG 2012-03-12 11:14:35,110 [uva.arrm_RequestHandler_fe7a0001_isAvailable] -  Duration: 100
DEBUG 2012-03-12 11:14:35,110 [uva.arrm_RequestHandler_fe7a0001_isAvailable] -  From: 10.9.1.2
DEBUG 2012-03-12 11:14:35,110 [uva.arrm_RequestHandler_fe7a0001_isAvailable] -  To: 10.9.1.1
DEBUG 2012-03-12 11:14:35,110 [uva.arrm_RequestHandler_fe7a0001_isAvailable] -  MinBW: 100
DEBUG 2012-03-12 11:14:35,110 [uva.arrm_RequestHandler_fe7a0001_isAvailable] -  MaxBW: null
DEBUG 2012-03-12 11:14:35,111 [uva.arrm_RequestHandler_fe7a0001_isAvailable] -  Delay: 100
INFO  2012-03-12 11:14:35,123 [uva.arrm_RequestHandler_fe7a0002_createReservation] - rename_thread uva.arrm_RequestHandler_fe7a0001_isAvailable
DEBUG 2012-03-12 11:14:35,132 [uva.arrm_RequestHandler_fe7a0002_createReservation] - Checking responsibility for CreateReservationType
DEBUG 2012-03-12 11:14:35,132 [uva.arrm_RequestHandler_fe7a0002_createReservation] - CreateReservationType is local request
DEBUG 2012-03-12 11:14:35,133 [uva.arrm_RequestHandler_fe7a0002_createReservation] - createReservation called with following parameter: 
DEBUG 2012-03-12 11:14:35,133 [uva.arrm_RequestHandler_fe7a0002_createReservation] -  Type: FIXED
DEBUG 2012-03-12 11:14:35,133 [uva.arrm_RequestHandler_fe7a0002_createReservation] -  Start time: 2012-03-12T11:14:35.119+01:00
DEBUG 2012-03-12 11:14:35,133 [uva.arrm_RequestHandler_fe7a0002_createReservation] -  Duration: 100
DEBUG 2012-03-12 11:14:35,133 [uva.arrm_RequestHandler_fe7a0002_createReservation] -  From: 10.9.1.1
DEBUG 2012-03-12 11:14:35,133 [uva.arrm_RequestHandler_fe7a0002_createReservation] -  To: 10.9.1.2
DEBUG 2012-03-12 11:14:35,133 [uva.arrm_RequestHandler_fe7a0002_createReservation] -  MinBW: 100
DEBUG 2012-03-12 11:14:35,133 [uva.arrm_RequestHandler_fe7a0002_createReservation] -  MaxBW: null
DEBUG 2012-03-12 11:14:35,133 [uva.arrm_RequestHandler_fe7a0002_createReservation] -  Delay: 100
INFO  2012-03-12 11:14:35,140 [uva.arrm_RequestHandler_fe7a0003_getStatus] - rename_thread uva.arrm_RequestHandler_fe7a0002_createReservation
DEBUG 2012-03-12 11:14:35,141 [uva.arrm_RequestHandler_fe7a0003_getStatus] - Checking responsibility for GetStatusType
DEBUG 2012-03-12 11:14:35,141 [uva.arrm_RequestHandler_fe7a0003_getStatus] - Own: uva.arrm, Req: uva.arrm
DEBUG 2012-03-12 11:14:35,141 [uva.arrm_RequestHandler_fe7a0003_getStatus] - GetStatusType is local request
INFO  2012-03-12 11:14:35,156 [uva.arrm_RequestHandler_fe7a0004_cancelReservation] - rename_thread uva.arrm_RequestHandler_fe7a0003_getStatus
DEBUG 2012-03-12 11:14:35,158 [uva.arrm_RequestHandler_fe7a0004_cancelReservation] - Checking responsibility for CancelReservationType
DEBUG 2012-03-12 11:14:35,158 [uva.arrm_RequestHandler_fe7a0004_cancelReservation] - Own: uva.arrm, Req: uva.arrm
DEBUG 2012-03-12 11:14:35,158 [uva.arrm_RequestHandler_fe7a0004_cancelReservation] - CancelReservationType is local request
DEBUG 2012-03-12 11:14:35,159 [uva.arrm_RequestHandler_fe7a0004_cancelReservation] - cancelReservation called with following parameter: 
DEBUG 2012-03-12 11:14:35,159 [uva.arrm_RequestHandler_fe7a0004_cancelReservation] -  GRI: 1
INFO  2012-03-12 11:14:35,167 [uva.arrm_RequestHandler_fe7a0005_getStatus] - rename_thread uva.arrm_RequestHandler_fe7a0004_cancelReservation
DEBUG 2012-03-12 11:14:35,168 [uva.arrm_RequestHandler_fe7a0005_getStatus] - Checking responsibility for GetStatusType
DEBUG 2012-03-12 11:14:35,169 [uva.arrm_RequestHandler_fe7a0005_getStatus] - Own: uva.arrm, Req: uva.arrm
DEBUG 2012-03-12 11:14:35,169 [uva.arrm_RequestHandler_fe7a0005_getStatus] - GetStatusType is local request
INFO  2012-03-12 11:14:35,176 [uva.arrm_RequestHandler_fe7a0005_getStatus] - Warning, it was impossible to get some EPR.
INFO  2012-03-12 11:14:35,177 [uva.arrm_RequestHandler_fe7a0005_getStatus] - Using default SimpleSoapClient
INFO  2012-03-12 11:14:35,182 [uva.arrm_RequestHandler_fe7a0006_isAvailable] - rename_thread uva.arrm_RequestHandler_fe7a0005_getStatus
DEBUG 2012-03-12 11:14:35,185 [uva.arrm_RequestHandler_fe7a0006_isAvailable] - Checking responsibility for IsAvailableType
DEBUG 2012-03-12 11:14:35,185 [uva.arrm_RequestHandler_fe7a0006_isAvailable] - IsAvailableType is local request
DEBUG 2012-03-12 11:14:35,185 [uva.arrm_RequestHandler_fe7a0006_isAvailable] - isAvailable called with following parameter: 
DEBUG 2012-03-12 11:14:35,185 [uva.arrm_RequestHandler_fe7a0006_isAvailable] -  Type: FIXED
DEBUG 2012-03-12 11:14:35,185 [uva.arrm_RequestHandler_fe7a0006_isAvailable] -  Start time: 2012-03-12T11:14:35.178+01:00
DEBUG 2012-03-12 11:14:35,185 [uva.arrm_RequestHandler_fe7a0006_isAvailable] -  Duration: 100
DEBUG 2012-03-12 11:14:35,185 [uva.arrm_RequestHandler_fe7a0006_isAvailable] -  From: 10.9.1.2
DEBUG 2012-03-12 11:14:35,186 [uva.arrm_RequestHandler_fe7a0006_isAvailable] -  To: 10.9.1.1
DEBUG 2012-03-12 11:14:35,186 [uva.arrm_RequestHandler_fe7a0006_isAvailable] -  MinBW: 100
DEBUG 2012-03-12 11:14:35,186 [uva.arrm_RequestHandler_fe7a0006_isAvailable] -  MaxBW: null
DEBUG 2012-03-12 11:14:35,186 [uva.arrm_RequestHandler_fe7a0006_isAvailable] -  Delay: 100
INFO  2012-03-12 11:14:35,198 [uva.arrm_RequestHandler_fe7a0007_createReservation] - rename_thread uva.arrm_RequestHandler_fe7a0006_isAvailable
DEBUG 2012-03-12 11:14:35,202 [uva.arrm_RequestHandler_fe7a0007_createReservation] - Checking responsibility for CreateReservationType
DEBUG 2012-03-12 11:14:35,203 [uva.arrm_RequestHandler_fe7a0007_createReservation] - CreateReservationType is local request
DEBUG 2012-03-12 11:14:35,203 [uva.arrm_RequestHandler_fe7a0007_createReservation] - createReservation called with following parameter: 
DEBUG 2012-03-12 11:14:35,203 [uva.arrm_RequestHandler_fe7a0007_createReservation] -  Type: FIXED
DEBUG 2012-03-12 11:14:35,203 [uva.arrm_RequestHandler_fe7a0007_createReservation] -  Start time: 2012-03-12T11:14:35.193+01:00
DEBUG 2012-03-12 11:14:35,203 [uva.arrm_RequestHandler_fe7a0007_createReservation] -  Duration: 100
DEBUG 2012-03-12 11:14:35,204 [uva.arrm_RequestHandler_fe7a0007_createReservation] -  From: 10.9.1.1
DEBUG 2012-03-12 11:14:35,204 [uva.arrm_RequestHandler_fe7a0007_createReservation] -  To: 10.9.1.2
DEBUG 2012-03-12 11:14:35,204 [uva.arrm_RequestHandler_fe7a0007_createReservation] -  MinBW: 100
DEBUG 2012-03-12 11:14:35,204 [uva.arrm_RequestHandler_fe7a0007_createReservation] -  MaxBW: null
DEBUG 2012-03-12 11:14:35,204 [uva.arrm_RequestHandler_fe7a0007_createReservation] -  Delay: 100
INFO  2012-03-12 11:14:35,213 [uva.arrm_RequestHandler_fe7a0008_getStatus] - rename_thread uva.arrm_RequestHandler_fe7a0007_createReservation
DEBUG 2012-03-12 11:14:35,215 [uva.arrm_RequestHandler_fe7a0008_getStatus] - Checking responsibility for GetStatusType
DEBUG 2012-03-12 11:14:35,215 [uva.arrm_RequestHandler_fe7a0008_getStatus] - Own: uva.arrm, Req: uva.arrm
DEBUG 2012-03-12 11:14:35,215 [uva.arrm_RequestHandler_fe7a0008_getStatus] - GetStatusType is local request
INFO  2012-03-12 11:14:35,228 [uva.arrm_RequestHandler_fe7a0009_cancelReservation] - rename_thread uva.arrm_RequestHandler_fe7a0008_getStatus
DEBUG 2012-03-12 11:14:35,229 [uva.arrm_RequestHandler_fe7a0009_cancelReservation] - Checking responsibility for CancelReservationType
DEBUG 2012-03-12 11:14:35,230 [uva.arrm_RequestHandler_fe7a0009_cancelReservation] - Own: uva.arrm, Req: uva.arrm
DEBUG 2012-03-12 11:14:35,230 [uva.arrm_RequestHandler_fe7a0009_cancelReservation] - CancelReservationType is local request
DEBUG 2012-03-12 11:14:35,230 [uva.arrm_RequestHandler_fe7a0009_cancelReservation] - cancelReservation called with following parameter: 
DEBUG 2012-03-12 11:14:35,230 [uva.arrm_RequestHandler_fe7a0009_cancelReservation] -  GRI: 2
INFO  2012-03-12 11:14:35,235 [uva.arrm_RequestHandler_fe7a000a_getStatus] - rename_thread uva.arrm_RequestHandler_fe7a0009_cancelReservation
DEBUG 2012-03-12 11:14:35,236 [uva.arrm_RequestHandler_fe7a000a_getStatus] - Checking responsibility for GetStatusType
DEBUG 2012-03-12 11:14:35,236 [uva.arrm_RequestHandler_fe7a000a_getStatus] - Own: uva.arrm, Req: uva.arrm
DEBUG 2012-03-12 11:14:35,236 [uva.arrm_RequestHandler_fe7a000a_getStatus] - GetStatusType is local request
INFO  2012-03-12 11:14:35,251 [uva.arrm_RequestHandler_fe7a000b_getReservations] - rename_thread uva.arrm_RequestHandler_fe7a000a_getStatus
DEBUG 2012-03-12 11:14:35,252 [uva.arrm_RequestHandler_fe7a000b_getReservations] - Checking responsibility for GetReservationsType
WARN  2012-03-12 11:14:35,252 [uva.arrm_RequestHandler_fe7a000b_getReservations] - No such method: eu.ist_phosphorus.harmony.common.serviceinterface.databinding.jaxb.GetReservationsType.getReservationID()
DEBUG 2012-03-12 11:14:35,253 [uva.arrm_RequestHandler_fe7a000b_getReservations] - GetReservationsType is local request
INFO  2012-03-12 11:14:35,266 [uva.arrm_RequestHandler_fe7a000b_getReservations] - Warning, it was impossible to get some EPR.
INFO  2012-03-12 11:14:35,266 [uva.arrm_RequestHandler_fe7a000b_getReservations] - Using default SimpleSoapClient
INFO  2012-03-12 11:14:35,271 [uva.arrm_RequestHandler_fe7a000c_bind] - rename_thread uva.arrm_RequestHandler_fe7a000b_getReservations
DEBUG 2012-03-12 11:14:35,274 [uva.arrm_RequestHandler_fe7a000c_bind] - Checking responsibility for BindType
DEBUG 2012-03-12 11:14:35,274 [uva.arrm_RequestHandler_fe7a000c_bind] - Own: uva.arrm, Req: uva.arrm
DEBUG 2012-03-12 11:14:35,274 [uva.arrm_RequestHandler_fe7a000c_bind] - BindType is local request
INFO  2012-03-12 11:14:35,342 [uva.arrm_RequestHandler_fe7a000c_bind] - Warning, it was impossible to get some EPR.
INFO  2012-03-12 11:14:35,343 [uva.arrm_RequestHandler_fe7a000c_bind] - Using default SimpleSoapClient
INFO  2012-03-12 11:14:35,364 [uva.arrm_RequestHandler_fe7a000d_getDomains] - rename_thread uva.arrm_RequestHandler_fe7a000c_bind
INFO  2012-03-12 11:14:35,374 [uva.arrm_RequestHandler_fe7a000e_getEndpoints] - rename_thread uva.arrm_RequestHandler_fe7a000d_getDomains
INFO  2012-03-12 11:14:35,390 [uva.arrm_RequestHandler_fe7a000f_getLinks] - rename_thread uva.arrm_RequestHandler_fe7a000e_getEndpoints
INFO  2012-03-12 11:14:35,409 [uva.arrm_RequestHandler_fe7a000f_getLinks] - Warning, it was impossible to get some EPR.
INFO  2012-03-12 11:14:35,410 [uva.arrm_RequestHandler_fe7a000f_getLinks] - Using default SimpleSoapClient
INFO  2012-03-12 11:14:35,416 [uva.arrm_RequestHandler_fe7a0010_isAvailable] - rename_thread uva.arrm_RequestHandler_fe7a000f_getLinks
DEBUG 2012-03-12 11:14:35,420 [uva.arrm_RequestHandler_fe7a0010_isAvailable] - Checking responsibility for IsAvailableType
DEBUG 2012-03-12 11:14:35,429 [uva.arrm_RequestHandler_fe7a0010_isAvailable] - IsAvailableType is local request
DEBUG 2012-03-12 11:14:35,430 [uva.arrm_RequestHandler_fe7a0010_isAvailable] - isAvailable called with following parameter: 
DEBUG 2012-03-12 11:14:35,430 [uva.arrm_RequestHandler_fe7a0010_isAvailable] -  Type: FIXED
DEBUG 2012-03-12 11:14:35,430 [uva.arrm_RequestHandler_fe7a0010_isAvailable] -  Start time: 2012-03-12T11:14:35.412+01:00
DEBUG 2012-03-12 11:14:35,430 [uva.arrm_RequestHandler_fe7a0010_isAvailable] -  Duration: 100
DEBUG 2012-03-12 11:14:35,430 [uva.arrm_RequestHandler_fe7a0010_isAvailable] -  From: 10.9.1.2
DEBUG 2012-03-12 11:14:35,431 [uva.arrm_RequestHandler_fe7a0010_isAvailable] -  To: 10.9.1.1
DEBUG 2012-03-12 11:14:35,431 [uva.arrm_RequestHandler_fe7a0010_isAvailable] -  MinBW: 100
DEBUG 2012-03-12 11:14:35,431 [uva.arrm_RequestHandler_fe7a0010_isAvailable] -  MaxBW: null
DEBUG 2012-03-12 11:14:35,431 [uva.arrm_RequestHandler_fe7a0010_isAvailable] -  Delay: 800
INFO  2012-03-12 11:14:35,444 [uva.arrm_RequestHandler_fe7a0011_createReservation] - rename_thread uva.arrm_RequestHandler_fe7a0010_isAvailable
DEBUG 2012-03-12 11:14:35,449 [uva.arrm_RequestHandler_fe7a0011_createReservation] - Checking responsibility for CreateReservationType
DEBUG 2012-03-12 11:14:35,449 [uva.arrm_RequestHandler_fe7a0011_createReservation] - CreateReservationType is local request
DEBUG 2012-03-12 11:14:35,449 [uva.arrm_RequestHandler_fe7a0011_createReservation] - createReservation called with following parameter: 
DEBUG 2012-03-12 11:14:35,449 [uva.arrm_RequestHandler_fe7a0011_createReservation] -  Type: FIXED
DEBUG 2012-03-12 11:14:35,450 [uva.arrm_RequestHandler_fe7a0011_createReservation] -  Start time: 2012-03-12T11:14:35.440+01:00
DEBUG 2012-03-12 11:14:35,450 [uva.arrm_RequestHandler_fe7a0011_createReservation] -  Duration: 100
DEBUG 2012-03-12 11:14:35,450 [uva.arrm_RequestHandler_fe7a0011_createReservation] -  From: 10.9.1.1
DEBUG 2012-03-12 11:14:35,450 [uva.arrm_RequestHandler_fe7a0011_createReservation] -  To: 10.9.1.2
DEBUG 2012-03-12 11:14:35,450 [uva.arrm_RequestHandler_fe7a0011_createReservation] -  MinBW: 100
DEBUG 2012-03-12 11:14:35,450 [uva.arrm_RequestHandler_fe7a0011_createReservation] -  MaxBW: null
DEBUG 2012-03-12 11:14:35,451 [uva.arrm_RequestHandler_fe7a0011_createReservation] -  Delay: 800
INFO  2012-03-12 11:14:35,483 [uva.arrm_RequestHandler_fe7a0012_getReservations] - rename_thread uva.arrm_RequestHandler_fe7a0011_createReservation
DEBUG 2012-03-12 11:14:35,485 [uva.arrm_RequestHandler_fe7a0012_getReservations] - Checking responsibility for GetReservationsType
WARN  2012-03-12 11:14:35,485 [uva.arrm_RequestHandler_fe7a0012_getReservations] - No such method: eu.ist_phosphorus.harmony.common.serviceinterface.databinding.jaxb.GetReservationsType.getReservationID()
DEBUG 2012-03-12 11:14:35,486 [uva.arrm_RequestHandler_fe7a0012_getReservations] - GetReservationsType is local request
DEBUG 2012-03-12 11:14:35,502 [uva.arrm_RequestHandler_fe7a0012_getReservations] - Found reservation: 1@uva.arrm
DEBUG 2012-03-12 11:14:35,503 [uva.arrm_RequestHandler_fe7a0012_getReservations] - Found reservation: 2@uva.arrm
DEBUG 2012-03-12 11:14:35,503 [uva.arrm_RequestHandler_fe7a0012_getReservations] - Found reservation: 3@uva.arrm
INFO  2012-03-12 11:14:35,506 [uva.arrm_RequestHandler_fe7a0013_getStatus] - rename_thread uva.arrm_RequestHandler_fe7a0012_getReservations
DEBUG 2012-03-12 11:14:35,508 [uva.arrm_RequestHandler_fe7a0013_getStatus] - Checking responsibility for GetStatusType
DEBUG 2012-03-12 11:14:35,508 [uva.arrm_RequestHandler_fe7a0013_getStatus] - Own: uva.arrm, Req: uva.arrm
DEBUG 2012-03-12 11:14:35,508 [uva.arrm_RequestHandler_fe7a0013_getStatus] - GetStatusType is local request
INFO  2012-03-12 11:14:35,519 [uva.arrm_RequestHandler_fe7a0014_cancelReservation] - rename_thread uva.arrm_RequestHandler_fe7a0013_getStatus
DEBUG 2012-03-12 11:14:35,521 [uva.arrm_RequestHandler_fe7a0014_cancelReservation] - Checking responsibility for CancelReservationType
DEBUG 2012-03-12 11:14:35,521 [uva.arrm_RequestHandler_fe7a0014_cancelReservation] - Own: uva.arrm, Req: uva.arrm
DEBUG 2012-03-12 11:14:35,521 [uva.arrm_RequestHandler_fe7a0014_cancelReservation] - CancelReservationType is local request
DEBUG 2012-03-12 11:14:35,522 [uva.arrm_RequestHandler_fe7a0014_cancelReservation] - cancelReservation called with following parameter: 
DEBUG 2012-03-12 11:14:35,522 [uva.arrm_RequestHandler_fe7a0014_cancelReservation] -  GRI: 3
INFO  2012-03-12 11:14:35,528 [uva.arrm_RequestHandler_fe7a0015_getStatus] - rename_thread uva.arrm_RequestHandler_fe7a0014_cancelReservation
DEBUG 2012-03-12 11:14:35,530 [uva.arrm_RequestHandler_fe7a0015_getStatus] - Checking responsibility for GetStatusType
DEBUG 2012-03-12 11:14:35,530 [uva.arrm_RequestHandler_fe7a0015_getStatus] - Own: uva.arrm, Req: uva.arrm
DEBUG 2012-03-12 11:14:35,530 [uva.arrm_RequestHandler_fe7a0015_getStatus] - GetStatusType is local request
INFO  2012-03-12 11:15:59,624 [main] - Warning, it was impossible to get some EPR.
INFO  2012-03-12 11:15:59,641 [main] - Using default SimpleSoapClient
INFO  2012-03-12 11:16:00,747 [unknown_RequestHandler_4deb0000_addTopic] - rename_thread main
INFO  2012-03-12 11:16:00,839 [unknown_RequestHandler_4deb0000_addTopic] - Warning, it was impossible to get some EPR.
INFO  2012-03-12 11:16:00,840 [unknown_RequestHandler_4deb0000_addTopic] - Using default SimpleSoapClient
INFO  2012-03-12 11:16:00,854 [uva.arrm_RequestHandler_4deb0001_isAvailable] - rename_thread unknown_RequestHandler_4deb0000_addTopic
DEBUG 2012-03-12 11:16:00,862 [uva.arrm_RequestHandler_4deb0001_isAvailable] - Checking responsibility for IsAvailableType
DEBUG 2012-03-12 11:16:00,863 [uva.arrm_RequestHandler_4deb0001_isAvailable] - IsAvailableType is local request
DEBUG 2012-03-12 11:16:00,863 [uva.arrm_RequestHandler_4deb0001_isAvailable] - isAvailable called with following parameter: 
DEBUG 2012-03-12 11:16:00,863 [uva.arrm_RequestHandler_4deb0001_isAvailable] -  Type: FIXED
DEBUG 2012-03-12 11:16:00,864 [uva.arrm_RequestHandler_4deb0001_isAvailable] -  Start time: 2012-03-12T11:16:00.843+01:00
DEBUG 2012-03-12 11:16:00,864 [uva.arrm_RequestHandler_4deb0001_isAvailable] -  Duration: 100
DEBUG 2012-03-12 11:16:00,864 [uva.arrm_RequestHandler_4deb0001_isAvailable] -  From: 10.9.1.2
DEBUG 2012-03-12 11:16:00,864 [uva.arrm_RequestHandler_4deb0001_isAvailable] -  To: 10.9.1.1
DEBUG 2012-03-12 11:16:00,864 [uva.arrm_RequestHandler_4deb0001_isAvailable] -  MinBW: 100
DEBUG 2012-03-12 11:16:00,865 [uva.arrm_RequestHandler_4deb0001_isAvailable] -  MaxBW: null
DEBUG 2012-03-12 11:16:00,865 [uva.arrm_RequestHandler_4deb0001_isAvailable] -  Delay: 100
INFO  2012-03-12 11:16:00,881 [uva.arrm_RequestHandler_4deb0002_createReservation] - rename_thread uva.arrm_RequestHandler_4deb0001_isAvailable
DEBUG 2012-03-12 11:16:00,888 [uva.arrm_RequestHandler_4deb0002_createReservation] - Checking responsibility for CreateReservationType
DEBUG 2012-03-12 11:16:00,888 [uva.arrm_RequestHandler_4deb0002_createReservation] - CreateReservationType is local request
DEBUG 2012-03-12 11:16:00,889 [uva.arrm_RequestHandler_4deb0002_createReservation] - createReservation called with following parameter: 
DEBUG 2012-03-12 11:16:00,889 [uva.arrm_RequestHandler_4deb0002_createReservation] -  Type: FIXED
DEBUG 2012-03-12 11:16:00,889 [uva.arrm_RequestHandler_4deb0002_createReservation] -  Start time: 2012-03-12T11:16:00.876+01:00
DEBUG 2012-03-12 11:16:00,889 [uva.arrm_RequestHandler_4deb0002_createReservation] -  Duration: 100
DEBUG 2012-03-12 11:16:00,889 [uva.arrm_RequestHandler_4deb0002_createReservation] -  From: 10.9.1.1
DEBUG 2012-03-12 11:16:00,889 [uva.arrm_RequestHandler_4deb0002_createReservation] -  To: 10.9.1.2
DEBUG 2012-03-12 11:16:00,889 [uva.arrm_RequestHandler_4deb0002_createReservation] -  MinBW: 100
DEBUG 2012-03-12 11:16:00,889 [uva.arrm_RequestHandler_4deb0002_createReservation] -  MaxBW: null
DEBUG 2012-03-12 11:16:00,889 [uva.arrm_RequestHandler_4deb0002_createReservation] -  Delay: 100
INFO  2012-03-12 11:16:00,895 [uva.arrm_RequestHandler_4deb0003_getStatus] - rename_thread uva.arrm_RequestHandler_4deb0002_createReservation
DEBUG 2012-03-12 11:16:00,897 [uva.arrm_RequestHandler_4deb0003_getStatus] - Checking responsibility for GetStatusType
DEBUG 2012-03-12 11:16:00,897 [uva.arrm_RequestHandler_4deb0003_getStatus] - Own: uva.arrm, Req: uva.arrm
DEBUG 2012-03-12 11:16:00,897 [uva.arrm_RequestHandler_4deb0003_getStatus] - GetStatusType is local request
INFO  2012-03-12 11:16:00,911 [uva.arrm_RequestHandler_4deb0004_cancelReservation] - rename_thread uva.arrm_RequestHandler_4deb0003_getStatus
DEBUG 2012-03-12 11:16:00,912 [uva.arrm_RequestHandler_4deb0004_cancelReservation] - Checking responsibility for CancelReservationType
DEBUG 2012-03-12 11:16:00,912 [uva.arrm_RequestHandler_4deb0004_cancelReservation] - Own: uva.arrm, Req: uva.arrm
DEBUG 2012-03-12 11:16:00,912 [uva.arrm_RequestHandler_4deb0004_cancelReservation] - CancelReservationType is local request
DEBUG 2012-03-12 11:16:00,912 [uva.arrm_RequestHandler_4deb0004_cancelReservation] - cancelReservation called with following parameter: 
DEBUG 2012-03-12 11:16:00,913 [uva.arrm_RequestHandler_4deb0004_cancelReservation] -  GRI: 1
INFO  2012-03-12 11:16:00,919 [uva.arrm_RequestHandler_4deb0005_getStatus] - rename_thread uva.arrm_RequestHandler_4deb0004_cancelReservation
DEBUG 2012-03-12 11:16:00,920 [uva.arrm_RequestHandler_4deb0005_getStatus] - Checking responsibility for GetStatusType
DEBUG 2012-03-12 11:16:00,920 [uva.arrm_RequestHandler_4deb0005_getStatus] - Own: uva.arrm, Req: uva.arrm
DEBUG 2012-03-12 11:16:00,920 [uva.arrm_RequestHandler_4deb0005_getStatus] - GetStatusType is local request
INFO  2012-03-12 11:16:00,932 [uva.arrm_RequestHandler_4deb0005_getStatus] - Warning, it was impossible to get some EPR.
INFO  2012-03-12 11:16:00,933 [uva.arrm_RequestHandler_4deb0005_getStatus] - Using default SimpleSoapClient
INFO  2012-03-12 11:16:00,939 [uva.arrm_RequestHandler_4deb0006_isAvailable] - rename_thread uva.arrm_RequestHandler_4deb0005_getStatus
DEBUG 2012-03-12 11:16:00,943 [uva.arrm_RequestHandler_4deb0006_isAvailable] - Checking responsibility for IsAvailableType
DEBUG 2012-03-12 11:16:00,943 [uva.arrm_RequestHandler_4deb0006_isAvailable] - IsAvailableType is local request
DEBUG 2012-03-12 11:16:00,943 [uva.arrm_RequestHandler_4deb0006_isAvailable] - isAvailable called with following parameter: 
DEBUG 2012-03-12 11:16:00,943 [uva.arrm_RequestHandler_4deb0006_isAvailable] -  Type: FIXED
DEBUG 2012-03-12 11:16:00,943 [uva.arrm_RequestHandler_4deb0006_isAvailable] -  Start time: 2012-03-12T11:16:00.935+01:00
DEBUG 2012-03-12 11:16:00,944 [uva.arrm_RequestHandler_4deb0006_isAvailable] -  Duration: 100
DEBUG 2012-03-12 11:16:00,944 [uva.arrm_RequestHandler_4deb0006_isAvailable] -  From: 10.9.1.2
DEBUG 2012-03-12 11:16:00,944 [uva.arrm_RequestHandler_4deb0006_isAvailable] -  To: 10.9.1.1
DEBUG 2012-03-12 11:16:00,944 [uva.arrm_RequestHandler_4deb0006_isAvailable] -  MinBW: 100
DEBUG 2012-03-12 11:16:00,944 [uva.arrm_RequestHandler_4deb0006_isAvailable] -  MaxBW: null
DEBUG 2012-03-12 11:16:00,944 [uva.arrm_RequestHandler_4deb0006_isAvailable] -  Delay: 100
INFO  2012-03-12 11:16:00,957 [uva.arrm_RequestHandler_4deb0007_createReservation] - rename_thread uva.arrm_RequestHandler_4deb0006_isAvailable
DEBUG 2012-03-12 11:16:00,962 [uva.arrm_RequestHandler_4deb0007_createReservation] - Checking responsibility for CreateReservationType
DEBUG 2012-03-12 11:16:00,962 [uva.arrm_RequestHandler_4deb0007_createReservation] - CreateReservationType is local request
DEBUG 2012-03-12 11:16:00,962 [uva.arrm_RequestHandler_4deb0007_createReservation] - createReservation called with following parameter: 
DEBUG 2012-03-12 11:16:00,963 [uva.arrm_RequestHandler_4deb0007_createReservation] -  Type: FIXED
DEBUG 2012-03-12 11:16:00,963 [uva.arrm_RequestHandler_4deb0007_createReservation] -  Start time: 2012-03-12T11:16:00.952+01:00
DEBUG 2012-03-12 11:16:00,963 [uva.arrm_RequestHandler_4deb0007_createReservation] -  Duration: 100
DEBUG 2012-03-12 11:16:00,963 [uva.arrm_RequestHandler_4deb0007_createReservation] -  From: 10.9.1.1
DEBUG 2012-03-12 11:16:00,963 [uva.arrm_RequestHandler_4deb0007_createReservation] -  To: 10.9.1.2
DEBUG 2012-03-12 11:16:00,964 [uva.arrm_RequestHandler_4deb0007_createReservation] -  MinBW: 100
DEBUG 2012-03-12 11:16:00,964 [uva.arrm_RequestHandler_4deb0007_createReservation] -  MaxBW: null
DEBUG 2012-03-12 11:16:00,964 [uva.arrm_RequestHandler_4deb0007_createReservation] -  Delay: 100
INFO  2012-03-12 11:16:00,973 [uva.arrm_RequestHandler_4deb0008_getStatus] - rename_thread uva.arrm_RequestHandler_4deb0007_createReservation
DEBUG 2012-03-12 11:16:00,975 [uva.arrm_RequestHandler_4deb0008_getStatus] - Checking responsibility for GetStatusType
DEBUG 2012-03-12 11:16:00,975 [uva.arrm_RequestHandler_4deb0008_getStatus] - Own: uva.arrm, Req: uva.arrm
DEBUG 2012-03-12 11:16:00,975 [uva.arrm_RequestHandler_4deb0008_getStatus] - GetStatusType is local request
INFO  2012-03-12 11:16:00,985 [uva.arrm_RequestHandler_4deb0009_cancelReservation] - rename_thread uva.arrm_RequestHandler_4deb0008_getStatus
DEBUG 2012-03-12 11:16:00,986 [uva.arrm_RequestHandler_4deb0009_cancelReservation] - Checking responsibility for CancelReservationType
DEBUG 2012-03-12 11:16:00,986 [uva.arrm_RequestHandler_4deb0009_cancelReservation] - Own: uva.arrm, Req: uva.arrm
DEBUG 2012-03-12 11:16:00,986 [uva.arrm_RequestHandler_4deb0009_cancelReservation] - CancelReservationType is local request
DEBUG 2012-03-12 11:16:00,986 [uva.arrm_RequestHandler_4deb0009_cancelReservation] - cancelReservation called with following parameter: 
DEBUG 2012-03-12 11:16:00,987 [uva.arrm_RequestHandler_4deb0009_cancelReservation] -  GRI: 2
INFO  2012-03-12 11:16:00,993 [uva.arrm_RequestHandler_4deb000a_getStatus] - rename_thread uva.arrm_RequestHandler_4deb0009_cancelReservation
DEBUG 2012-03-12 11:16:00,995 [uva.arrm_RequestHandler_4deb000a_getStatus] - Checking responsibility for GetStatusType
DEBUG 2012-03-12 11:16:00,995 [uva.arrm_RequestHandler_4deb000a_getStatus] - Own: uva.arrm, Req: uva.arrm
DEBUG 2012-03-12 11:16:00,995 [uva.arrm_RequestHandler_4deb000a_getStatus] - GetStatusType is local request
INFO  2012-03-12 11:16:01,010 [uva.arrm_RequestHandler_4deb000b_getReservations] - rename_thread uva.arrm_RequestHandler_4deb000a_getStatus
DEBUG 2012-03-12 11:16:01,012 [uva.arrm_RequestHandler_4deb000b_getReservations] - Checking responsibility for GetReservationsType
WARN  2012-03-12 11:16:01,012 [uva.arrm_RequestHandler_4deb000b_getReservations] - No such method: eu.ist_phosphorus.harmony.common.serviceinterface.databinding.jaxb.GetReservationsType.getReservationID()
DEBUG 2012-03-12 11:16:01,012 [uva.arrm_RequestHandler_4deb000b_getReservations] - GetReservationsType is local request
INFO  2012-03-12 11:16:01,026 [uva.arrm_RequestHandler_4deb000b_getReservations] - Warning, it was impossible to get some EPR.
INFO  2012-03-12 11:16:01,026 [uva.arrm_RequestHandler_4deb000b_getReservations] - Using default SimpleSoapClient
INFO  2012-03-12 11:16:01,030 [uva.arrm_RequestHandler_4deb000c_bind] - rename_thread uva.arrm_RequestHandler_4deb000b_getReservations
DEBUG 2012-03-12 11:16:01,032 [uva.arrm_RequestHandler_4deb000c_bind] - Checking responsibility for BindType
DEBUG 2012-03-12 11:16:01,033 [uva.arrm_RequestHandler_4deb000c_bind] - Own: uva.arrm, Req: uva.arrm
DEBUG 2012-03-12 11:16:01,033 [uva.arrm_RequestHandler_4deb000c_bind] - BindType is local request
INFO  2012-03-12 11:16:01,055 [uva.arrm_RequestHandler_4deb000c_bind] - Warning, it was impossible to get some EPR.
INFO  2012-03-12 11:16:01,056 [uva.arrm_RequestHandler_4deb000c_bind] - Using default SimpleSoapClient
INFO  2012-03-12 11:16:01,064 [uva.arrm_RequestHandler_4deb000d_getDomains] - rename_thread uva.arrm_RequestHandler_4deb000c_bind
INFO  2012-03-12 11:16:01,073 [uva.arrm_RequestHandler_4deb000e_getEndpoints] - rename_thread uva.arrm_RequestHandler_4deb000d_getDomains
INFO  2012-03-12 11:16:01,082 [uva.arrm_RequestHandler_4deb000f_getLinks] - rename_thread uva.arrm_RequestHandler_4deb000e_getEndpoints
INFO  2012-03-12 11:16:01,093 [uva.arrm_RequestHandler_4deb000f_getLinks] - Warning, it was impossible to get some EPR.
INFO  2012-03-12 11:16:01,093 [uva.arrm_RequestHandler_4deb000f_getLinks] - Using default SimpleSoapClient
INFO  2012-03-12 11:16:01,098 [uva.arrm_RequestHandler_4deb0010_isAvailable] - rename_thread uva.arrm_RequestHandler_4deb000f_getLinks
DEBUG 2012-03-12 11:16:01,101 [uva.arrm_RequestHandler_4deb0010_isAvailable] - Checking responsibility for IsAvailableType
DEBUG 2012-03-12 11:16:01,101 [uva.arrm_RequestHandler_4deb0010_isAvailable] - IsAvailableType is local request
DEBUG 2012-03-12 11:16:01,101 [uva.arrm_RequestHandler_4deb0010_isAvailable] - isAvailable called with following parameter: 
DEBUG 2012-03-12 11:16:01,101 [uva.arrm_RequestHandler_4deb0010_isAvailable] -  Type: FIXED
DEBUG 2012-03-12 11:16:01,102 [uva.arrm_RequestHandler_4deb0010_isAvailable] -  Start time: 2012-03-12T11:16:01.094+01:00
DEBUG 2012-03-12 11:16:01,102 [uva.arrm_RequestHandler_4deb0010_isAvailable] -  Duration: 100
DEBUG 2012-03-12 11:16:01,102 [uva.arrm_RequestHandler_4deb0010_isAvailable] -  From: 10.9.1.2
DEBUG 2012-03-12 11:16:01,102 [uva.arrm_RequestHandler_4deb0010_isAvailable] -  To: 10.9.1.1
DEBUG 2012-03-12 11:16:01,102 [uva.arrm_RequestHandler_4deb0010_isAvailable] -  MinBW: 100
DEBUG 2012-03-12 11:16:01,102 [uva.arrm_RequestHandler_4deb0010_isAvailable] -  MaxBW: null
DEBUG 2012-03-12 11:16:01,102 [uva.arrm_RequestHandler_4deb0010_isAvailable] -  Delay: 800
INFO  2012-03-12 11:16:01,114 [uva.arrm_RequestHandler_4deb0011_createReservation] - rename_thread uva.arrm_RequestHandler_4deb0010_isAvailable
DEBUG 2012-03-12 11:16:01,118 [uva.arrm_RequestHandler_4deb0011_createReservation] - Checking responsibility for CreateReservationType
DEBUG 2012-03-12 11:16:01,118 [uva.arrm_RequestHandler_4deb0011_createReservation] - CreateReservationType is local request
DEBUG 2012-03-12 11:16:01,118 [uva.arrm_RequestHandler_4deb0011_createReservation] - createReservation called with following parameter: 
DEBUG 2012-03-12 11:16:01,118 [uva.arrm_RequestHandler_4deb0011_createReservation] -  Type: FIXED
DEBUG 2012-03-12 11:16:01,118 [uva.arrm_RequestHandler_4deb0011_createReservation] -  Start time: 2012-03-12T11:16:01.110+01:00
DEBUG 2012-03-12 11:16:01,118 [uva.arrm_RequestHandler_4deb0011_createReservation] -  Duration: 100
DEBUG 2012-03-12 11:16:01,118 [uva.arrm_RequestHandler_4deb0011_createReservation] -  From: 10.9.1.1
DEBUG 2012-03-12 11:16:01,119 [uva.arrm_RequestHandler_4deb0011_createReservation] -  To: 10.9.1.2
DEBUG 2012-03-12 11:16:01,119 [uva.arrm_RequestHandler_4deb0011_createReservation] -  MinBW: 100
DEBUG 2012-03-12 11:16:01,119 [uva.arrm_RequestHandler_4deb0011_createReservation] -  MaxBW: null
DEBUG 2012-03-12 11:16:01,119 [uva.arrm_RequestHandler_4deb0011_createReservation] -  Delay: 800
INFO  2012-03-12 11:16:01,140 [uva.arrm_RequestHandler_4deb0012_getReservations] - rename_thread uva.arrm_RequestHandler_4deb0011_createReservation
DEBUG 2012-03-12 11:16:01,141 [uva.arrm_RequestHandler_4deb0012_getReservations] - Checking responsibility for GetReservationsType
WARN  2012-03-12 11:16:01,141 [uva.arrm_RequestHandler_4deb0012_getReservations] - No such method: eu.ist_phosphorus.harmony.common.serviceinterface.databinding.jaxb.GetReservationsType.getReservationID()
DEBUG 2012-03-12 11:16:01,141 [uva.arrm_RequestHandler_4deb0012_getReservations] - GetReservationsType is local request
DEBUG 2012-03-12 11:16:01,154 [uva.arrm_RequestHandler_4deb0012_getReservations] - Found reservation: 1@uva.arrm
DEBUG 2012-03-12 11:16:01,154 [uva.arrm_RequestHandler_4deb0012_getReservations] - Found reservation: 2@uva.arrm
DEBUG 2012-03-12 11:16:01,154 [uva.arrm_RequestHandler_4deb0012_getReservations] - Found reservation: 3@uva.arrm
INFO  2012-03-12 11:16:01,157 [uva.arrm_RequestHandler_4deb0013_getStatus] - rename_thread uva.arrm_RequestHandler_4deb0012_getReservations
DEBUG 2012-03-12 11:16:01,158 [uva.arrm_RequestHandler_4deb0013_getStatus] - Checking responsibility for GetStatusType
DEBUG 2012-03-12 11:16:01,158 [uva.arrm_RequestHandler_4deb0013_getStatus] - Own: uva.arrm, Req: uva.arrm
DEBUG 2012-03-12 11:16:01,158 [uva.arrm_RequestHandler_4deb0013_getStatus] - GetStatusType is local request
INFO  2012-03-12 11:16:01,169 [uva.arrm_RequestHandler_4deb0014_cancelReservation] - rename_thread uva.arrm_RequestHandler_4deb0013_getStatus
DEBUG 2012-03-12 11:16:01,170 [uva.arrm_RequestHandler_4deb0014_cancelReservation] - Checking responsibility for CancelReservationType
DEBUG 2012-03-12 11:16:01,171 [uva.arrm_RequestHandler_4deb0014_cancelReservation] - Own: uva.arrm, Req: uva.arrm
DEBUG 2012-03-12 11:16:01,171 [uva.arrm_RequestHandler_4deb0014_cancelReservation] - CancelReservationType is local request
DEBUG 2012-03-12 11:16:01,171 [uva.arrm_RequestHandler_4deb0014_cancelReservation] - cancelReservation called with following parameter: 
DEBUG 2012-03-12 11:16:01,171 [uva.arrm_RequestHandler_4deb0014_cancelReservation] -  GRI: 3
INFO  2012-03-12 11:16:01,177 [uva.arrm_RequestHandler_4deb0015_getStatus] - rename_thread uva.arrm_RequestHandler_4deb0014_cancelReservation
DEBUG 2012-03-12 11:16:01,178 [uva.arrm_RequestHandler_4deb0015_getStatus] - Checking responsibility for GetStatusType
DEBUG 2012-03-12 11:16:01,178 [uva.arrm_RequestHandler_4deb0015_getStatus] - Own: uva.arrm, Req: uva.arrm
DEBUG 2012-03-12 11:16:01,178 [uva.arrm_RequestHandler_4deb0015_getStatus] - GetStatusType is local request
INFO  2012-03-12 12:37:41,707 [main] - Warning, it was impossible to get some EPR.
INFO  2012-03-12 12:37:41,722 [main] - Using default SimpleSoapClient
INFO  2012-03-12 12:37:42,647 [unknown_RequestHandler_19f70000_addTopic] - rename_thread main
INFO  2012-03-12 12:37:42,725 [unknown_RequestHandler_19f70000_addTopic] - Warning, it was impossible to get some EPR.
INFO  2012-03-12 12:37:42,725 [unknown_RequestHandler_19f70000_addTopic] - Using default SimpleSoapClient
INFO  2012-03-12 12:37:42,736 [uva.arrm_RequestHandler_19f70001_isAvailable] - rename_thread unknown_RequestHandler_19f70000_addTopic
DEBUG 2012-03-12 12:37:42,743 [uva.arrm_RequestHandler_19f70001_isAvailable] - Checking responsibility for IsAvailableType
DEBUG 2012-03-12 12:37:42,743 [uva.arrm_RequestHandler_19f70001_isAvailable] - IsAvailableType is local request
DEBUG 2012-03-12 12:37:42,744 [uva.arrm_RequestHandler_19f70001_isAvailable] - isAvailable called with following parameter: 
DEBUG 2012-03-12 12:37:42,744 [uva.arrm_RequestHandler_19f70001_isAvailable] -  Type: FIXED
DEBUG 2012-03-12 12:37:42,744 [uva.arrm_RequestHandler_19f70001_isAvailable] -  Start time: 2012-03-12T12:37:42.727+01:00
DEBUG 2012-03-12 12:37:42,744 [uva.arrm_RequestHandler_19f70001_isAvailable] -  Duration: 100
DEBUG 2012-03-12 12:37:42,744 [uva.arrm_RequestHandler_19f70001_isAvailable] -  From: 10.9.1.2
DEBUG 2012-03-12 12:37:42,744 [uva.arrm_RequestHandler_19f70001_isAvailable] -  To: 10.9.1.1
DEBUG 2012-03-12 12:37:42,745 [uva.arrm_RequestHandler_19f70001_isAvailable] -  MinBW: 100
DEBUG 2012-03-12 12:37:42,745 [uva.arrm_RequestHandler_19f70001_isAvailable] -  MaxBW: null
DEBUG 2012-03-12 12:37:42,745 [uva.arrm_RequestHandler_19f70001_isAvailable] -  Delay: 100
INFO  2012-03-12 12:37:42,756 [uva.arrm_RequestHandler_19f70002_createReservation] - rename_thread uva.arrm_RequestHandler_19f70001_isAvailable
DEBUG 2012-03-12 12:37:42,763 [uva.arrm_RequestHandler_19f70002_createReservation] - Checking responsibility for CreateReservationType
DEBUG 2012-03-12 12:37:42,764 [uva.arrm_RequestHandler_19f70002_createReservation] - CreateReservationType is local request
DEBUG 2012-03-12 12:37:42,764 [uva.arrm_RequestHandler_19f70002_createReservation] - createReservation called with following parameter: 
DEBUG 2012-03-12 12:37:42,769 [uva.arrm_RequestHandler_19f70002_createReservation] -  Type: FIXED
DEBUG 2012-03-12 12:37:42,769 [uva.arrm_RequestHandler_19f70002_createReservation] -  Start time: 2012-03-12T12:37:42.752+01:00
DEBUG 2012-03-12 12:37:42,769 [uva.arrm_RequestHandler_19f70002_createReservation] -  Duration: 100
DEBUG 2012-03-12 12:37:42,769 [uva.arrm_RequestHandler_19f70002_createReservation] -  From: 10.9.1.1
DEBUG 2012-03-12 12:37:42,769 [uva.arrm_RequestHandler_19f70002_createReservation] -  To: 10.9.1.2
DEBUG 2012-03-12 12:37:42,769 [uva.arrm_RequestHandler_19f70002_createReservation] -  MinBW: 100
DEBUG 2012-03-12 12:37:42,769 [uva.arrm_RequestHandler_19f70002_createReservation] -  MaxBW: null
DEBUG 2012-03-12 12:37:42,769 [uva.arrm_RequestHandler_19f70002_createReservation] -  Delay: 100
INFO  2012-03-12 12:37:42,777 [uva.arrm_RequestHandler_19f70003_getStatus] - rename_thread uva.arrm_RequestHandler_19f70002_createReservation
DEBUG 2012-03-12 12:37:42,778 [uva.arrm_RequestHandler_19f70003_getStatus] - Checking responsibility for GetStatusType
DEBUG 2012-03-12 12:37:42,778 [uva.arrm_RequestHandler_19f70003_getStatus] - Own: uva.arrm, Req: uva.arrm
DEBUG 2012-03-12 12:37:42,778 [uva.arrm_RequestHandler_19f70003_getStatus] - GetStatusType is local request
INFO  2012-03-12 12:37:42,789 [uva.arrm_RequestHandler_19f70004_cancelReservation] - rename_thread uva.arrm_RequestHandler_19f70003_getStatus
DEBUG 2012-03-12 12:37:42,790 [uva.arrm_RequestHandler_19f70004_cancelReservation] - Checking responsibility for CancelReservationType
DEBUG 2012-03-12 12:37:42,790 [uva.arrm_RequestHandler_19f70004_cancelReservation] - Own: uva.arrm, Req: uva.arrm
DEBUG 2012-03-12 12:37:42,790 [uva.arrm_RequestHandler_19f70004_cancelReservation] - CancelReservationType is local request
DEBUG 2012-03-12 12:37:42,791 [uva.arrm_RequestHandler_19f70004_cancelReservation] - cancelReservation called with following parameter: 
DEBUG 2012-03-12 12:37:42,791 [uva.arrm_RequestHandler_19f70004_cancelReservation] -  GRI: 1
INFO  2012-03-12 12:37:42,800 [uva.arrm_RequestHandler_19f70005_getStatus] - rename_thread uva.arrm_RequestHandler_19f70004_cancelReservation
DEBUG 2012-03-12 12:37:42,802 [uva.arrm_RequestHandler_19f70005_getStatus] - Checking responsibility for GetStatusType
DEBUG 2012-03-12 12:37:42,803 [uva.arrm_RequestHandler_19f70005_getStatus] - Own: uva.arrm, Req: uva.arrm
DEBUG 2012-03-12 12:37:42,803 [uva.arrm_RequestHandler_19f70005_getStatus] - GetStatusType is local request
INFO  2012-03-12 12:37:42,815 [uva.arrm_RequestHandler_19f70005_getStatus] - Warning, it was impossible to get some EPR.
INFO  2012-03-12 12:37:42,815 [uva.arrm_RequestHandler_19f70005_getStatus] - Using default SimpleSoapClient
INFO  2012-03-12 12:37:42,821 [uva.arrm_RequestHandler_19f70006_isAvailable] - rename_thread uva.arrm_RequestHandler_19f70005_getStatus
DEBUG 2012-03-12 12:37:42,826 [uva.arrm_RequestHandler_19f70006_isAvailable] - Checking responsibility for IsAvailableType
DEBUG 2012-03-12 12:37:42,834 [uva.arrm_RequestHandler_19f70006_isAvailable] - IsAvailableType is local request
DEBUG 2012-03-12 12:37:42,835 [uva.arrm_RequestHandler_19f70006_isAvailable] - isAvailable called with following parameter: 
DEBUG 2012-03-12 12:37:42,835 [uva.arrm_RequestHandler_19f70006_isAvailable] -  Type: FIXED
DEBUG 2012-03-12 12:37:42,835 [uva.arrm_RequestHandler_19f70006_isAvailable] -  Start time: 2012-03-12T12:37:42.817+01:00
DEBUG 2012-03-12 12:37:42,836 [uva.arrm_RequestHandler_19f70006_isAvailable] -  Duration: 100
DEBUG 2012-03-12 12:37:42,836 [uva.arrm_RequestHandler_19f70006_isAvailable] -  From: 10.9.1.2
DEBUG 2012-03-12 12:37:42,836 [uva.arrm_RequestHandler_19f70006_isAvailable] -  To: 10.9.1.1
DEBUG 2012-03-12 12:37:42,836 [uva.arrm_RequestHandler_19f70006_isAvailable] -  MinBW: 100
DEBUG 2012-03-12 12:37:42,836 [uva.arrm_RequestHandler_19f70006_isAvailable] -  MaxBW: null
DEBUG 2012-03-12 12:37:42,836 [uva.arrm_RequestHandler_19f70006_isAvailable] -  Delay: 100
INFO  2012-03-12 12:37:42,875 [uva.arrm_RequestHandler_19f70007_createReservation] - rename_thread uva.arrm_RequestHandler_19f70006_isAvailable
DEBUG 2012-03-12 12:37:42,880 [uva.arrm_RequestHandler_19f70007_createReservation] - Checking responsibility for CreateReservationType
DEBUG 2012-03-12 12:37:42,880 [uva.arrm_RequestHandler_19f70007_createReservation] - CreateReservationType is local request
DEBUG 2012-03-12 12:37:42,881 [uva.arrm_RequestHandler_19f70007_createReservation] - createReservation called with following parameter: 
DEBUG 2012-03-12 12:37:42,881 [uva.arrm_RequestHandler_19f70007_createReservation] -  Type: FIXED
DEBUG 2012-03-12 12:37:42,881 [uva.arrm_RequestHandler_19f70007_createReservation] -  Start time: 2012-03-12T12:37:42.866+01:00
DEBUG 2012-03-12 12:37:42,881 [uva.arrm_RequestHandler_19f70007_createReservation] -  Duration: 100
DEBUG 2012-03-12 12:37:42,881 [uva.arrm_RequestHandler_19f70007_createReservation] -  From: 10.9.1.1
DEBUG 2012-03-12 12:37:42,882 [uva.arrm_RequestHandler_19f70007_createReservation] -  To: 10.9.1.2
DEBUG 2012-03-12 12:37:42,882 [uva.arrm_RequestHandler_19f70007_createReservation] -  MinBW: 100
DEBUG 2012-03-12 12:37:42,882 [uva.arrm_RequestHandler_19f70007_createReservation] -  MaxBW: null
DEBUG 2012-03-12 12:37:42,882 [uva.arrm_RequestHandler_19f70007_createReservation] -  Delay: 100
INFO  2012-03-12 12:37:42,897 [uva.arrm_RequestHandler_19f70008_getStatus] - rename_thread uva.arrm_RequestHandler_19f70007_createReservation
DEBUG 2012-03-12 12:37:42,899 [uva.arrm_RequestHandler_19f70008_getStatus] - Checking responsibility for GetStatusType
DEBUG 2012-03-12 12:37:42,900 [uva.arrm_RequestHandler_19f70008_getStatus] - Own: uva.arrm, Req: uva.arrm
DEBUG 2012-03-12 12:37:42,900 [uva.arrm_RequestHandler_19f70008_getStatus] - GetStatusType is local request
INFO  2012-03-12 12:37:42,911 [uva.arrm_RequestHandler_19f70009_cancelReservation] - rename_thread uva.arrm_RequestHandler_19f70008_getStatus
DEBUG 2012-03-12 12:37:42,913 [uva.arrm_RequestHandler_19f70009_cancelReservation] - Checking responsibility for CancelReservationType
DEBUG 2012-03-12 12:37:42,918 [uva.arrm_RequestHandler_19f70009_cancelReservation] - Own: uva.arrm, Req: uva.arrm
DEBUG 2012-03-12 12:37:42,918 [uva.arrm_RequestHandler_19f70009_cancelReservation] - CancelReservationType is local request
DEBUG 2012-03-12 12:37:42,918 [uva.arrm_RequestHandler_19f70009_cancelReservation] - cancelReservation called with following parameter: 
DEBUG 2012-03-12 12:37:42,918 [uva.arrm_RequestHandler_19f70009_cancelReservation] -  GRI: 2
INFO  2012-03-12 12:37:42,927 [uva.arrm_RequestHandler_19f7000a_getStatus] - rename_thread uva.arrm_RequestHandler_19f70009_cancelReservation
DEBUG 2012-03-12 12:37:42,930 [uva.arrm_RequestHandler_19f7000a_getStatus] - Checking responsibility for GetStatusType
DEBUG 2012-03-12 12:37:42,930 [uva.arrm_RequestHandler_19f7000a_getStatus] - Own: uva.arrm, Req: uva.arrm
DEBUG 2012-03-12 12:37:42,930 [uva.arrm_RequestHandler_19f7000a_getStatus] - GetStatusType is local request
INFO  2012-03-12 12:37:42,948 [uva.arrm_RequestHandler_19f7000b_getReservations] - rename_thread uva.arrm_RequestHandler_19f7000a_getStatus
DEBUG 2012-03-12 12:37:42,951 [uva.arrm_RequestHandler_19f7000b_getReservations] - Checking responsibility for GetReservationsType
WARN  2012-03-12 12:37:42,951 [uva.arrm_RequestHandler_19f7000b_getReservations] - No such method: eu.ist_phosphorus.harmony.common.serviceinterface.databinding.jaxb.GetReservationsType.getReservationID()
DEBUG 2012-03-12 12:37:42,951 [uva.arrm_RequestHandler_19f7000b_getReservations] - GetReservationsType is local request
INFO  2012-03-12 12:37:42,965 [uva.arrm_RequestHandler_19f7000b_getReservations] - Warning, it was impossible to get some EPR.
INFO  2012-03-12 12:37:42,966 [uva.arrm_RequestHandler_19f7000b_getReservations] - Using default SimpleSoapClient
INFO  2012-03-12 12:37:42,972 [uva.arrm_RequestHandler_19f7000c_bind] - rename_thread uva.arrm_RequestHandler_19f7000b_getReservations
DEBUG 2012-03-12 12:37:42,975 [uva.arrm_RequestHandler_19f7000c_bind] - Checking responsibility for BindType
DEBUG 2012-03-12 12:37:42,976 [uva.arrm_RequestHandler_19f7000c_bind] - Own: uva.arrm, Req: uva.arrm
DEBUG 2012-03-12 12:37:42,976 [uva.arrm_RequestHandler_19f7000c_bind] - BindType is local request
INFO  2012-03-12 12:37:43,007 [uva.arrm_RequestHandler_19f7000c_bind] - Warning, it was impossible to get some EPR.
INFO  2012-03-12 12:37:43,008 [uva.arrm_RequestHandler_19f7000c_bind] - Using default SimpleSoapClient
INFO  2012-03-12 12:37:43,031 [uva.arrm_RequestHandler_19f7000d_getDomains] - rename_thread uva.arrm_RequestHandler_19f7000c_bind
INFO  2012-03-12 12:37:43,043 [uva.arrm_RequestHandler_19f7000e_getEndpoints] - rename_thread uva.arrm_RequestHandler_19f7000d_getDomains
INFO  2012-03-12 12:37:43,066 [uva.arrm_RequestHandler_19f7000f_getLinks] - rename_thread uva.arrm_RequestHandler_19f7000e_getEndpoints
INFO  2012-03-12 12:37:43,081 [uva.arrm_RequestHandler_19f7000f_getLinks] - Warning, it was impossible to get some EPR.
INFO  2012-03-12 12:37:43,083 [uva.arrm_RequestHandler_19f7000f_getLinks] - Using default SimpleSoapClient
INFO  2012-03-12 12:37:43,089 [uva.arrm_RequestHandler_19f70010_isAvailable] - rename_thread uva.arrm_RequestHandler_19f7000f_getLinks
DEBUG 2012-03-12 12:37:43,094 [uva.arrm_RequestHandler_19f70010_isAvailable] - Checking responsibility for IsAvailableType
DEBUG 2012-03-12 12:37:43,094 [uva.arrm_RequestHandler_19f70010_isAvailable] - IsAvailableType is local request
DEBUG 2012-03-12 12:37:43,095 [uva.arrm_RequestHandler_19f70010_isAvailable] - isAvailable called with following parameter: 
DEBUG 2012-03-12 12:37:43,095 [uva.arrm_RequestHandler_19f70010_isAvailable] -  Type: FIXED
DEBUG 2012-03-12 12:37:43,095 [uva.arrm_RequestHandler_19f70010_isAvailable] -  Start time: 2012-03-12T12:37:43.084+01:00
DEBUG 2012-03-12 12:37:43,095 [uva.arrm_RequestHandler_19f70010_isAvailable] -  Duration: 100
DEBUG 2012-03-12 12:37:43,095 [uva.arrm_RequestHandler_19f70010_isAvailable] -  From: 10.9.1.2
DEBUG 2012-03-12 12:37:43,096 [uva.arrm_RequestHandler_19f70010_isAvailable] -  To: 10.9.1.1
DEBUG 2012-03-12 12:37:43,096 [uva.arrm_RequestHandler_19f70010_isAvailable] -  MinBW: 100
DEBUG 2012-03-12 12:37:43,096 [uva.arrm_RequestHandler_19f70010_isAvailable] -  MaxBW: null
DEBUG 2012-03-12 12:37:43,096 [uva.arrm_RequestHandler_19f70010_isAvailable] -  Delay: 800
INFO  2012-03-12 12:37:43,110 [uva.arrm_RequestHandler_19f70011_createReservation] - rename_thread uva.arrm_RequestHandler_19f70010_isAvailable
DEBUG 2012-03-12 12:37:43,115 [uva.arrm_RequestHandler_19f70011_createReservation] - Checking responsibility for CreateReservationType
DEBUG 2012-03-12 12:37:43,115 [uva.arrm_RequestHandler_19f70011_createReservation] - CreateReservationType is local request
DEBUG 2012-03-12 12:37:43,115 [uva.arrm_RequestHandler_19f70011_createReservation] - createReservation called with following parameter: 
DEBUG 2012-03-12 12:37:43,115 [uva.arrm_RequestHandler_19f70011_createReservation] -  Type: FIXED
DEBUG 2012-03-12 12:37:43,116 [uva.arrm_RequestHandler_19f70011_createReservation] -  Start time: 2012-03-12T12:37:43.105+01:00
DEBUG 2012-03-12 12:37:43,116 [uva.arrm_RequestHandler_19f70011_createReservation] -  Duration: 100
DEBUG 2012-03-12 12:37:43,116 [uva.arrm_RequestHandler_19f70011_createReservation] -  From: 10.9.1.1
DEBUG 2012-03-12 12:37:43,116 [uva.arrm_RequestHandler_19f70011_createReservation] -  To: 10.9.1.2
DEBUG 2012-03-12 12:37:43,116 [uva.arrm_RequestHandler_19f70011_createReservation] -  MinBW: 100
DEBUG 2012-03-12 12:37:43,116 [uva.arrm_RequestHandler_19f70011_createReservation] -  MaxBW: null
DEBUG 2012-03-12 12:37:43,116 [uva.arrm_RequestHandler_19f70011_createReservation] -  Delay: 800
INFO  2012-03-12 12:37:43,137 [uva.arrm_RequestHandler_19f70012_getReservations] - rename_thread uva.arrm_RequestHandler_19f70011_createReservation
DEBUG 2012-03-12 12:37:43,139 [uva.arrm_RequestHandler_19f70012_getReservations] - Checking responsibility for GetReservationsType
WARN  2012-03-12 12:37:43,140 [uva.arrm_RequestHandler_19f70012_getReservations] - No such method: eu.ist_phosphorus.harmony.common.serviceinterface.databinding.jaxb.GetReservationsType.getReservationID()
DEBUG 2012-03-12 12:37:43,140 [uva.arrm_RequestHandler_19f70012_getReservations] - GetReservationsType is local request
DEBUG 2012-03-12 12:37:43,167 [uva.arrm_RequestHandler_19f70012_getReservations] - Found reservation: 1@uva.arrm
DEBUG 2012-03-12 12:37:43,167 [uva.arrm_RequestHandler_19f70012_getReservations] - Found reservation: 2@uva.arrm
DEBUG 2012-03-12 12:37:43,168 [uva.arrm_RequestHandler_19f70012_getReservations] - Found reservation: 3@uva.arrm
INFO  2012-03-12 12:37:43,173 [uva.arrm_RequestHandler_19f70013_getStatus] - rename_thread uva.arrm_RequestHandler_19f70012_getReservations
DEBUG 2012-03-12 12:37:43,175 [uva.arrm_RequestHandler_19f70013_getStatus] - Checking responsibility for GetStatusType
DEBUG 2012-03-12 12:37:43,175 [uva.arrm_RequestHandler_19f70013_getStatus] - Own: uva.arrm, Req: uva.arrm
DEBUG 2012-03-12 12:37:43,175 [uva.arrm_RequestHandler_19f70013_getStatus] - GetStatusType is local request
INFO  2012-03-12 12:37:43,189 [uva.arrm_RequestHandler_19f70014_cancelReservation] - rename_thread uva.arrm_RequestHandler_19f70013_getStatus
DEBUG 2012-03-12 12:37:43,190 [uva.arrm_RequestHandler_19f70014_cancelReservation] - Checking responsibility for CancelReservationType
DEBUG 2012-03-12 12:37:43,191 [uva.arrm_RequestHandler_19f70014_cancelReservation] - Own: uva.arrm, Req: uva.arrm
DEBUG 2012-03-12 12:37:43,191 [uva.arrm_RequestHandler_19f70014_cancelReservation] - CancelReservationType is local request
DEBUG 2012-03-12 12:37:43,191 [uva.arrm_RequestHandler_19f70014_cancelReservation] - cancelReservation called with following parameter: 
DEBUG 2012-03-12 12:37:43,191 [uva.arrm_RequestHandler_19f70014_cancelReservation] -  GRI: 3
INFO  2012-03-12 12:37:43,215 [uva.arrm_RequestHandler_19f70015_getStatus] - rename_thread uva.arrm_RequestHandler_19f70014_cancelReservation
DEBUG 2012-03-12 12:37:43,217 [uva.arrm_RequestHandler_19f70015_getStatus] - Checking responsibility for GetStatusType
DEBUG 2012-03-12 12:37:43,217 [uva.arrm_RequestHandler_19f70015_getStatus] - Own: uva.arrm, Req: uva.arrm
DEBUG 2012-03-12 12:37:43,218 [uva.arrm_RequestHandler_19f70015_getStatus] - GetStatusType is local request
