parsing a schema...
compiling a schema...
eu/ist_phosphorus/harmony/common/serviceinterface/databinding/jaxb/Activate.java
eu/ist_phosphorus/harmony/common/serviceinterface/databinding/jaxb/ActivateResponse.java
eu/ist_phosphorus/harmony/common/serviceinterface/databinding/jaxb/ActivateResponseType.java
eu/ist_phosphorus/harmony/common/serviceinterface/databinding/jaxb/ActivateType.java
eu/ist_phosphorus/harmony/common/serviceinterface/databinding/jaxb/AddDomain.java
eu/ist_phosphorus/harmony/common/serviceinterface/databinding/jaxb/AddDomainResponse.java
eu/ist_phosphorus/harmony/common/serviceinterface/databinding/jaxb/AddDomainResponseType.java
eu/ist_phosphorus/harmony/common/serviceinterface/databinding/jaxb/AddDomainType.java
eu/ist_phosphorus/harmony/common/serviceinterface/databinding/jaxb/AddEndpoint.java
eu/ist_phosphorus/harmony/common/serviceinterface/databinding/jaxb/AddEndpointResponse.java
eu/ist_phosphorus/harmony/common/serviceinterface/databinding/jaxb/AddEndpointResponseType.java
eu/ist_phosphorus/harmony/common/serviceinterface/databinding/jaxb/AddEndpointType.java
eu/ist_phosphorus/harmony/common/serviceinterface/databinding/jaxb/AddLink.java
eu/ist_phosphorus/harmony/common/serviceinterface/databinding/jaxb/AddLinkResponse.java
eu/ist_phosphorus/harmony/common/serviceinterface/databinding/jaxb/AddLinkResponseType.java
eu/ist_phosphorus/harmony/common/serviceinterface/databinding/jaxb/AddLinkType.java
eu/ist_phosphorus/harmony/common/serviceinterface/databinding/jaxb/AddOrEditDomain.java
eu/ist_phosphorus/harmony/common/serviceinterface/databinding/jaxb/AddOrEditDomainResponse.java
eu/ist_phosphorus/harmony/common/serviceinterface/databinding/jaxb/AddOrEditDomainResponseType.java
eu/ist_phosphorus/harmony/common/serviceinterface/databinding/jaxb/AddOrEditDomainType.java
eu/ist_phosphorus/harmony/common/serviceinterface/databinding/jaxb/AddTopic.java
eu/ist_phosphorus/harmony/common/serviceinterface/databinding/jaxb/AddTopicResponse.java
eu/ist_phosphorus/harmony/common/serviceinterface/databinding/jaxb/AddTopicResponseType.java
eu/ist_phosphorus/harmony/common/serviceinterface/databinding/jaxb/AddTopicType.java
eu/ist_phosphorus/harmony/common/serviceinterface/databinding/jaxb/AdditionalData.java
eu/ist_phosphorus/harmony/common/serviceinterface/databinding/jaxb/AttributedAnyType.java
eu/ist_phosphorus/harmony/common/serviceinterface/databinding/jaxb/AttributedQNameType.java
eu/ist_phosphorus/harmony/common/serviceinterface/databinding/jaxb/AttributedURIType.java
eu/ist_phosphorus/harmony/common/serviceinterface/databinding/jaxb/AttributedUnsignedLongType.java
eu/ist_phosphorus/harmony/common/serviceinterface/databinding/jaxb/AvailabilityCodeType.java
eu/ist_phosphorus/harmony/common/serviceinterface/databinding/jaxb/BaseFaultType.java
eu/ist_phosphorus/harmony/common/serviceinterface/databinding/jaxb/Bind.java
eu/ist_phosphorus/harmony/common/serviceinterface/databinding/jaxb/BindResponse.java
eu/ist_phosphorus/harmony/common/serviceinterface/databinding/jaxb/BindResponseType.java
eu/ist_phosphorus/harmony/common/serviceinterface/databinding/jaxb/BindType.java
eu/ist_phosphorus/harmony/common/serviceinterface/databinding/jaxb/CancelJob.java
eu/ist_phosphorus/harmony/common/serviceinterface/databinding/jaxb/CancelJobResponse.java
eu/ist_phosphorus/harmony/common/serviceinterface/databinding/jaxb/CancelJobResponseType.java
eu/ist_phosphorus/harmony/common/serviceinterface/databinding/jaxb/CancelJobType.java
eu/ist_phosphorus/harmony/common/serviceinterface/databinding/jaxb/CancelReservation.java
eu/ist_phosphorus/harmony/common/serviceinterface/databinding/jaxb/CancelReservationResponse.java
eu/ist_phosphorus/harmony/common/serviceinterface/databinding/jaxb/CancelReservationResponseType.java
eu/ist_phosphorus/harmony/common/serviceinterface/databinding/jaxb/CancelReservationType.java
eu/ist_phosphorus/harmony/common/serviceinterface/databinding/jaxb/CompleteJob.java
eu/ist_phosphorus/harmony/common/serviceinterface/databinding/jaxb/CompleteJobResponse.java
eu/ist_phosphorus/harmony/common/serviceinterface/databinding/jaxb/CompleteJobResponseType.java
eu/ist_phosphorus/harmony/common/serviceinterface/databinding/jaxb/CompleteJobType.java
eu/ist_phosphorus/harmony/common/serviceinterface/databinding/jaxb/ConnectionAvailabilityType.java
eu/ist_phosphorus/harmony/common/serviceinterface/databinding/jaxb/ConnectionConstraintType.java
eu/ist_phosphorus/harmony/common/serviceinterface/databinding/jaxb/ConnectionStatusType.java
eu/ist_phosphorus/harmony/common/serviceinterface/databinding/jaxb/ConnectionType.java
eu/ist_phosphorus/harmony/common/serviceinterface/databinding/jaxb/CreateReservation.java
eu/ist_phosphorus/harmony/common/serviceinterface/databinding/jaxb/CreateReservationResponse.java
eu/ist_phosphorus/harmony/common/serviceinterface/databinding/jaxb/CreateReservationResponseType.java
eu/ist_phosphorus/harmony/common/serviceinterface/databinding/jaxb/CreateReservationType.java
eu/ist_phosphorus/harmony/common/serviceinterface/databinding/jaxb/DeferrableReservationConstraintType.java
eu/ist_phosphorus/harmony/common/serviceinterface/databinding/jaxb/DeleteDomain.java
eu/ist_phosphorus/harmony/common/serviceinterface/databinding/jaxb/DeleteDomainResponse.java
eu/ist_phosphorus/harmony/common/serviceinterface/databinding/jaxb/DeleteDomainResponseType.java
eu/ist_phosphorus/harmony/common/serviceinterface/databinding/jaxb/DeleteDomainType.java
eu/ist_phosphorus/harmony/common/serviceinterface/databinding/jaxb/DeleteEndpoint.java
eu/ist_phosphorus/harmony/common/serviceinterface/databinding/jaxb/DeleteEndpointResponse.java
eu/ist_phosphorus/harmony/common/serviceinterface/databinding/jaxb/DeleteEndpointResponseType.java
eu/ist_phosphorus/harmony/common/serviceinterface/databinding/jaxb/DeleteEndpointType.java
eu/ist_phosphorus/harmony/common/serviceinterface/databinding/jaxb/DeleteLink.java
eu/ist_phosphorus/harmony/common/serviceinterface/databinding/jaxb/DeleteLinkResponse.java
eu/ist_phosphorus/harmony/common/serviceinterface/databinding/jaxb/DeleteLinkResponseType.java
eu/ist_phosphorus/harmony/common/serviceinterface/databinding/jaxb/DeleteLinkType.java
eu/ist_phosphorus/harmony/common/serviceinterface/databinding/jaxb/DomainAlreadyExistsFault.java
eu/ist_phosphorus/harmony/common/serviceinterface/databinding/jaxb/DomainConnectionStatusType.java
eu/ist_phosphorus/harmony/common/serviceinterface/databinding/jaxb/DomainInformationType.java
eu/ist_phosphorus/harmony/common/serviceinterface/databinding/jaxb/DomainNotFoundFault.java
eu/ist_phosphorus/harmony/common/serviceinterface/databinding/jaxb/DomainRelationshipType.java
eu/ist_phosphorus/harmony/common/serviceinterface/databinding/jaxb/DomainStatusType.java
eu/ist_phosphorus/harmony/common/serviceinterface/databinding/jaxb/DomainTechnologyType.java
eu/ist_phosphorus/harmony/common/serviceinterface/databinding/jaxb/EditDomain.java
eu/ist_phosphorus/harmony/common/serviceinterface/databinding/jaxb/EditDomainResponse.java
eu/ist_phosphorus/harmony/common/serviceinterface/databinding/jaxb/EditDomainResponseType.java
eu/ist_phosphorus/harmony/common/serviceinterface/databinding/jaxb/EditDomainType.java
eu/ist_phosphorus/harmony/common/serviceinterface/databinding/jaxb/EditEndpoint.java
eu/ist_phosphorus/harmony/common/serviceinterface/databinding/jaxb/EditEndpointResponse.java
eu/ist_phosphorus/harmony/common/serviceinterface/databinding/jaxb/EditEndpointResponseType.java
eu/ist_phosphorus/harmony/common/serviceinterface/databinding/jaxb/EditEndpointType.java
eu/ist_phosphorus/harmony/common/serviceinterface/databinding/jaxb/EditLink.java
eu/ist_phosphorus/harmony/common/serviceinterface/databinding/jaxb/EditLinkResponse.java
eu/ist_phosphorus/harmony/common/serviceinterface/databinding/jaxb/EditLinkResponseType.java
eu/ist_phosphorus/harmony/common/serviceinterface/databinding/jaxb/EditLinkType.java
eu/ist_phosphorus/harmony/common/serviceinterface/databinding/jaxb/EndpointAlreadyExistsFault.java
eu/ist_phosphorus/harmony/common/serviceinterface/databinding/jaxb/EndpointInterfaceType.java
eu/ist_phosphorus/harmony/common/serviceinterface/databinding/jaxb/EndpointNotFoundFault.java
eu/ist_phosphorus/harmony/common/serviceinterface/databinding/jaxb/EndpointReferenceType.java
eu/ist_phosphorus/harmony/common/serviceinterface/databinding/jaxb/EndpointTechnologyType.java
eu/ist_phosphorus/harmony/common/serviceinterface/databinding/jaxb/EndpointType.java
eu/ist_phosphorus/harmony/common/serviceinterface/databinding/jaxb/FixedReservationConstraintType.java
eu/ist_phosphorus/harmony/common/serviceinterface/databinding/jaxb/GetDomains.java
eu/ist_phosphorus/harmony/common/serviceinterface/databinding/jaxb/GetDomainsResponse.java
eu/ist_phosphorus/harmony/common/serviceinterface/databinding/jaxb/GetDomainsResponseType.java
eu/ist_phosphorus/harmony/common/serviceinterface/databinding/jaxb/GetDomainsType.java
eu/ist_phosphorus/harmony/common/serviceinterface/databinding/jaxb/GetEndpoints.java
eu/ist_phosphorus/harmony/common/serviceinterface/databinding/jaxb/GetEndpointsResponse.java
eu/ist_phosphorus/harmony/common/serviceinterface/databinding/jaxb/GetEndpointsResponseType.java
eu/ist_phosphorus/harmony/common/serviceinterface/databinding/jaxb/GetEndpointsType.java
eu/ist_phosphorus/harmony/common/serviceinterface/databinding/jaxb/GetLinks.java
eu/ist_phosphorus/harmony/common/serviceinterface/databinding/jaxb/GetLinksResponse.java
eu/ist_phosphorus/harmony/common/serviceinterface/databinding/jaxb/GetLinksResponseType.java
eu/ist_phosphorus/harmony/common/serviceinterface/databinding/jaxb/GetLinksType.java
eu/ist_phosphorus/harmony/common/serviceinterface/databinding/jaxb/GetReservation.java
eu/ist_phosphorus/harmony/common/serviceinterface/databinding/jaxb/GetReservationResponse.java
eu/ist_phosphorus/harmony/common/serviceinterface/databinding/jaxb/GetReservationResponseType.java
eu/ist_phosphorus/harmony/common/serviceinterface/databinding/jaxb/GetReservationType.java
eu/ist_phosphorus/harmony/common/serviceinterface/databinding/jaxb/GetReservations.java
eu/ist_phosphorus/harmony/common/serviceinterface/databinding/jaxb/GetReservationsComplexType.java
eu/ist_phosphorus/harmony/common/serviceinterface/databinding/jaxb/GetReservationsResponse.java
eu/ist_phosphorus/harmony/common/serviceinterface/databinding/jaxb/GetReservationsResponseType.java
eu/ist_phosphorus/harmony/common/serviceinterface/databinding/jaxb/GetReservationsType.java
eu/ist_phosphorus/harmony/common/serviceinterface/databinding/jaxb/GetStatus.java
eu/ist_phosphorus/harmony/common/serviceinterface/databinding/jaxb/GetStatusResponse.java
eu/ist_phosphorus/harmony/common/serviceinterface/databinding/jaxb/GetStatusResponseType.java
eu/ist_phosphorus/harmony/common/serviceinterface/databinding/jaxb/GetStatusType.java
eu/ist_phosphorus/harmony/common/serviceinterface/databinding/jaxb/GetTopics.java
eu/ist_phosphorus/harmony/common/serviceinterface/databinding/jaxb/GetTopicsResponse.java
eu/ist_phosphorus/harmony/common/serviceinterface/databinding/jaxb/GetTopicsResponseType.java
eu/ist_phosphorus/harmony/common/serviceinterface/databinding/jaxb/GetTopicsType.java
eu/ist_phosphorus/harmony/common/serviceinterface/databinding/jaxb/InterdomainLinkType.java
eu/ist_phosphorus/harmony/common/serviceinterface/databinding/jaxb/InvalidRequestFault.java
eu/ist_phosphorus/harmony/common/serviceinterface/databinding/jaxb/InvalidReservationIDFault.java
eu/ist_phosphorus/harmony/common/serviceinterface/databinding/jaxb/InvalidServiceIDFault.java
eu/ist_phosphorus/harmony/common/serviceinterface/databinding/jaxb/IsAvailable.java
eu/ist_phosphorus/harmony/common/serviceinterface/databinding/jaxb/IsAvailableResponse.java
eu/ist_phosphorus/harmony/common/serviceinterface/databinding/jaxb/IsAvailableResponseType.java
eu/ist_phosphorus/harmony/common/serviceinterface/databinding/jaxb/IsAvailableType.java
eu/ist_phosphorus/harmony/common/serviceinterface/databinding/jaxb/Link.java
eu/ist_phosphorus/harmony/common/serviceinterface/databinding/jaxb/LinkAlreadyExistsFault.java
eu/ist_phosphorus/harmony/common/serviceinterface/databinding/jaxb/LinkIdentifierType.java
eu/ist_phosphorus/harmony/common/serviceinterface/databinding/jaxb/MalleableReservationConstraintType.java
eu/ist_phosphorus/harmony/common/serviceinterface/databinding/jaxb/MetadataType.java
eu/ist_phosphorus/harmony/common/serviceinterface/databinding/jaxb/Notification.java
eu/ist_phosphorus/harmony/common/serviceinterface/databinding/jaxb/NotificationFault.java
eu/ist_phosphorus/harmony/common/serviceinterface/databinding/jaxb/NotificationMessageType.java
eu/ist_phosphorus/harmony/common/serviceinterface/databinding/jaxb/NotificationResponse.java
eu/ist_phosphorus/harmony/common/serviceinterface/databinding/jaxb/NotificationResponseType.java
eu/ist_phosphorus/harmony/common/serviceinterface/databinding/jaxb/NotificationType.java
eu/ist_phosphorus/harmony/common/serviceinterface/databinding/jaxb/ObjectFactory.java
eu/ist_phosphorus/harmony/common/serviceinterface/databinding/jaxb/OperationNotAllowedFault.java
eu/ist_phosphorus/harmony/common/serviceinterface/databinding/jaxb/OperationNotSupportedFault.java
eu/ist_phosphorus/harmony/common/serviceinterface/databinding/jaxb/PathNotFoundFault.java
eu/ist_phosphorus/harmony/common/serviceinterface/databinding/jaxb/ProblemActionType.java
eu/ist_phosphorus/harmony/common/serviceinterface/databinding/jaxb/Publish.java
eu/ist_phosphorus/harmony/common/serviceinterface/databinding/jaxb/PublishResponse.java
eu/ist_phosphorus/harmony/common/serviceinterface/databinding/jaxb/PublishResponseType.java
eu/ist_phosphorus/harmony/common/serviceinterface/databinding/jaxb/PublishType.java
eu/ist_phosphorus/harmony/common/serviceinterface/databinding/jaxb/ReferenceParametersType.java
eu/ist_phosphorus/harmony/common/serviceinterface/databinding/jaxb/RelatesToType.java
eu/ist_phosphorus/harmony/common/serviceinterface/databinding/jaxb/RemoveTopic.java
eu/ist_phosphorus/harmony/common/serviceinterface/databinding/jaxb/RemoveTopicResponse.java
eu/ist_phosphorus/harmony/common/serviceinterface/databinding/jaxb/RemoveTopicResponseType.java
eu/ist_phosphorus/harmony/common/serviceinterface/databinding/jaxb/RemoveTopicType.java
eu/ist_phosphorus/harmony/common/serviceinterface/databinding/jaxb/ReservationFault.java
eu/ist_phosphorus/harmony/common/serviceinterface/databinding/jaxb/ReservationIDNotFoundFault.java
eu/ist_phosphorus/harmony/common/serviceinterface/databinding/jaxb/ReservationType.java
eu/ist_phosphorus/harmony/common/serviceinterface/databinding/jaxb/ServiceConstraintType.java
eu/ist_phosphorus/harmony/common/serviceinterface/databinding/jaxb/ServiceStatusType.java
eu/ist_phosphorus/harmony/common/serviceinterface/databinding/jaxb/StatusType.java
eu/ist_phosphorus/harmony/common/serviceinterface/databinding/jaxb/Subscribe.java
eu/ist_phosphorus/harmony/common/serviceinterface/databinding/jaxb/SubscribeResponse.java
eu/ist_phosphorus/harmony/common/serviceinterface/databinding/jaxb/SubscribeResponseType.java
eu/ist_phosphorus/harmony/common/serviceinterface/databinding/jaxb/SubscribeType.java
eu/ist_phosphorus/harmony/common/serviceinterface/databinding/jaxb/TimeoutFault.java
eu/ist_phosphorus/harmony/common/serviceinterface/databinding/jaxb/TopicNotFoundFault.java
eu/ist_phosphorus/harmony/common/serviceinterface/databinding/jaxb/TopologyFault.java
eu/ist_phosphorus/harmony/common/serviceinterface/databinding/jaxb/Tuple.java
eu/ist_phosphorus/harmony/common/serviceinterface/databinding/jaxb/UnexpectedFault.java
eu/ist_phosphorus/harmony/common/serviceinterface/databinding/jaxb/Unsubscribe.java
eu/ist_phosphorus/harmony/common/serviceinterface/databinding/jaxb/UnsubscribeResponse.java
eu/ist_phosphorus/harmony/common/serviceinterface/databinding/jaxb/UnsubscribeResponseType.java
eu/ist_phosphorus/harmony/common/serviceinterface/databinding/jaxb/UnsubscribeType.java
eu/ist_phosphorus/harmony/common/serviceinterface/databinding/jaxb/package-info.java
