DEBUG 2012-03-07 18:24:50,330 [localDummy_RequestHandler_1c1a0000_isAvailable] - start_requestHandler
INFO  2012-03-07 18:24:50,353 [localDummy_RequestHandler_1c1a0000_isAvailable] - duration_serializer_1 23ms
INFO  2012-03-07 18:24:50,354 [localDummy_RequestHandler_1c1a0000_isAvailable] - duration_validator 1ms
INFO  2012-03-07 18:24:50,357 [localDummy_RequestHandler_1c1a0000_isAvailable] - duration_processing 3ms
INFO  2012-03-07 18:24:50,358 [localDummy_RequestHandler_1c1a0000_isAvailable] - duration_reply_settype 1ms
INFO  2012-03-07 18:24:50,360 [localDummy_RequestHandler_1c1a0000_isAvailable] - duration_serializer_2 2ms
INFO  2012-03-07 18:24:50,360 [localDummy_RequestHandler_1c1a0000_isAvailable] - duration_requestHandler 30ms
DEBUG 2012-03-07 18:24:50,369 [localDummy_RequestHandler_1c1a0001_createReservation] - start_requestHandler
INFO  2012-03-07 18:24:50,373 [localDummy_RequestHandler_1c1a0001_createReservation] - duration_serializer_1 4ms
INFO  2012-03-07 18:24:50,378 [localDummy_RequestHandler_1c1a0001_createReservation] - duration_validator 5ms
INFO  2012-03-07 18:24:50,378 [localDummy_RequestHandler_1c1a0001_createReservation] - duration_processing 0ms
INFO  2012-03-07 18:24:50,378 [localDummy_RequestHandler_1c1a0001_createReservation] - duration_reply_settype 0ms
INFO  2012-03-07 18:24:50,381 [localDummy_RequestHandler_1c1a0001_createReservation] - duration_serializer_2 3ms
INFO  2012-03-07 18:24:50,381 [localDummy_RequestHandler_1c1a0001_createReservation] - duration_requestHandler 12ms
DEBUG 2012-03-07 18:24:50,384 [localDummy_RequestHandler_1c1a0002_getStatus] - start_requestHandler
INFO  2012-03-07 18:24:50,385 [localDummy_RequestHandler_1c1a0002_getStatus] - duration_serializer_1 1ms
INFO  2012-03-07 18:24:50,386 [localDummy_RequestHandler_1c1a0002_getStatus] - duration_validator 1ms
INFO  2012-03-07 18:24:50,387 [localDummy_RequestHandler_1c1a0002_getStatus] - duration_processing 1ms
INFO  2012-03-07 18:24:50,387 [localDummy_RequestHandler_1c1a0002_getStatus] - duration_reply_settype 0ms
INFO  2012-03-07 18:24:50,394 [localDummy_RequestHandler_1c1a0002_getStatus] - duration_serializer_2 7ms
INFO  2012-03-07 18:24:50,394 [localDummy_RequestHandler_1c1a0002_getStatus] - duration_requestHandler 10ms
DEBUG 2012-03-07 18:24:50,402 [localDummy_RequestHandler_1c1a0003_cancelReservation] - start_requestHandler
INFO  2012-03-07 18:24:50,403 [localDummy_RequestHandler_1c1a0003_cancelReservation] - duration_serializer_1 1ms
INFO  2012-03-07 18:24:50,404 [localDummy_RequestHandler_1c1a0003_cancelReservation] - duration_validator 1ms
INFO  2012-03-07 18:24:50,404 [localDummy_RequestHandler_1c1a0003_cancelReservation] - duration_processing 0ms
INFO  2012-03-07 18:24:50,404 [localDummy_RequestHandler_1c1a0003_cancelReservation] - duration_reply_settype 0ms
INFO  2012-03-07 18:24:50,406 [localDummy_RequestHandler_1c1a0003_cancelReservation] - duration_serializer_2 2ms
INFO  2012-03-07 18:24:50,406 [localDummy_RequestHandler_1c1a0003_cancelReservation] - duration_requestHandler 4ms
DEBUG 2012-03-07 18:24:50,410 [localDummy_RequestHandler_1c1a0004_getStatus] - start_requestHandler
INFO  2012-03-07 18:24:50,411 [localDummy_RequestHandler_1c1a0004_getStatus] - duration_serializer_1 1ms
INFO  2012-03-07 18:24:50,411 [localDummy_RequestHandler_1c1a0004_getStatus] - duration_validator 0ms
INFO  2012-03-07 18:24:50,412 [localDummy_RequestHandler_1c1a0004_getStatus] - duration_processing 1ms
INFO  2012-03-07 18:24:50,412 [localDummy_RequestHandler_1c1a0004_getStatus] - duration_reply_settype 0ms
INFO  2012-03-07 18:24:50,415 [localDummy_RequestHandler_1c1a0004_getStatus] - duration_serializer_2 3ms
INFO  2012-03-07 18:24:50,415 [localDummy_RequestHandler_1c1a0004_getStatus] - duration_requestHandler 5ms
DEBUG 2012-03-07 18:24:50,433 [localDummy_RequestHandler_1c1a0005_isAvailable] - start_requestHandler
INFO  2012-03-07 18:24:50,436 [localDummy_RequestHandler_1c1a0005_isAvailable] - duration_serializer_1 3ms
INFO  2012-03-07 18:24:50,436 [localDummy_RequestHandler_1c1a0005_isAvailable] - duration_validator 0ms
INFO  2012-03-07 18:24:50,437 [localDummy_RequestHandler_1c1a0005_isAvailable] - duration_processing 1ms
INFO  2012-03-07 18:24:50,437 [localDummy_RequestHandler_1c1a0005_isAvailable] - duration_reply_settype 0ms
INFO  2012-03-07 18:24:50,440 [localDummy_RequestHandler_1c1a0005_isAvailable] - duration_serializer_2 3ms
INFO  2012-03-07 18:24:50,440 [localDummy_RequestHandler_1c1a0005_isAvailable] - duration_requestHandler 7ms
DEBUG 2012-03-07 18:24:50,449 [localDummy_RequestHandler_1c1a0006_createReservation] - start_requestHandler
INFO  2012-03-07 18:24:50,453 [localDummy_RequestHandler_1c1a0006_createReservation] - duration_serializer_1 3ms
INFO  2012-03-07 18:24:50,454 [localDummy_RequestHandler_1c1a0006_createReservation] - duration_validator 1ms
INFO  2012-03-07 18:24:50,454 [localDummy_RequestHandler_1c1a0006_createReservation] - duration_processing 0ms
INFO  2012-03-07 18:24:50,455 [localDummy_RequestHandler_1c1a0006_createReservation] - duration_reply_settype 1ms
INFO  2012-03-07 18:24:50,458 [localDummy_RequestHandler_1c1a0006_createReservation] - duration_serializer_2 3ms
INFO  2012-03-07 18:24:50,459 [localDummy_RequestHandler_1c1a0006_createReservation] - duration_requestHandler 8ms
DEBUG 2012-03-07 18:24:50,464 [localDummy_RequestHandler_1c1a0007_getStatus] - start_requestHandler
INFO  2012-03-07 18:24:50,465 [localDummy_RequestHandler_1c1a0007_getStatus] - duration_serializer_1 1ms
INFO  2012-03-07 18:24:50,465 [localDummy_RequestHandler_1c1a0007_getStatus] - duration_validator 0ms
INFO  2012-03-07 18:24:50,466 [localDummy_RequestHandler_1c1a0007_getStatus] - duration_processing 1ms
INFO  2012-03-07 18:24:50,466 [localDummy_RequestHandler_1c1a0007_getStatus] - duration_reply_settype 0ms
INFO  2012-03-07 18:24:50,471 [localDummy_RequestHandler_1c1a0007_getStatus] - duration_serializer_2 5ms
INFO  2012-03-07 18:24:50,471 [localDummy_RequestHandler_1c1a0007_getStatus] - duration_requestHandler 7ms
DEBUG 2012-03-07 18:24:50,477 [localDummy_RequestHandler_1c1a0008_cancelReservation] - start_requestHandler
INFO  2012-03-07 18:24:50,479 [localDummy_RequestHandler_1c1a0008_cancelReservation] - duration_serializer_1 2ms
INFO  2012-03-07 18:24:50,479 [localDummy_RequestHandler_1c1a0008_cancelReservation] - duration_validator 0ms
INFO  2012-03-07 18:24:50,480 [localDummy_RequestHandler_1c1a0008_cancelReservation] - duration_processing 1ms
INFO  2012-03-07 18:24:50,480 [localDummy_RequestHandler_1c1a0008_cancelReservation] - duration_reply_settype 0ms
INFO  2012-03-07 18:24:50,483 [localDummy_RequestHandler_1c1a0008_cancelReservation] - duration_serializer_2 3ms
INFO  2012-03-07 18:24:50,483 [localDummy_RequestHandler_1c1a0008_cancelReservation] - duration_requestHandler 6ms
DEBUG 2012-03-07 18:24:50,487 [localDummy_RequestHandler_1c1a0009_getStatus] - start_requestHandler
INFO  2012-03-07 18:24:50,488 [localDummy_RequestHandler_1c1a0009_getStatus] - duration_serializer_1 1ms
INFO  2012-03-07 18:24:50,488 [localDummy_RequestHandler_1c1a0009_getStatus] - duration_validator 0ms
INFO  2012-03-07 18:24:50,489 [localDummy_RequestHandler_1c1a0009_getStatus] - duration_processing 1ms
INFO  2012-03-07 18:24:50,489 [localDummy_RequestHandler_1c1a0009_getStatus] - duration_reply_settype 0ms
INFO  2012-03-07 18:24:50,492 [localDummy_RequestHandler_1c1a0009_getStatus] - duration_serializer_2 3ms
INFO  2012-03-07 18:24:50,492 [localDummy_RequestHandler_1c1a0009_getStatus] - duration_requestHandler 5ms
DEBUG 2012-03-07 18:24:50,502 [localDummy_RequestHandler_1c1a000a_getReservations] - start_requestHandler
INFO  2012-03-07 18:24:50,503 [localDummy_RequestHandler_1c1a000a_getReservations] - duration_serializer_1 1ms
INFO  2012-03-07 18:24:50,503 [localDummy_RequestHandler_1c1a000a_getReservations] - duration_validator 0ms
INFO  2012-03-07 18:24:50,504 [localDummy_RequestHandler_1c1a000a_getReservations] - duration_processing 1ms
INFO  2012-03-07 18:24:50,505 [localDummy_RequestHandler_1c1a000a_getReservations] - duration_reply_settype 1ms
INFO  2012-03-07 18:24:50,509 [localDummy_RequestHandler_1c1a000a_getReservations] - duration_serializer_2 4ms
INFO  2012-03-07 18:24:50,510 [localDummy_RequestHandler_1c1a000a_getReservations] - duration_requestHandler 7ms
DEBUG 2012-03-07 18:24:50,519 [localDummy_RequestHandler_1c1a000b_bind] - start_requestHandler
INFO  2012-03-07 18:24:50,521 [localDummy_RequestHandler_1c1a000b_bind] - duration_serializer_1 2ms
INFO  2012-03-07 18:24:50,521 [localDummy_RequestHandler_1c1a000b_bind] - duration_validator 0ms
DEBUG 2012-03-07 18:24:50,557 [localDummy_RequestHandler_1c1a000c_isAvailable] - start_requestHandler
INFO  2012-03-07 18:24:50,561 [localDummy_RequestHandler_1c1a000c_isAvailable] - duration_serializer_1 4ms
INFO  2012-03-07 18:24:50,561 [localDummy_RequestHandler_1c1a000c_isAvailable] - duration_validator 0ms
INFO  2012-03-07 18:24:50,562 [localDummy_RequestHandler_1c1a000c_isAvailable] - duration_processing 1ms
INFO  2012-03-07 18:24:50,562 [localDummy_RequestHandler_1c1a000c_isAvailable] - duration_reply_settype 0ms
INFO  2012-03-07 18:24:50,566 [localDummy_RequestHandler_1c1a000c_isAvailable] - duration_serializer_2 4ms
INFO  2012-03-07 18:24:50,566 [localDummy_RequestHandler_1c1a000c_isAvailable] - duration_requestHandler 9ms
DEBUG 2012-03-07 18:24:50,576 [localDummy_RequestHandler_1c1a000d_createReservation] - start_requestHandler
INFO  2012-03-07 18:24:50,580 [localDummy_RequestHandler_1c1a000d_createReservation] - duration_serializer_1 4ms
INFO  2012-03-07 18:24:50,581 [localDummy_RequestHandler_1c1a000d_createReservation] - duration_validator 1ms
INFO  2012-03-07 18:24:50,581 [localDummy_RequestHandler_1c1a000d_createReservation] - duration_processing 0ms
INFO  2012-03-07 18:24:50,581 [localDummy_RequestHandler_1c1a000d_createReservation] - duration_reply_settype 0ms
INFO  2012-03-07 18:24:50,584 [localDummy_RequestHandler_1c1a000d_createReservation] - duration_serializer_2 3ms
INFO  2012-03-07 18:24:50,584 [localDummy_RequestHandler_1c1a000d_createReservation] - duration_requestHandler 8ms
DEBUG 2012-03-07 18:24:50,593 [localDummy_RequestHandler_1c1a000e_getReservations] - start_requestHandler
INFO  2012-03-07 18:24:50,595 [localDummy_RequestHandler_1c1a000e_getReservations] - duration_serializer_1 2ms
INFO  2012-03-07 18:24:50,595 [localDummy_RequestHandler_1c1a000e_getReservations] - duration_validator 0ms
INFO  2012-03-07 18:24:50,596 [localDummy_RequestHandler_1c1a000e_getReservations] - duration_processing 1ms
INFO  2012-03-07 18:24:50,597 [localDummy_RequestHandler_1c1a000e_getReservations] - duration_reply_settype 1ms
INFO  2012-03-07 18:24:50,604 [localDummy_RequestHandler_1c1a000e_getReservations] - duration_serializer_2 7ms
INFO  2012-03-07 18:24:50,604 [localDummy_RequestHandler_1c1a000e_getReservations] - duration_requestHandler 11ms
DEBUG 2012-03-07 18:24:50,619 [localDummy_RequestHandler_1c1a000f_getStatus] - start_requestHandler
INFO  2012-03-07 18:24:50,621 [localDummy_RequestHandler_1c1a000f_getStatus] - duration_serializer_1 2ms
INFO  2012-03-07 18:24:50,621 [localDummy_RequestHandler_1c1a000f_getStatus] - duration_validator 0ms
INFO  2012-03-07 18:24:50,621 [localDummy_RequestHandler_1c1a000f_getStatus] - duration_processing 0ms
INFO  2012-03-07 18:24:50,622 [localDummy_RequestHandler_1c1a000f_getStatus] - duration_reply_settype 1ms
INFO  2012-03-07 18:24:50,627 [localDummy_RequestHandler_1c1a000f_getStatus] - duration_serializer_2 5ms
INFO  2012-03-07 18:24:50,627 [localDummy_RequestHandler_1c1a000f_getStatus] - duration_requestHandler 8ms
DEBUG 2012-03-07 18:24:50,637 [localDummy_RequestHandler_1c1a0010_isAvailable] - start_requestHandler
INFO  2012-03-07 18:24:50,641 [localDummy_RequestHandler_1c1a0010_isAvailable] - duration_serializer_1 4ms
INFO  2012-03-07 18:24:50,641 [localDummy_RequestHandler_1c1a0010_isAvailable] - duration_validator 0ms
INFO  2012-03-07 18:24:50,643 [localDummy_RequestHandler_1c1a0010_isAvailable] - duration_processing 2ms
INFO  2012-03-07 18:24:50,643 [localDummy_RequestHandler_1c1a0010_isAvailable] - duration_reply_settype 0ms
INFO  2012-03-07 18:24:50,647 [localDummy_RequestHandler_1c1a0010_isAvailable] - duration_serializer_2 4ms
INFO  2012-03-07 18:24:50,647 [localDummy_RequestHandler_1c1a0010_isAvailable] - duration_requestHandler 10ms
DEBUG 2012-03-07 18:24:50,653 [localDummy_RequestHandler_1c1a0011_cancelReservation] - start_requestHandler
INFO  2012-03-07 18:24:50,655 [localDummy_RequestHandler_1c1a0011_cancelReservation] - duration_serializer_1 2ms
INFO  2012-03-07 18:24:50,655 [localDummy_RequestHandler_1c1a0011_cancelReservation] - duration_validator 0ms
INFO  2012-03-07 18:24:50,656 [localDummy_RequestHandler_1c1a0011_cancelReservation] - duration_processing 1ms
INFO  2012-03-07 18:24:50,656 [localDummy_RequestHandler_1c1a0011_cancelReservation] - duration_reply_settype 0ms
INFO  2012-03-07 18:24:50,659 [localDummy_RequestHandler_1c1a0011_cancelReservation] - duration_serializer_2 3ms
INFO  2012-03-07 18:24:50,659 [localDummy_RequestHandler_1c1a0011_cancelReservation] - duration_requestHandler 6ms
DEBUG 2012-03-07 18:24:50,663 [localDummy_RequestHandler_1c1a0012_getStatus] - start_requestHandler
INFO  2012-03-07 18:24:50,664 [localDummy_RequestHandler_1c1a0012_getStatus] - duration_serializer_1 1ms
INFO  2012-03-07 18:24:50,664 [localDummy_RequestHandler_1c1a0012_getStatus] - duration_validator 0ms
INFO  2012-03-07 18:24:50,668 [localDummy_RequestHandler_1c1a0012_getStatus] - duration_processing 4ms
INFO  2012-03-07 18:24:50,668 [localDummy_RequestHandler_1c1a0012_getStatus] - duration_reply_settype 0ms
INFO  2012-03-07 18:24:50,673 [localDummy_RequestHandler_1c1a0012_getStatus] - duration_serializer_2 5ms
INFO  2012-03-07 18:24:50,673 [localDummy_RequestHandler_1c1a0012_getStatus] - duration_requestHandler 10ms
DEBUG 2012-03-07 18:24:50,684 [localDummy_RequestHandler_1c1a0013_isAvailable] - start_requestHandler
INFO  2012-03-07 18:24:50,689 [localDummy_RequestHandler_1c1a0013_isAvailable] - duration_serializer_1 5ms
INFO  2012-03-07 18:24:50,689 [localDummy_RequestHandler_1c1a0013_isAvailable] - duration_validator 0ms
INFO  2012-03-07 18:24:50,690 [localDummy_RequestHandler_1c1a0013_isAvailable] - duration_processing 1ms
INFO  2012-03-07 18:24:50,690 [localDummy_RequestHandler_1c1a0013_isAvailable] - duration_reply_settype 0ms
INFO  2012-03-07 18:24:50,694 [localDummy_RequestHandler_1c1a0013_isAvailable] - duration_serializer_2 4ms
INFO  2012-03-07 18:24:50,694 [localDummy_RequestHandler_1c1a0013_isAvailable] - duration_requestHandler 10ms
DEBUG 2012-03-07 18:24:50,721 [localDummy_RequestHandler_1c1a0014_getDomains] - start_requestHandler
INFO  2012-03-07 18:24:50,723 [localDummy_RequestHandler_1c1a0014_getDomains] - duration_serializer_1 2ms
INFO  2012-03-07 18:24:50,724 [localDummy_RequestHandler_1c1a0014_getDomains] - duration_validator 1ms
INFO  2012-03-07 18:24:50,724 [localDummy_RequestHandler_1c1a0014_getDomains] - duration_processing 0ms
INFO  2012-03-07 18:24:50,724 [localDummy_RequestHandler_1c1a0014_getDomains] - duration_reply_settype 0ms
INFO  2012-03-07 18:24:50,728 [localDummy_RequestHandler_1c1a0014_getDomains] - duration_serializer_2 4ms
INFO  2012-03-07 18:24:50,729 [localDummy_RequestHandler_1c1a0014_getDomains] - duration_requestHandler 7ms
DEBUG 2012-03-07 18:24:50,734 [localDummy_RequestHandler_1c1a0015_getEndpoints] - start_requestHandler
INFO  2012-03-07 18:24:50,736 [localDummy_RequestHandler_1c1a0015_getEndpoints] - duration_serializer_1 2ms
INFO  2012-03-07 18:24:50,736 [localDummy_RequestHandler_1c1a0015_getEndpoints] - duration_validator 0ms
INFO  2012-03-07 18:24:50,736 [localDummy_RequestHandler_1c1a0015_getEndpoints] - duration_processing 0ms
INFO  2012-03-07 18:24:50,736 [localDummy_RequestHandler_1c1a0015_getEndpoints] - duration_reply_settype 0ms
INFO  2012-03-07 18:24:50,750 [localDummy_RequestHandler_1c1a0015_getEndpoints] - duration_serializer_2 14ms
INFO  2012-03-07 18:24:50,750 [localDummy_RequestHandler_1c1a0015_getEndpoints] - duration_requestHandler 16ms
DEBUG 2012-03-07 18:24:50,756 [localDummy_RequestHandler_1c1a0016_getLinks] - start_requestHandler
INFO  2012-03-07 18:24:50,758 [localDummy_RequestHandler_1c1a0016_getLinks] - duration_serializer_1 2ms
INFO  2012-03-07 18:24:50,758 [localDummy_RequestHandler_1c1a0016_getLinks] - duration_validator 0ms
INFO  2012-03-07 18:24:50,758 [localDummy_RequestHandler_1c1a0016_getLinks] - duration_processing 0ms
INFO  2012-03-07 18:24:50,759 [localDummy_RequestHandler_1c1a0016_getLinks] - duration_reply_settype 1ms
INFO  2012-03-07 18:24:50,762 [localDummy_RequestHandler_1c1a0016_getLinks] - duration_serializer_2 3ms
INFO  2012-03-07 18:24:50,762 [localDummy_RequestHandler_1c1a0016_getLinks] - duration_requestHandler 6ms
DEBUG 2012-03-07 18:24:50,811 [localDummy_RequestHandler_1c1a0017_addTopic] - start_requestHandler
INFO  2012-03-07 18:24:50,812 [localDummy_RequestHandler_1c1a0017_addTopic] - duration_serializer_1 1ms
INFO  2012-03-07 18:24:50,812 [localDummy_RequestHandler_1c1a0017_addTopic] - duration_validator 0ms
DEBUG 2012-03-08 17:32:53,512 [localDummy_RequestHandler_e9070000_isAvailable] - start_requestHandler
INFO  2012-03-08 17:32:53,535 [localDummy_RequestHandler_e9070000_isAvailable] - duration_serializer_1 23ms
INFO  2012-03-08 17:32:53,536 [localDummy_RequestHandler_e9070000_isAvailable] - duration_validator 1ms
INFO  2012-03-08 17:32:53,539 [localDummy_RequestHandler_e9070000_isAvailable] - duration_processing 3ms
INFO  2012-03-08 17:32:53,540 [localDummy_RequestHandler_e9070000_isAvailable] - duration_reply_settype 1ms
INFO  2012-03-08 17:32:53,542 [localDummy_RequestHandler_e9070000_isAvailable] - duration_serializer_2 2ms
INFO  2012-03-08 17:32:53,542 [localDummy_RequestHandler_e9070000_isAvailable] - duration_requestHandler 30ms
DEBUG 2012-03-08 17:32:53,550 [localDummy_RequestHandler_e9070001_createReservation] - start_requestHandler
INFO  2012-03-08 17:32:53,554 [localDummy_RequestHandler_e9070001_createReservation] - duration_serializer_1 4ms
INFO  2012-03-08 17:32:53,559 [localDummy_RequestHandler_e9070001_createReservation] - duration_validator 5ms
INFO  2012-03-08 17:32:53,560 [localDummy_RequestHandler_e9070001_createReservation] - duration_processing 1ms
INFO  2012-03-08 17:32:53,560 [localDummy_RequestHandler_e9070001_createReservation] - duration_reply_settype 0ms
INFO  2012-03-08 17:32:53,562 [localDummy_RequestHandler_e9070001_createReservation] - duration_serializer_2 2ms
INFO  2012-03-08 17:32:53,562 [localDummy_RequestHandler_e9070001_createReservation] - duration_requestHandler 12ms
DEBUG 2012-03-08 17:32:53,565 [localDummy_RequestHandler_e9070002_getStatus] - start_requestHandler
INFO  2012-03-08 17:32:53,567 [localDummy_RequestHandler_e9070002_getStatus] - duration_serializer_1 2ms
INFO  2012-03-08 17:32:53,567 [localDummy_RequestHandler_e9070002_getStatus] - duration_validator 0ms
INFO  2012-03-08 17:32:53,569 [localDummy_RequestHandler_e9070002_getStatus] - duration_processing 2ms
INFO  2012-03-08 17:32:53,569 [localDummy_RequestHandler_e9070002_getStatus] - duration_reply_settype 0ms
INFO  2012-03-08 17:32:53,573 [localDummy_RequestHandler_e9070002_getStatus] - duration_serializer_2 4ms
INFO  2012-03-08 17:32:53,573 [localDummy_RequestHandler_e9070002_getStatus] - duration_requestHandler 8ms
DEBUG 2012-03-08 17:32:53,578 [localDummy_RequestHandler_e9070003_cancelReservation] - start_requestHandler
INFO  2012-03-08 17:32:53,579 [localDummy_RequestHandler_e9070003_cancelReservation] - duration_serializer_1 1ms
INFO  2012-03-08 17:32:53,579 [localDummy_RequestHandler_e9070003_cancelReservation] - duration_validator 0ms
INFO  2012-03-08 17:32:53,580 [localDummy_RequestHandler_e9070003_cancelReservation] - duration_processing 1ms
INFO  2012-03-08 17:32:53,580 [localDummy_RequestHandler_e9070003_cancelReservation] - duration_reply_settype 0ms
INFO  2012-03-08 17:32:53,582 [localDummy_RequestHandler_e9070003_cancelReservation] - duration_serializer_2 2ms
INFO  2012-03-08 17:32:53,582 [localDummy_RequestHandler_e9070003_cancelReservation] - duration_requestHandler 4ms
DEBUG 2012-03-08 17:32:53,585 [localDummy_RequestHandler_e9070004_getStatus] - start_requestHandler
INFO  2012-03-08 17:32:53,586 [localDummy_RequestHandler_e9070004_getStatus] - duration_serializer_1 1ms
INFO  2012-03-08 17:32:53,586 [localDummy_RequestHandler_e9070004_getStatus] - duration_validator 0ms
INFO  2012-03-08 17:32:53,586 [localDummy_RequestHandler_e9070004_getStatus] - duration_processing 0ms
INFO  2012-03-08 17:32:53,586 [localDummy_RequestHandler_e9070004_getStatus] - duration_reply_settype 0ms
INFO  2012-03-08 17:32:53,590 [localDummy_RequestHandler_e9070004_getStatus] - duration_serializer_2 4ms
INFO  2012-03-08 17:32:53,590 [localDummy_RequestHandler_e9070004_getStatus] - duration_requestHandler 5ms
DEBUG 2012-03-08 17:32:53,603 [localDummy_RequestHandler_e9070005_isAvailable] - start_requestHandler
INFO  2012-03-08 17:32:53,606 [localDummy_RequestHandler_e9070005_isAvailable] - duration_serializer_1 3ms
INFO  2012-03-08 17:32:53,606 [localDummy_RequestHandler_e9070005_isAvailable] - duration_validator 0ms
INFO  2012-03-08 17:32:53,607 [localDummy_RequestHandler_e9070005_isAvailable] - duration_processing 1ms
INFO  2012-03-08 17:32:53,607 [localDummy_RequestHandler_e9070005_isAvailable] - duration_reply_settype 0ms
INFO  2012-03-08 17:32:53,609 [localDummy_RequestHandler_e9070005_isAvailable] - duration_serializer_2 2ms
INFO  2012-03-08 17:32:53,609 [localDummy_RequestHandler_e9070005_isAvailable] - duration_requestHandler 6ms
DEBUG 2012-03-08 17:32:53,615 [localDummy_RequestHandler_e9070006_createReservation] - start_requestHandler
INFO  2012-03-08 17:32:53,617 [localDummy_RequestHandler_e9070006_createReservation] - duration_serializer_1 2ms
INFO  2012-03-08 17:32:53,618 [localDummy_RequestHandler_e9070006_createReservation] - duration_validator 1ms
INFO  2012-03-08 17:32:53,618 [localDummy_RequestHandler_e9070006_createReservation] - duration_processing 0ms
INFO  2012-03-08 17:32:53,618 [localDummy_RequestHandler_e9070006_createReservation] - duration_reply_settype 0ms
INFO  2012-03-08 17:32:53,621 [localDummy_RequestHandler_e9070006_createReservation] - duration_serializer_2 3ms
INFO  2012-03-08 17:32:53,621 [localDummy_RequestHandler_e9070006_createReservation] - duration_requestHandler 6ms
DEBUG 2012-03-08 17:32:53,625 [localDummy_RequestHandler_e9070007_getStatus] - start_requestHandler
INFO  2012-03-08 17:32:53,626 [localDummy_RequestHandler_e9070007_getStatus] - duration_serializer_1 1ms
INFO  2012-03-08 17:32:53,626 [localDummy_RequestHandler_e9070007_getStatus] - duration_validator 0ms
INFO  2012-03-08 17:32:53,626 [localDummy_RequestHandler_e9070007_getStatus] - duration_processing 0ms
INFO  2012-03-08 17:32:53,626 [localDummy_RequestHandler_e9070007_getStatus] - duration_reply_settype 0ms
INFO  2012-03-08 17:32:53,630 [localDummy_RequestHandler_e9070007_getStatus] - duration_serializer_2 4ms
INFO  2012-03-08 17:32:53,630 [localDummy_RequestHandler_e9070007_getStatus] - duration_requestHandler 5ms
DEBUG 2012-03-08 17:32:53,636 [localDummy_RequestHandler_e9070008_cancelReservation] - start_requestHandler
INFO  2012-03-08 17:32:53,637 [localDummy_RequestHandler_e9070008_cancelReservation] - duration_serializer_1 1ms
INFO  2012-03-08 17:32:53,637 [localDummy_RequestHandler_e9070008_cancelReservation] - duration_validator 0ms
INFO  2012-03-08 17:32:53,638 [localDummy_RequestHandler_e9070008_cancelReservation] - duration_processing 1ms
INFO  2012-03-08 17:32:53,638 [localDummy_RequestHandler_e9070008_cancelReservation] - duration_reply_settype 0ms
INFO  2012-03-08 17:32:53,641 [localDummy_RequestHandler_e9070008_cancelReservation] - duration_serializer_2 3ms
INFO  2012-03-08 17:32:53,641 [localDummy_RequestHandler_e9070008_cancelReservation] - duration_requestHandler 5ms
DEBUG 2012-03-08 17:32:53,644 [localDummy_RequestHandler_e9070009_getStatus] - start_requestHandler
INFO  2012-03-08 17:32:53,645 [localDummy_RequestHandler_e9070009_getStatus] - duration_serializer_1 1ms
INFO  2012-03-08 17:32:53,645 [localDummy_RequestHandler_e9070009_getStatus] - duration_validator 0ms
INFO  2012-03-08 17:32:53,646 [localDummy_RequestHandler_e9070009_getStatus] - duration_processing 1ms
INFO  2012-03-08 17:32:53,646 [localDummy_RequestHandler_e9070009_getStatus] - duration_reply_settype 0ms
INFO  2012-03-08 17:32:53,649 [localDummy_RequestHandler_e9070009_getStatus] - duration_serializer_2 3ms
INFO  2012-03-08 17:32:53,649 [localDummy_RequestHandler_e9070009_getStatus] - duration_requestHandler 5ms
DEBUG 2012-03-08 17:32:53,662 [localDummy_RequestHandler_e907000a_getReservations] - start_requestHandler
INFO  2012-03-08 17:32:53,663 [localDummy_RequestHandler_e907000a_getReservations] - duration_serializer_1 1ms
INFO  2012-03-08 17:32:53,664 [localDummy_RequestHandler_e907000a_getReservations] - duration_validator 1ms
INFO  2012-03-08 17:32:53,665 [localDummy_RequestHandler_e907000a_getReservations] - duration_processing 1ms
INFO  2012-03-08 17:32:53,665 [localDummy_RequestHandler_e907000a_getReservations] - duration_reply_settype 0ms
INFO  2012-03-08 17:32:53,669 [localDummy_RequestHandler_e907000a_getReservations] - duration_serializer_2 4ms
INFO  2012-03-08 17:32:53,669 [localDummy_RequestHandler_e907000a_getReservations] - duration_requestHandler 7ms
DEBUG 2012-03-08 17:32:53,678 [localDummy_RequestHandler_e907000b_bind] - start_requestHandler
INFO  2012-03-08 17:32:53,680 [localDummy_RequestHandler_e907000b_bind] - duration_serializer_1 2ms
INFO  2012-03-08 17:32:53,680 [localDummy_RequestHandler_e907000b_bind] - duration_validator 0ms
DEBUG 2012-03-08 17:32:53,715 [localDummy_RequestHandler_e907000c_isAvailable] - start_requestHandler
INFO  2012-03-08 17:32:53,719 [localDummy_RequestHandler_e907000c_isAvailable] - duration_serializer_1 4ms
INFO  2012-03-08 17:32:53,719 [localDummy_RequestHandler_e907000c_isAvailable] - duration_validator 0ms
INFO  2012-03-08 17:32:53,720 [localDummy_RequestHandler_e907000c_isAvailable] - duration_processing 1ms
INFO  2012-03-08 17:32:53,720 [localDummy_RequestHandler_e907000c_isAvailable] - duration_reply_settype 0ms
INFO  2012-03-08 17:32:53,724 [localDummy_RequestHandler_e907000c_isAvailable] - duration_serializer_2 4ms
INFO  2012-03-08 17:32:53,724 [localDummy_RequestHandler_e907000c_isAvailable] - duration_requestHandler 9ms
DEBUG 2012-03-08 17:32:53,734 [localDummy_RequestHandler_e907000d_createReservation] - start_requestHandler
INFO  2012-03-08 17:32:53,738 [localDummy_RequestHandler_e907000d_createReservation] - duration_serializer_1 4ms
INFO  2012-03-08 17:32:53,738 [localDummy_RequestHandler_e907000d_createReservation] - duration_validator 0ms
INFO  2012-03-08 17:32:53,738 [localDummy_RequestHandler_e907000d_createReservation] - duration_processing 0ms
INFO  2012-03-08 17:32:53,739 [localDummy_RequestHandler_e907000d_createReservation] - duration_reply_settype 1ms
INFO  2012-03-08 17:32:53,742 [localDummy_RequestHandler_e907000d_createReservation] - duration_serializer_2 3ms
INFO  2012-03-08 17:32:53,742 [localDummy_RequestHandler_e907000d_createReservation] - duration_requestHandler 8ms
DEBUG 2012-03-08 17:32:53,749 [localDummy_RequestHandler_e907000e_getReservations] - start_requestHandler
INFO  2012-03-08 17:32:53,751 [localDummy_RequestHandler_e907000e_getReservations] - duration_serializer_1 2ms
INFO  2012-03-08 17:32:53,751 [localDummy_RequestHandler_e907000e_getReservations] - duration_validator 0ms
INFO  2012-03-08 17:32:53,753 [localDummy_RequestHandler_e907000e_getReservations] - duration_processing 2ms
INFO  2012-03-08 17:32:53,753 [localDummy_RequestHandler_e907000e_getReservations] - duration_reply_settype 0ms
INFO  2012-03-08 17:32:53,760 [localDummy_RequestHandler_e907000e_getReservations] - duration_serializer_2 7ms
INFO  2012-03-08 17:32:53,760 [localDummy_RequestHandler_e907000e_getReservations] - duration_requestHandler 11ms
DEBUG 2012-03-08 17:32:53,773 [localDummy_RequestHandler_e907000f_getStatus] - start_requestHandler
INFO  2012-03-08 17:32:53,775 [localDummy_RequestHandler_e907000f_getStatus] - duration_serializer_1 2ms
INFO  2012-03-08 17:32:53,775 [localDummy_RequestHandler_e907000f_getStatus] - duration_validator 0ms
INFO  2012-03-08 17:32:53,776 [localDummy_RequestHandler_e907000f_getStatus] - duration_processing 1ms
INFO  2012-03-08 17:32:53,776 [localDummy_RequestHandler_e907000f_getStatus] - duration_reply_settype 0ms
INFO  2012-03-08 17:32:53,780 [localDummy_RequestHandler_e907000f_getStatus] - duration_serializer_2 4ms
INFO  2012-03-08 17:32:53,780 [localDummy_RequestHandler_e907000f_getStatus] - duration_requestHandler 7ms
DEBUG 2012-03-08 17:32:53,790 [localDummy_RequestHandler_e9070010_isAvailable] - start_requestHandler
INFO  2012-03-08 17:32:53,794 [localDummy_RequestHandler_e9070010_isAvailable] - duration_serializer_1 4ms
INFO  2012-03-08 17:32:53,794 [localDummy_RequestHandler_e9070010_isAvailable] - duration_validator 0ms
INFO  2012-03-08 17:32:53,795 [localDummy_RequestHandler_e9070010_isAvailable] - duration_processing 1ms
INFO  2012-03-08 17:32:53,795 [localDummy_RequestHandler_e9070010_isAvailable] - duration_reply_settype 0ms
INFO  2012-03-08 17:32:53,798 [localDummy_RequestHandler_e9070010_isAvailable] - duration_serializer_2 3ms
INFO  2012-03-08 17:32:53,798 [localDummy_RequestHandler_e9070010_isAvailable] - duration_requestHandler 8ms
DEBUG 2012-03-08 17:32:53,803 [localDummy_RequestHandler_e9070011_cancelReservation] - start_requestHandler
INFO  2012-03-08 17:32:53,805 [localDummy_RequestHandler_e9070011_cancelReservation] - duration_serializer_1 1ms
INFO  2012-03-08 17:32:53,805 [localDummy_RequestHandler_e9070011_cancelReservation] - duration_validator 0ms
INFO  2012-03-08 17:32:53,805 [localDummy_RequestHandler_e9070011_cancelReservation] - duration_processing 0ms
INFO  2012-03-08 17:32:53,806 [localDummy_RequestHandler_e9070011_cancelReservation] - duration_reply_settype 1ms
INFO  2012-03-08 17:32:53,807 [localDummy_RequestHandler_e9070011_cancelReservation] - duration_serializer_2 1ms
INFO  2012-03-08 17:32:53,808 [localDummy_RequestHandler_e9070011_cancelReservation] - duration_requestHandler 3ms
DEBUG 2012-03-08 17:32:53,811 [localDummy_RequestHandler_e9070012_getStatus] - start_requestHandler
INFO  2012-03-08 17:32:53,812 [localDummy_RequestHandler_e9070012_getStatus] - duration_serializer_1 1ms
INFO  2012-03-08 17:32:53,812 [localDummy_RequestHandler_e9070012_getStatus] - duration_validator 0ms
INFO  2012-03-08 17:32:53,812 [localDummy_RequestHandler_e9070012_getStatus] - duration_processing 0ms
INFO  2012-03-08 17:32:53,813 [localDummy_RequestHandler_e9070012_getStatus] - duration_reply_settype 1ms
INFO  2012-03-08 17:32:53,816 [localDummy_RequestHandler_e9070012_getStatus] - duration_serializer_2 3ms
INFO  2012-03-08 17:32:53,816 [localDummy_RequestHandler_e9070012_getStatus] - duration_requestHandler 5ms
DEBUG 2012-03-08 17:32:53,823 [localDummy_RequestHandler_e9070013_isAvailable] - start_requestHandler
INFO  2012-03-08 17:32:53,827 [localDummy_RequestHandler_e9070013_isAvailable] - duration_serializer_1 4ms
INFO  2012-03-08 17:32:53,827 [localDummy_RequestHandler_e9070013_isAvailable] - duration_validator 0ms
INFO  2012-03-08 17:32:53,827 [localDummy_RequestHandler_e9070013_isAvailable] - duration_processing 0ms
INFO  2012-03-08 17:32:53,827 [localDummy_RequestHandler_e9070013_isAvailable] - duration_reply_settype 0ms
INFO  2012-03-08 17:32:53,830 [localDummy_RequestHandler_e9070013_isAvailable] - duration_serializer_2 3ms
INFO  2012-03-08 17:32:53,830 [localDummy_RequestHandler_e9070013_isAvailable] - duration_requestHandler 7ms
DEBUG 2012-03-08 17:32:53,852 [localDummy_RequestHandler_e9070014_getDomains] - start_requestHandler
INFO  2012-03-08 17:32:53,854 [localDummy_RequestHandler_e9070014_getDomains] - duration_serializer_1 2ms
INFO  2012-03-08 17:32:53,854 [localDummy_RequestHandler_e9070014_getDomains] - duration_validator 0ms
INFO  2012-03-08 17:32:53,855 [localDummy_RequestHandler_e9070014_getDomains] - duration_processing 1ms
INFO  2012-03-08 17:32:53,855 [localDummy_RequestHandler_e9070014_getDomains] - duration_reply_settype 0ms
INFO  2012-03-08 17:32:53,858 [localDummy_RequestHandler_e9070014_getDomains] - duration_serializer_2 3ms
INFO  2012-03-08 17:32:53,858 [localDummy_RequestHandler_e9070014_getDomains] - duration_requestHandler 6ms
DEBUG 2012-03-08 17:32:53,863 [localDummy_RequestHandler_e9070015_getEndpoints] - start_requestHandler
INFO  2012-03-08 17:32:53,864 [localDummy_RequestHandler_e9070015_getEndpoints] - duration_serializer_1 1ms
INFO  2012-03-08 17:32:53,864 [localDummy_RequestHandler_e9070015_getEndpoints] - duration_validator 0ms
INFO  2012-03-08 17:32:53,865 [localDummy_RequestHandler_e9070015_getEndpoints] - duration_processing 1ms
INFO  2012-03-08 17:32:53,865 [localDummy_RequestHandler_e9070015_getEndpoints] - duration_reply_settype 0ms
INFO  2012-03-08 17:32:53,868 [localDummy_RequestHandler_e9070015_getEndpoints] - duration_serializer_2 3ms
INFO  2012-03-08 17:32:53,868 [localDummy_RequestHandler_e9070015_getEndpoints] - duration_requestHandler 5ms
DEBUG 2012-03-08 17:32:53,874 [localDummy_RequestHandler_e9070016_getLinks] - start_requestHandler
INFO  2012-03-08 17:32:53,875 [localDummy_RequestHandler_e9070016_getLinks] - duration_serializer_1 1ms
INFO  2012-03-08 17:32:53,875 [localDummy_RequestHandler_e9070016_getLinks] - duration_validator 0ms
INFO  2012-03-08 17:32:53,876 [localDummy_RequestHandler_e9070016_getLinks] - duration_processing 1ms
INFO  2012-03-08 17:32:53,876 [localDummy_RequestHandler_e9070016_getLinks] - duration_reply_settype 0ms
INFO  2012-03-08 17:32:53,879 [localDummy_RequestHandler_e9070016_getLinks] - duration_serializer_2 3ms
INFO  2012-03-08 17:32:53,879 [localDummy_RequestHandler_e9070016_getLinks] - duration_requestHandler 5ms
DEBUG 2012-03-08 17:32:53,920 [localDummy_RequestHandler_e9070017_addTopic] - start_requestHandler
INFO  2012-03-08 17:32:53,921 [localDummy_RequestHandler_e9070017_addTopic] - duration_serializer_1 1ms
INFO  2012-03-08 17:32:53,921 [localDummy_RequestHandler_e9070017_addTopic] - duration_validator 0ms
DEBUG 2012-03-08 17:35:12,401 [localDummy_RequestHandler_07900000_isAvailable] - start_requestHandler
INFO  2012-03-08 17:35:12,424 [localDummy_RequestHandler_07900000_isAvailable] - duration_serializer_1 23ms
INFO  2012-03-08 17:35:12,425 [localDummy_RequestHandler_07900000_isAvailable] - duration_validator 1ms
INFO  2012-03-08 17:35:12,428 [localDummy_RequestHandler_07900000_isAvailable] - duration_processing 3ms
INFO  2012-03-08 17:35:12,428 [localDummy_RequestHandler_07900000_isAvailable] - duration_reply_settype 0ms
INFO  2012-03-08 17:35:12,430 [localDummy_RequestHandler_07900000_isAvailable] - duration_serializer_2 2ms
INFO  2012-03-08 17:35:12,431 [localDummy_RequestHandler_07900000_isAvailable] - duration_requestHandler 29ms
DEBUG 2012-03-08 17:35:12,438 [localDummy_RequestHandler_07900001_createReservation] - start_requestHandler
INFO  2012-03-08 17:35:12,441 [localDummy_RequestHandler_07900001_createReservation] - duration_serializer_1 3ms
INFO  2012-03-08 17:35:12,445 [localDummy_RequestHandler_07900001_createReservation] - duration_validator 4ms
INFO  2012-03-08 17:35:12,446 [localDummy_RequestHandler_07900001_createReservation] - duration_processing 1ms
INFO  2012-03-08 17:35:12,446 [localDummy_RequestHandler_07900001_createReservation] - duration_reply_settype 0ms
INFO  2012-03-08 17:35:12,448 [localDummy_RequestHandler_07900001_createReservation] - duration_serializer_2 2ms
INFO  2012-03-08 17:35:12,448 [localDummy_RequestHandler_07900001_createReservation] - duration_requestHandler 10ms
DEBUG 2012-03-08 17:35:12,451 [localDummy_RequestHandler_07900002_getStatus] - start_requestHandler
INFO  2012-03-08 17:35:12,452 [localDummy_RequestHandler_07900002_getStatus] - duration_serializer_1 1ms
INFO  2012-03-08 17:35:12,453 [localDummy_RequestHandler_07900002_getStatus] - duration_validator 1ms
INFO  2012-03-08 17:35:12,453 [localDummy_RequestHandler_07900002_getStatus] - duration_processing 0ms
INFO  2012-03-08 17:35:12,453 [localDummy_RequestHandler_07900002_getStatus] - duration_reply_settype 0ms
INFO  2012-03-08 17:35:12,456 [localDummy_RequestHandler_07900002_getStatus] - duration_serializer_2 3ms
INFO  2012-03-08 17:35:12,457 [localDummy_RequestHandler_07900002_getStatus] - duration_requestHandler 5ms
DEBUG 2012-03-08 17:35:12,462 [localDummy_RequestHandler_07900003_cancelReservation] - start_requestHandler
INFO  2012-03-08 17:35:12,463 [localDummy_RequestHandler_07900003_cancelReservation] - duration_serializer_1 1ms
INFO  2012-03-08 17:35:12,463 [localDummy_RequestHandler_07900003_cancelReservation] - duration_validator 0ms
INFO  2012-03-08 17:35:12,464 [localDummy_RequestHandler_07900003_cancelReservation] - duration_processing 1ms
INFO  2012-03-08 17:35:12,464 [localDummy_RequestHandler_07900003_cancelReservation] - duration_reply_settype 0ms
INFO  2012-03-08 17:35:12,466 [localDummy_RequestHandler_07900003_cancelReservation] - duration_serializer_2 2ms
INFO  2012-03-08 17:35:12,466 [localDummy_RequestHandler_07900003_cancelReservation] - duration_requestHandler 4ms
DEBUG 2012-03-08 17:35:12,469 [localDummy_RequestHandler_07900004_getStatus] - start_requestHandler
INFO  2012-03-08 17:35:12,470 [localDummy_RequestHandler_07900004_getStatus] - duration_serializer_1 1ms
INFO  2012-03-08 17:35:12,470 [localDummy_RequestHandler_07900004_getStatus] - duration_validator 0ms
INFO  2012-03-08 17:35:12,470 [localDummy_RequestHandler_07900004_getStatus] - duration_processing 0ms
INFO  2012-03-08 17:35:12,470 [localDummy_RequestHandler_07900004_getStatus] - duration_reply_settype 0ms
INFO  2012-03-08 17:35:12,474 [localDummy_RequestHandler_07900004_getStatus] - duration_serializer_2 4ms
INFO  2012-03-08 17:35:12,474 [localDummy_RequestHandler_07900004_getStatus] - duration_requestHandler 5ms
DEBUG 2012-03-08 17:35:12,486 [localDummy_RequestHandler_07900005_isAvailable] - start_requestHandler
INFO  2012-03-08 17:35:12,488 [localDummy_RequestHandler_07900005_isAvailable] - duration_serializer_1 2ms
INFO  2012-03-08 17:35:12,489 [localDummy_RequestHandler_07900005_isAvailable] - duration_validator 1ms
INFO  2012-03-08 17:35:12,489 [localDummy_RequestHandler_07900005_isAvailable] - duration_processing 0ms
INFO  2012-03-08 17:35:12,489 [localDummy_RequestHandler_07900005_isAvailable] - duration_reply_settype 0ms
INFO  2012-03-08 17:35:12,491 [localDummy_RequestHandler_07900005_isAvailable] - duration_serializer_2 2ms
INFO  2012-03-08 17:35:12,492 [localDummy_RequestHandler_07900005_isAvailable] - duration_requestHandler 5ms
DEBUG 2012-03-08 17:35:12,499 [localDummy_RequestHandler_07900006_createReservation] - start_requestHandler
INFO  2012-03-08 17:35:12,503 [localDummy_RequestHandler_07900006_createReservation] - duration_serializer_1 4ms
INFO  2012-03-08 17:35:12,504 [localDummy_RequestHandler_07900006_createReservation] - duration_validator 1ms
INFO  2012-03-08 17:35:12,504 [localDummy_RequestHandler_07900006_createReservation] - duration_processing 0ms
INFO  2012-03-08 17:35:12,504 [localDummy_RequestHandler_07900006_createReservation] - duration_reply_settype 0ms
INFO  2012-03-08 17:35:12,508 [localDummy_RequestHandler_07900006_createReservation] - duration_serializer_2 4ms
INFO  2012-03-08 17:35:12,508 [localDummy_RequestHandler_07900006_createReservation] - duration_requestHandler 9ms
DEBUG 2012-03-08 17:35:12,513 [localDummy_RequestHandler_07900007_getStatus] - start_requestHandler
INFO  2012-03-08 17:35:12,514 [localDummy_RequestHandler_07900007_getStatus] - duration_serializer_1 1ms
INFO  2012-03-08 17:35:12,514 [localDummy_RequestHandler_07900007_getStatus] - duration_validator 0ms
INFO  2012-03-08 17:35:12,515 [localDummy_RequestHandler_07900007_getStatus] - duration_processing 1ms
INFO  2012-03-08 17:35:12,515 [localDummy_RequestHandler_07900007_getStatus] - duration_reply_settype 0ms
INFO  2012-03-08 17:35:12,520 [localDummy_RequestHandler_07900007_getStatus] - duration_serializer_2 5ms
INFO  2012-03-08 17:35:12,520 [localDummy_RequestHandler_07900007_getStatus] - duration_requestHandler 7ms
DEBUG 2012-03-08 17:35:12,528 [localDummy_RequestHandler_07900008_cancelReservation] - start_requestHandler
INFO  2012-03-08 17:35:12,530 [localDummy_RequestHandler_07900008_cancelReservation] - duration_serializer_1 2ms
INFO  2012-03-08 17:35:12,530 [localDummy_RequestHandler_07900008_cancelReservation] - duration_validator 0ms
INFO  2012-03-08 17:35:12,530 [localDummy_RequestHandler_07900008_cancelReservation] - duration_processing 0ms
INFO  2012-03-08 17:35:12,531 [localDummy_RequestHandler_07900008_cancelReservation] - duration_reply_settype 1ms
INFO  2012-03-08 17:35:12,533 [localDummy_RequestHandler_07900008_cancelReservation] - duration_serializer_2 2ms
INFO  2012-03-08 17:35:12,533 [localDummy_RequestHandler_07900008_cancelReservation] - duration_requestHandler 5ms
DEBUG 2012-03-08 17:35:12,536 [localDummy_RequestHandler_07900009_getStatus] - start_requestHandler
INFO  2012-03-08 17:35:12,537 [localDummy_RequestHandler_07900009_getStatus] - duration_serializer_1 1ms
INFO  2012-03-08 17:35:12,537 [localDummy_RequestHandler_07900009_getStatus] - duration_validator 0ms
INFO  2012-03-08 17:35:12,537 [localDummy_RequestHandler_07900009_getStatus] - duration_processing 0ms
INFO  2012-03-08 17:35:12,537 [localDummy_RequestHandler_07900009_getStatus] - duration_reply_settype 0ms
INFO  2012-03-08 17:35:12,541 [localDummy_RequestHandler_07900009_getStatus] - duration_serializer_2 4ms
INFO  2012-03-08 17:35:12,541 [localDummy_RequestHandler_07900009_getStatus] - duration_requestHandler 5ms
DEBUG 2012-03-08 17:35:12,551 [localDummy_RequestHandler_0790000a_getReservations] - start_requestHandler
INFO  2012-03-08 17:35:12,553 [localDummy_RequestHandler_0790000a_getReservations] - duration_serializer_1 1ms
INFO  2012-03-08 17:35:12,553 [localDummy_RequestHandler_0790000a_getReservations] - duration_validator 1ms
INFO  2012-03-08 17:35:12,554 [localDummy_RequestHandler_0790000a_getReservations] - duration_processing 1ms
INFO  2012-03-08 17:35:12,554 [localDummy_RequestHandler_0790000a_getReservations] - duration_reply_settype 0ms
INFO  2012-03-08 17:35:12,558 [localDummy_RequestHandler_0790000a_getReservations] - duration_serializer_2 4ms
INFO  2012-03-08 17:35:12,558 [localDummy_RequestHandler_0790000a_getReservations] - duration_requestHandler 7ms
DEBUG 2012-03-08 17:35:12,568 [localDummy_RequestHandler_0790000b_bind] - start_requestHandler
INFO  2012-03-08 17:35:12,569 [localDummy_RequestHandler_0790000b_bind] - duration_serializer_1 1ms
INFO  2012-03-08 17:35:12,569 [localDummy_RequestHandler_0790000b_bind] - duration_validator 0ms
DEBUG 2012-03-08 17:35:12,599 [localDummy_RequestHandler_0790000c_isAvailable] - start_requestHandler
INFO  2012-03-08 17:35:12,603 [localDummy_RequestHandler_0790000c_isAvailable] - duration_serializer_1 4ms
INFO  2012-03-08 17:35:12,603 [localDummy_RequestHandler_0790000c_isAvailable] - duration_validator 0ms
INFO  2012-03-08 17:35:12,604 [localDummy_RequestHandler_0790000c_isAvailable] - duration_processing 1ms
INFO  2012-03-08 17:35:12,604 [localDummy_RequestHandler_0790000c_isAvailable] - duration_reply_settype 0ms
INFO  2012-03-08 17:35:12,608 [localDummy_RequestHandler_0790000c_isAvailable] - duration_serializer_2 4ms
INFO  2012-03-08 17:35:12,608 [localDummy_RequestHandler_0790000c_isAvailable] - duration_requestHandler 9ms
DEBUG 2012-03-08 17:35:12,617 [localDummy_RequestHandler_0790000d_createReservation] - start_requestHandler
INFO  2012-03-08 17:35:12,621 [localDummy_RequestHandler_0790000d_createReservation] - duration_serializer_1 4ms
INFO  2012-03-08 17:35:12,621 [localDummy_RequestHandler_0790000d_createReservation] - duration_validator 0ms
INFO  2012-03-08 17:35:12,622 [localDummy_RequestHandler_0790000d_createReservation] - duration_processing 1ms
INFO  2012-03-08 17:35:12,622 [localDummy_RequestHandler_0790000d_createReservation] - duration_reply_settype 0ms
INFO  2012-03-08 17:35:12,625 [localDummy_RequestHandler_0790000d_createReservation] - duration_serializer_2 3ms
INFO  2012-03-08 17:35:12,625 [localDummy_RequestHandler_0790000d_createReservation] - duration_requestHandler 8ms
DEBUG 2012-03-08 17:35:12,634 [localDummy_RequestHandler_0790000e_getReservations] - start_requestHandler
INFO  2012-03-08 17:35:12,636 [localDummy_RequestHandler_0790000e_getReservations] - duration_serializer_1 2ms
INFO  2012-03-08 17:35:12,636 [localDummy_RequestHandler_0790000e_getReservations] - duration_validator 0ms
INFO  2012-03-08 17:35:12,637 [localDummy_RequestHandler_0790000e_getReservations] - duration_processing 1ms
INFO  2012-03-08 17:35:12,637 [localDummy_RequestHandler_0790000e_getReservations] - duration_reply_settype 0ms
INFO  2012-03-08 17:35:12,644 [localDummy_RequestHandler_0790000e_getReservations] - duration_serializer_2 7ms
INFO  2012-03-08 17:35:12,644 [localDummy_RequestHandler_0790000e_getReservations] - duration_requestHandler 10ms
DEBUG 2012-03-08 17:35:12,654 [localDummy_RequestHandler_0790000f_getStatus] - start_requestHandler
INFO  2012-03-08 17:35:12,655 [localDummy_RequestHandler_0790000f_getStatus] - duration_serializer_1 1ms
INFO  2012-03-08 17:35:12,655 [localDummy_RequestHandler_0790000f_getStatus] - duration_validator 0ms
INFO  2012-03-08 17:35:12,656 [localDummy_RequestHandler_0790000f_getStatus] - duration_processing 1ms
INFO  2012-03-08 17:35:12,656 [localDummy_RequestHandler_0790000f_getStatus] - duration_reply_settype 0ms
INFO  2012-03-08 17:35:12,659 [localDummy_RequestHandler_0790000f_getStatus] - duration_serializer_2 3ms
INFO  2012-03-08 17:35:12,659 [localDummy_RequestHandler_0790000f_getStatus] - duration_requestHandler 5ms
DEBUG 2012-03-08 17:35:12,666 [localDummy_RequestHandler_07900010_isAvailable] - start_requestHandler
INFO  2012-03-08 17:35:12,669 [localDummy_RequestHandler_07900010_isAvailable] - duration_serializer_1 3ms
INFO  2012-03-08 17:35:12,669 [localDummy_RequestHandler_07900010_isAvailable] - duration_validator 0ms
INFO  2012-03-08 17:35:12,670 [localDummy_RequestHandler_07900010_isAvailable] - duration_processing 1ms
INFO  2012-03-08 17:35:12,670 [localDummy_RequestHandler_07900010_isAvailable] - duration_reply_settype 0ms
INFO  2012-03-08 17:35:12,672 [localDummy_RequestHandler_07900010_isAvailable] - duration_serializer_2 2ms
INFO  2012-03-08 17:35:12,672 [localDummy_RequestHandler_07900010_isAvailable] - duration_requestHandler 6ms
DEBUG 2012-03-08 17:35:12,677 [localDummy_RequestHandler_07900011_cancelReservation] - start_requestHandler
INFO  2012-03-08 17:35:12,678 [localDummy_RequestHandler_07900011_cancelReservation] - duration_serializer_1 1ms
INFO  2012-03-08 17:35:12,678 [localDummy_RequestHandler_07900011_cancelReservation] - duration_validator 0ms
INFO  2012-03-08 17:35:12,679 [localDummy_RequestHandler_07900011_cancelReservation] - duration_processing 1ms
INFO  2012-03-08 17:35:12,679 [localDummy_RequestHandler_07900011_cancelReservation] - duration_reply_settype 0ms
INFO  2012-03-08 17:35:12,681 [localDummy_RequestHandler_07900011_cancelReservation] - duration_serializer_2 2ms
INFO  2012-03-08 17:35:12,681 [localDummy_RequestHandler_07900011_cancelReservation] - duration_requestHandler 4ms
DEBUG 2012-03-08 17:35:12,685 [localDummy_RequestHandler_07900012_getStatus] - start_requestHandler
INFO  2012-03-08 17:35:12,686 [localDummy_RequestHandler_07900012_getStatus] - duration_serializer_1 1ms
INFO  2012-03-08 17:35:12,686 [localDummy_RequestHandler_07900012_getStatus] - duration_validator 0ms
INFO  2012-03-08 17:35:12,686 [localDummy_RequestHandler_07900012_getStatus] - duration_processing 0ms
INFO  2012-03-08 17:35:12,686 [localDummy_RequestHandler_07900012_getStatus] - duration_reply_settype 0ms
INFO  2012-03-08 17:35:12,690 [localDummy_RequestHandler_07900012_getStatus] - duration_serializer_2 4ms
INFO  2012-03-08 17:35:12,690 [localDummy_RequestHandler_07900012_getStatus] - duration_requestHandler 5ms
DEBUG 2012-03-08 17:35:12,696 [localDummy_RequestHandler_07900013_isAvailable] - start_requestHandler
INFO  2012-03-08 17:35:12,699 [localDummy_RequestHandler_07900013_isAvailable] - duration_serializer_1 3ms
INFO  2012-03-08 17:35:12,700 [localDummy_RequestHandler_07900013_isAvailable] - duration_validator 1ms
INFO  2012-03-08 17:35:12,700 [localDummy_RequestHandler_07900013_isAvailable] - duration_processing 0ms
INFO  2012-03-08 17:35:12,700 [localDummy_RequestHandler_07900013_isAvailable] - duration_reply_settype 0ms
INFO  2012-03-08 17:35:12,704 [localDummy_RequestHandler_07900013_isAvailable] - duration_serializer_2 4ms
INFO  2012-03-08 17:35:12,704 [localDummy_RequestHandler_07900013_isAvailable] - duration_requestHandler 8ms
DEBUG 2012-03-08 17:35:12,730 [localDummy_RequestHandler_07900014_getDomains] - start_requestHandler
INFO  2012-03-08 17:35:12,732 [localDummy_RequestHandler_07900014_getDomains] - duration_serializer_1 2ms
INFO  2012-03-08 17:35:12,732 [localDummy_RequestHandler_07900014_getDomains] - duration_validator 0ms
INFO  2012-03-08 17:35:12,733 [localDummy_RequestHandler_07900014_getDomains] - duration_processing 0ms
INFO  2012-03-08 17:35:12,733 [localDummy_RequestHandler_07900014_getDomains] - duration_reply_settype 1ms
INFO  2012-03-08 17:35:12,736 [localDummy_RequestHandler_07900014_getDomains] - duration_serializer_2 2ms
INFO  2012-03-08 17:35:12,736 [localDummy_RequestHandler_07900014_getDomains] - duration_requestHandler 5ms
DEBUG 2012-03-08 17:35:12,740 [localDummy_RequestHandler_07900015_getEndpoints] - start_requestHandler
INFO  2012-03-08 17:35:12,742 [localDummy_RequestHandler_07900015_getEndpoints] - duration_serializer_1 2ms
INFO  2012-03-08 17:35:12,742 [localDummy_RequestHandler_07900015_getEndpoints] - duration_validator 0ms
INFO  2012-03-08 17:35:12,742 [localDummy_RequestHandler_07900015_getEndpoints] - duration_processing 0ms
INFO  2012-03-08 17:35:12,743 [localDummy_RequestHandler_07900015_getEndpoints] - duration_reply_settype 1ms
INFO  2012-03-08 17:35:12,746 [localDummy_RequestHandler_07900015_getEndpoints] - duration_serializer_2 3ms
INFO  2012-03-08 17:35:12,746 [localDummy_RequestHandler_07900015_getEndpoints] - duration_requestHandler 6ms
DEBUG 2012-03-08 17:35:12,752 [localDummy_RequestHandler_07900016_getLinks] - start_requestHandler
INFO  2012-03-08 17:35:12,753 [localDummy_RequestHandler_07900016_getLinks] - duration_serializer_1 1ms
INFO  2012-03-08 17:35:12,754 [localDummy_RequestHandler_07900016_getLinks] - duration_validator 1ms
INFO  2012-03-08 17:35:12,754 [localDummy_RequestHandler_07900016_getLinks] - duration_processing 0ms
INFO  2012-03-08 17:35:12,754 [localDummy_RequestHandler_07900016_getLinks] - duration_reply_settype 0ms
INFO  2012-03-08 17:35:12,757 [localDummy_RequestHandler_07900016_getLinks] - duration_serializer_2 3ms
INFO  2012-03-08 17:35:12,757 [localDummy_RequestHandler_07900016_getLinks] - duration_requestHandler 5ms
DEBUG 2012-03-08 17:35:12,796 [localDummy_RequestHandler_07900017_addTopic] - start_requestHandler
INFO  2012-03-08 17:35:12,798 [localDummy_RequestHandler_07900017_addTopic] - duration_serializer_1 2ms
INFO  2012-03-08 17:35:12,798 [localDummy_RequestHandler_07900017_addTopic] - duration_validator 0ms
DEBUG 2012-03-08 17:36:11,130 [localDummy_RequestHandler_ecfa0000_isAvailable] - start_requestHandler
INFO  2012-03-08 17:36:11,154 [localDummy_RequestHandler_ecfa0000_isAvailable] - duration_serializer_1 23ms
INFO  2012-03-08 17:36:11,155 [localDummy_RequestHandler_ecfa0000_isAvailable] - duration_validator 1ms
INFO  2012-03-08 17:36:11,173 [localDummy_RequestHandler_ecfa0000_isAvailable] - duration_processing 18ms
INFO  2012-03-08 17:36:11,173 [localDummy_RequestHandler_ecfa0000_isAvailable] - duration_reply_settype 0ms
INFO  2012-03-08 17:36:11,178 [localDummy_RequestHandler_ecfa0000_isAvailable] - duration_serializer_2 5ms
INFO  2012-03-08 17:36:11,178 [localDummy_RequestHandler_ecfa0000_isAvailable] - duration_requestHandler 47ms
DEBUG 2012-03-08 17:36:11,191 [localDummy_RequestHandler_ecfa0001_createReservation] - start_requestHandler
INFO  2012-03-08 17:36:11,194 [localDummy_RequestHandler_ecfa0001_createReservation] - duration_serializer_1 3ms
INFO  2012-03-08 17:36:11,198 [localDummy_RequestHandler_ecfa0001_createReservation] - duration_validator 4ms
INFO  2012-03-08 17:36:11,199 [localDummy_RequestHandler_ecfa0001_createReservation] - duration_processing 1ms
INFO  2012-03-08 17:36:11,199 [localDummy_RequestHandler_ecfa0001_createReservation] - duration_reply_settype 0ms
INFO  2012-03-08 17:36:11,201 [localDummy_RequestHandler_ecfa0001_createReservation] - duration_serializer_2 2ms
INFO  2012-03-08 17:36:11,201 [localDummy_RequestHandler_ecfa0001_createReservation] - duration_requestHandler 10ms
DEBUG 2012-03-08 17:36:11,204 [localDummy_RequestHandler_ecfa0002_getStatus] - start_requestHandler
INFO  2012-03-08 17:36:11,205 [localDummy_RequestHandler_ecfa0002_getStatus] - duration_serializer_1 1ms
INFO  2012-03-08 17:36:11,205 [localDummy_RequestHandler_ecfa0002_getStatus] - duration_validator 0ms
INFO  2012-03-08 17:36:11,206 [localDummy_RequestHandler_ecfa0002_getStatus] - duration_processing 1ms
INFO  2012-03-08 17:36:11,206 [localDummy_RequestHandler_ecfa0002_getStatus] - duration_reply_settype 0ms
INFO  2012-03-08 17:36:11,209 [localDummy_RequestHandler_ecfa0002_getStatus] - duration_serializer_2 3ms
INFO  2012-03-08 17:36:11,209 [localDummy_RequestHandler_ecfa0002_getStatus] - duration_requestHandler 5ms
DEBUG 2012-03-08 17:36:11,214 [localDummy_RequestHandler_ecfa0003_cancelReservation] - start_requestHandler
INFO  2012-03-08 17:36:11,215 [localDummy_RequestHandler_ecfa0003_cancelReservation] - duration_serializer_1 1ms
INFO  2012-03-08 17:36:11,215 [localDummy_RequestHandler_ecfa0003_cancelReservation] - duration_validator 0ms
INFO  2012-03-08 17:36:11,216 [localDummy_RequestHandler_ecfa0003_cancelReservation] - duration_processing 1ms
INFO  2012-03-08 17:36:11,216 [localDummy_RequestHandler_ecfa0003_cancelReservation] - duration_reply_settype 0ms
INFO  2012-03-08 17:36:11,218 [localDummy_RequestHandler_ecfa0003_cancelReservation] - duration_serializer_2 2ms
INFO  2012-03-08 17:36:11,218 [localDummy_RequestHandler_ecfa0003_cancelReservation] - duration_requestHandler 4ms
DEBUG 2012-03-08 17:36:11,221 [localDummy_RequestHandler_ecfa0004_getStatus] - start_requestHandler
INFO  2012-03-08 17:36:11,222 [localDummy_RequestHandler_ecfa0004_getStatus] - duration_serializer_1 1ms
INFO  2012-03-08 17:36:11,222 [localDummy_RequestHandler_ecfa0004_getStatus] - duration_validator 0ms
INFO  2012-03-08 17:36:11,222 [localDummy_RequestHandler_ecfa0004_getStatus] - duration_processing 0ms
INFO  2012-03-08 17:36:11,222 [localDummy_RequestHandler_ecfa0004_getStatus] - duration_reply_settype 0ms
INFO  2012-03-08 17:36:11,225 [localDummy_RequestHandler_ecfa0004_getStatus] - duration_serializer_2 3ms
INFO  2012-03-08 17:36:11,226 [localDummy_RequestHandler_ecfa0004_getStatus] - duration_requestHandler 4ms
DEBUG 2012-03-08 17:36:11,237 [localDummy_RequestHandler_ecfa0005_isAvailable] - start_requestHandler
INFO  2012-03-08 17:36:11,240 [localDummy_RequestHandler_ecfa0005_isAvailable] - duration_serializer_1 3ms
INFO  2012-03-08 17:36:11,240 [localDummy_RequestHandler_ecfa0005_isAvailable] - duration_validator 0ms
INFO  2012-03-08 17:36:11,241 [localDummy_RequestHandler_ecfa0005_isAvailable] - duration_processing 1ms
INFO  2012-03-08 17:36:11,241 [localDummy_RequestHandler_ecfa0005_isAvailable] - duration_reply_settype 0ms
INFO  2012-03-08 17:36:11,243 [localDummy_RequestHandler_ecfa0005_isAvailable] - duration_serializer_2 2ms
INFO  2012-03-08 17:36:11,243 [localDummy_RequestHandler_ecfa0005_isAvailable] - duration_requestHandler 6ms
DEBUG 2012-03-08 17:36:11,248 [localDummy_RequestHandler_ecfa0006_createReservation] - start_requestHandler
INFO  2012-03-08 17:36:11,251 [localDummy_RequestHandler_ecfa0006_createReservation] - duration_serializer_1 3ms
INFO  2012-03-08 17:36:11,251 [localDummy_RequestHandler_ecfa0006_createReservation] - duration_validator 0ms
INFO  2012-03-08 17:36:11,252 [localDummy_RequestHandler_ecfa0006_createReservation] - duration_processing 1ms
INFO  2012-03-08 17:36:11,252 [localDummy_RequestHandler_ecfa0006_createReservation] - duration_reply_settype 0ms
INFO  2012-03-08 17:36:11,254 [localDummy_RequestHandler_ecfa0006_createReservation] - duration_serializer_2 2ms
INFO  2012-03-08 17:36:11,254 [localDummy_RequestHandler_ecfa0006_createReservation] - duration_requestHandler 6ms
DEBUG 2012-03-08 17:36:11,258 [localDummy_RequestHandler_ecfa0007_getStatus] - start_requestHandler
INFO  2012-03-08 17:36:11,259 [localDummy_RequestHandler_ecfa0007_getStatus] - duration_serializer_1 1ms
INFO  2012-03-08 17:36:11,259 [localDummy_RequestHandler_ecfa0007_getStatus] - duration_validator 0ms
INFO  2012-03-08 17:36:11,260 [localDummy_RequestHandler_ecfa0007_getStatus] - duration_processing 1ms
INFO  2012-03-08 17:36:11,260 [localDummy_RequestHandler_ecfa0007_getStatus] - duration_reply_settype 0ms
INFO  2012-03-08 17:36:11,263 [localDummy_RequestHandler_ecfa0007_getStatus] - duration_serializer_2 3ms
INFO  2012-03-08 17:36:11,263 [localDummy_RequestHandler_ecfa0007_getStatus] - duration_requestHandler 5ms
DEBUG 2012-03-08 17:36:11,269 [localDummy_RequestHandler_ecfa0008_cancelReservation] - start_requestHandler
INFO  2012-03-08 17:36:11,271 [localDummy_RequestHandler_ecfa0008_cancelReservation] - duration_serializer_1 2ms
INFO  2012-03-08 17:36:11,271 [localDummy_RequestHandler_ecfa0008_cancelReservation] - duration_validator 0ms
INFO  2012-03-08 17:36:11,271 [localDummy_RequestHandler_ecfa0008_cancelReservation] - duration_processing 0ms
INFO  2012-03-08 17:36:11,272 [localDummy_RequestHandler_ecfa0008_cancelReservation] - duration_reply_settype 1ms
INFO  2012-03-08 17:36:11,274 [localDummy_RequestHandler_ecfa0008_cancelReservation] - duration_serializer_2 2ms
INFO  2012-03-08 17:36:11,274 [localDummy_RequestHandler_ecfa0008_cancelReservation] - duration_requestHandler 5ms
DEBUG 2012-03-08 17:36:11,278 [localDummy_RequestHandler_ecfa0009_getStatus] - start_requestHandler
INFO  2012-03-08 17:36:11,279 [localDummy_RequestHandler_ecfa0009_getStatus] - duration_serializer_1 1ms
INFO  2012-03-08 17:36:11,279 [localDummy_RequestHandler_ecfa0009_getStatus] - duration_validator 0ms
INFO  2012-03-08 17:36:11,279 [localDummy_RequestHandler_ecfa0009_getStatus] - duration_processing 0ms
INFO  2012-03-08 17:36:11,279 [localDummy_RequestHandler_ecfa0009_getStatus] - duration_reply_settype 0ms
INFO  2012-03-08 17:36:11,283 [localDummy_RequestHandler_ecfa0009_getStatus] - duration_serializer_2 4ms
INFO  2012-03-08 17:36:11,283 [localDummy_RequestHandler_ecfa0009_getStatus] - duration_requestHandler 5ms
DEBUG 2012-03-08 17:36:11,296 [localDummy_RequestHandler_ecfa000a_getReservations] - start_requestHandler
INFO  2012-03-08 17:36:11,297 [localDummy_RequestHandler_ecfa000a_getReservations] - duration_serializer_1 1ms
INFO  2012-03-08 17:36:11,297 [localDummy_RequestHandler_ecfa000a_getReservations] - duration_validator 0ms
INFO  2012-03-08 17:36:11,299 [localDummy_RequestHandler_ecfa000a_getReservations] - duration_processing 2ms
INFO  2012-03-08 17:36:11,299 [localDummy_RequestHandler_ecfa000a_getReservations] - duration_reply_settype 0ms
INFO  2012-03-08 17:36:11,303 [localDummy_RequestHandler_ecfa000a_getReservations] - duration_serializer_2 4ms
INFO  2012-03-08 17:36:11,303 [localDummy_RequestHandler_ecfa000a_getReservations] - duration_requestHandler 7ms
DEBUG 2012-03-08 17:36:11,312 [localDummy_RequestHandler_ecfa000b_bind] - start_requestHandler
INFO  2012-03-08 17:36:11,314 [localDummy_RequestHandler_ecfa000b_bind] - duration_serializer_1 2ms
INFO  2012-03-08 17:36:11,314 [localDummy_RequestHandler_ecfa000b_bind] - duration_validator 0ms
DEBUG 2012-03-08 17:36:11,349 [localDummy_RequestHandler_ecfa000c_isAvailable] - start_requestHandler
INFO  2012-03-08 17:36:11,352 [localDummy_RequestHandler_ecfa000c_isAvailable] - duration_serializer_1 3ms
INFO  2012-03-08 17:36:11,353 [localDummy_RequestHandler_ecfa000c_isAvailable] - duration_validator 1ms
INFO  2012-03-08 17:36:11,353 [localDummy_RequestHandler_ecfa000c_isAvailable] - duration_processing 0ms
INFO  2012-03-08 17:36:11,353 [localDummy_RequestHandler_ecfa000c_isAvailable] - duration_reply_settype 0ms
INFO  2012-03-08 17:36:11,357 [localDummy_RequestHandler_ecfa000c_isAvailable] - duration_serializer_2 4ms
INFO  2012-03-08 17:36:11,357 [localDummy_RequestHandler_ecfa000c_isAvailable] - duration_requestHandler 8ms
DEBUG 2012-03-08 17:36:11,367 [localDummy_RequestHandler_ecfa000d_createReservation] - start_requestHandler
INFO  2012-03-08 17:36:11,371 [localDummy_RequestHandler_ecfa000d_createReservation] - duration_serializer_1 4ms
INFO  2012-03-08 17:36:11,371 [localDummy_RequestHandler_ecfa000d_createReservation] - duration_validator 0ms
INFO  2012-03-08 17:36:11,372 [localDummy_RequestHandler_ecfa000d_createReservation] - duration_processing 1ms
INFO  2012-03-08 17:36:11,372 [localDummy_RequestHandler_ecfa000d_createReservation] - duration_reply_settype 0ms
INFO  2012-03-08 17:36:11,375 [localDummy_RequestHandler_ecfa000d_createReservation] - duration_serializer_2 3ms
INFO  2012-03-08 17:36:11,375 [localDummy_RequestHandler_ecfa000d_createReservation] - duration_requestHandler 8ms
DEBUG 2012-03-08 17:36:11,383 [localDummy_RequestHandler_ecfa000e_getReservations] - start_requestHandler
INFO  2012-03-08 17:36:11,385 [localDummy_RequestHandler_ecfa000e_getReservations] - duration_serializer_1 2ms
INFO  2012-03-08 17:36:11,385 [localDummy_RequestHandler_ecfa000e_getReservations] - duration_validator 0ms
INFO  2012-03-08 17:36:11,386 [localDummy_RequestHandler_ecfa000e_getReservations] - duration_processing 1ms
INFO  2012-03-08 17:36:11,386 [localDummy_RequestHandler_ecfa000e_getReservations] - duration_reply_settype 0ms
INFO  2012-03-08 17:36:11,394 [localDummy_RequestHandler_ecfa000e_getReservations] - duration_serializer_2 8ms
INFO  2012-03-08 17:36:11,394 [localDummy_RequestHandler_ecfa000e_getReservations] - duration_requestHandler 11ms
DEBUG 2012-03-08 17:36:11,406 [localDummy_RequestHandler_ecfa000f_getStatus] - start_requestHandler
INFO  2012-03-08 17:36:11,408 [localDummy_RequestHandler_ecfa000f_getStatus] - duration_serializer_1 2ms
INFO  2012-03-08 17:36:11,408 [localDummy_RequestHandler_ecfa000f_getStatus] - duration_validator 0ms
INFO  2012-03-08 17:36:11,409 [localDummy_RequestHandler_ecfa000f_getStatus] - duration_processing 1ms
INFO  2012-03-08 17:36:11,409 [localDummy_RequestHandler_ecfa000f_getStatus] - duration_reply_settype 0ms
INFO  2012-03-08 17:36:11,413 [localDummy_RequestHandler_ecfa000f_getStatus] - duration_serializer_2 4ms
INFO  2012-03-08 17:36:11,413 [localDummy_RequestHandler_ecfa000f_getStatus] - duration_requestHandler 7ms
DEBUG 2012-03-08 17:36:11,423 [localDummy_RequestHandler_ecfa0010_isAvailable] - start_requestHandler
INFO  2012-03-08 17:36:11,426 [localDummy_RequestHandler_ecfa0010_isAvailable] - duration_serializer_1 3ms
INFO  2012-03-08 17:36:11,426 [localDummy_RequestHandler_ecfa0010_isAvailable] - duration_validator 0ms
INFO  2012-03-08 17:36:11,427 [localDummy_RequestHandler_ecfa0010_isAvailable] - duration_processing 1ms
INFO  2012-03-08 17:36:11,427 [localDummy_RequestHandler_ecfa0010_isAvailable] - duration_reply_settype 0ms
INFO  2012-03-08 17:36:11,431 [localDummy_RequestHandler_ecfa0010_isAvailable] - duration_serializer_2 4ms
INFO  2012-03-08 17:36:11,431 [localDummy_RequestHandler_ecfa0010_isAvailable] - duration_requestHandler 8ms
DEBUG 2012-03-08 17:36:11,436 [localDummy_RequestHandler_ecfa0011_cancelReservation] - start_requestHandler
INFO  2012-03-08 17:36:11,438 [localDummy_RequestHandler_ecfa0011_cancelReservation] - duration_serializer_1 1ms
INFO  2012-03-08 17:36:11,438 [localDummy_RequestHandler_ecfa0011_cancelReservation] - duration_validator 0ms
INFO  2012-03-08 17:36:11,439 [localDummy_RequestHandler_ecfa0011_cancelReservation] - duration_processing 1ms
INFO  2012-03-08 17:36:11,439 [localDummy_RequestHandler_ecfa0011_cancelReservation] - duration_reply_settype 0ms
INFO  2012-03-08 17:36:11,442 [localDummy_RequestHandler_ecfa0011_cancelReservation] - duration_serializer_2 3ms
INFO  2012-03-08 17:36:11,442 [localDummy_RequestHandler_ecfa0011_cancelReservation] - duration_requestHandler 5ms
DEBUG 2012-03-08 17:36:11,446 [localDummy_RequestHandler_ecfa0012_getStatus] - start_requestHandler
INFO  2012-03-08 17:36:11,448 [localDummy_RequestHandler_ecfa0012_getStatus] - duration_serializer_1 2ms
INFO  2012-03-08 17:36:11,448 [localDummy_RequestHandler_ecfa0012_getStatus] - duration_validator 0ms
INFO  2012-03-08 17:36:11,449 [localDummy_RequestHandler_ecfa0012_getStatus] - duration_processing 1ms
INFO  2012-03-08 17:36:11,449 [localDummy_RequestHandler_ecfa0012_getStatus] - duration_reply_settype 0ms
INFO  2012-03-08 17:36:11,453 [localDummy_RequestHandler_ecfa0012_getStatus] - duration_serializer_2 4ms
INFO  2012-03-08 17:36:11,453 [localDummy_RequestHandler_ecfa0012_getStatus] - duration_requestHandler 7ms
DEBUG 2012-03-08 17:36:11,463 [localDummy_RequestHandler_ecfa0013_isAvailable] - start_requestHandler
INFO  2012-03-08 17:36:11,466 [localDummy_RequestHandler_ecfa0013_isAvailable] - duration_serializer_1 3ms
INFO  2012-03-08 17:36:11,466 [localDummy_RequestHandler_ecfa0013_isAvailable] - duration_validator 0ms
INFO  2012-03-08 17:36:11,467 [localDummy_RequestHandler_ecfa0013_isAvailable] - duration_processing 1ms
INFO  2012-03-08 17:36:11,467 [localDummy_RequestHandler_ecfa0013_isAvailable] - duration_reply_settype 0ms
INFO  2012-03-08 17:36:11,471 [localDummy_RequestHandler_ecfa0013_isAvailable] - duration_serializer_2 4ms
INFO  2012-03-08 17:36:11,471 [localDummy_RequestHandler_ecfa0013_isAvailable] - duration_requestHandler 8ms
DEBUG 2012-03-08 17:36:11,496 [localDummy_RequestHandler_ecfa0014_getDomains] - start_requestHandler
INFO  2012-03-08 17:36:11,498 [localDummy_RequestHandler_ecfa0014_getDomains] - duration_serializer_1 2ms
INFO  2012-03-08 17:36:11,498 [localDummy_RequestHandler_ecfa0014_getDomains] - duration_validator 0ms
INFO  2012-03-08 17:36:11,499 [localDummy_RequestHandler_ecfa0014_getDomains] - duration_processing 1ms
INFO  2012-03-08 17:36:11,499 [localDummy_RequestHandler_ecfa0014_getDomains] - duration_reply_settype 0ms
INFO  2012-03-08 17:36:11,502 [localDummy_RequestHandler_ecfa0014_getDomains] - duration_serializer_2 3ms
INFO  2012-03-08 17:36:11,502 [localDummy_RequestHandler_ecfa0014_getDomains] - duration_requestHandler 6ms
DEBUG 2012-03-08 17:36:11,506 [localDummy_RequestHandler_ecfa0015_getEndpoints] - start_requestHandler
INFO  2012-03-08 17:36:11,508 [localDummy_RequestHandler_ecfa0015_getEndpoints] - duration_serializer_1 2ms
INFO  2012-03-08 17:36:11,508 [localDummy_RequestHandler_ecfa0015_getEndpoints] - duration_validator 0ms
INFO  2012-03-08 17:36:11,508 [localDummy_RequestHandler_ecfa0015_getEndpoints] - duration_processing 0ms
INFO  2012-03-08 17:36:11,508 [localDummy_RequestHandler_ecfa0015_getEndpoints] - duration_reply_settype 0ms
INFO  2012-03-08 17:36:11,512 [localDummy_RequestHandler_ecfa0015_getEndpoints] - duration_serializer_2 4ms
INFO  2012-03-08 17:36:11,512 [localDummy_RequestHandler_ecfa0015_getEndpoints] - duration_requestHandler 6ms
DEBUG 2012-03-08 17:36:11,517 [localDummy_RequestHandler_ecfa0016_getLinks] - start_requestHandler
INFO  2012-03-08 17:36:11,518 [localDummy_RequestHandler_ecfa0016_getLinks] - duration_serializer_1 1ms
INFO  2012-03-08 17:36:11,518 [localDummy_RequestHandler_ecfa0016_getLinks] - duration_validator 0ms
INFO  2012-03-08 17:36:11,518 [localDummy_RequestHandler_ecfa0016_getLinks] - duration_processing 0ms
INFO  2012-03-08 17:36:11,518 [localDummy_RequestHandler_ecfa0016_getLinks] - duration_reply_settype 0ms
INFO  2012-03-08 17:36:11,522 [localDummy_RequestHandler_ecfa0016_getLinks] - duration_serializer_2 4ms
INFO  2012-03-08 17:36:11,522 [localDummy_RequestHandler_ecfa0016_getLinks] - duration_requestHandler 5ms
DEBUG 2012-03-08 17:36:11,563 [localDummy_RequestHandler_ecfa0017_addTopic] - start_requestHandler
INFO  2012-03-08 17:36:11,565 [localDummy_RequestHandler_ecfa0017_addTopic] - duration_serializer_1 2ms
INFO  2012-03-08 17:36:11,565 [localDummy_RequestHandler_ecfa0017_addTopic] - duration_validator 0ms
DEBUG 2012-03-08 17:38:38,091 [localDummy_RequestHandler_2b0a0000_isAvailable] - start_requestHandler
INFO  2012-03-08 17:38:38,114 [localDummy_RequestHandler_2b0a0000_isAvailable] - duration_serializer_1 23ms
INFO  2012-03-08 17:38:38,115 [localDummy_RequestHandler_2b0a0000_isAvailable] - duration_validator 1ms
INFO  2012-03-08 17:38:38,118 [localDummy_RequestHandler_2b0a0000_isAvailable] - duration_processing 3ms
INFO  2012-03-08 17:38:38,119 [localDummy_RequestHandler_2b0a0000_isAvailable] - duration_reply_settype 1ms
INFO  2012-03-08 17:38:38,121 [localDummy_RequestHandler_2b0a0000_isAvailable] - duration_serializer_2 2ms
INFO  2012-03-08 17:38:38,121 [localDummy_RequestHandler_2b0a0000_isAvailable] - duration_requestHandler 30ms
DEBUG 2012-03-08 17:38:38,129 [localDummy_RequestHandler_2b0a0001_createReservation] - start_requestHandler
INFO  2012-03-08 17:38:38,133 [localDummy_RequestHandler_2b0a0001_createReservation] - duration_serializer_1 4ms
INFO  2012-03-08 17:38:38,137 [localDummy_RequestHandler_2b0a0001_createReservation] - duration_validator 4ms
INFO  2012-03-08 17:38:38,138 [localDummy_RequestHandler_2b0a0001_createReservation] - duration_processing 1ms
INFO  2012-03-08 17:38:38,138 [localDummy_RequestHandler_2b0a0001_createReservation] - duration_reply_settype 0ms
INFO  2012-03-08 17:38:38,140 [localDummy_RequestHandler_2b0a0001_createReservation] - duration_serializer_2 2ms
INFO  2012-03-08 17:38:38,140 [localDummy_RequestHandler_2b0a0001_createReservation] - duration_requestHandler 11ms
DEBUG 2012-03-08 17:38:38,143 [localDummy_RequestHandler_2b0a0002_getStatus] - start_requestHandler
INFO  2012-03-08 17:38:38,144 [localDummy_RequestHandler_2b0a0002_getStatus] - duration_serializer_1 1ms
INFO  2012-03-08 17:38:38,145 [localDummy_RequestHandler_2b0a0002_getStatus] - duration_validator 1ms
INFO  2012-03-08 17:38:38,145 [localDummy_RequestHandler_2b0a0002_getStatus] - duration_processing 0ms
INFO  2012-03-08 17:38:38,146 [localDummy_RequestHandler_2b0a0002_getStatus] - duration_reply_settype 0ms
INFO  2012-03-08 17:38:38,150 [localDummy_RequestHandler_2b0a0002_getStatus] - duration_serializer_2 5ms
INFO  2012-03-08 17:38:38,150 [localDummy_RequestHandler_2b0a0002_getStatus] - duration_requestHandler 7ms
DEBUG 2012-03-08 17:38:38,155 [localDummy_RequestHandler_2b0a0003_cancelReservation] - start_requestHandler
INFO  2012-03-08 17:38:38,156 [localDummy_RequestHandler_2b0a0003_cancelReservation] - duration_serializer_1 1ms
INFO  2012-03-08 17:38:38,157 [localDummy_RequestHandler_2b0a0003_cancelReservation] - duration_validator 1ms
INFO  2012-03-08 17:38:38,157 [localDummy_RequestHandler_2b0a0003_cancelReservation] - duration_processing 0ms
INFO  2012-03-08 17:38:38,157 [localDummy_RequestHandler_2b0a0003_cancelReservation] - duration_reply_settype 0ms
INFO  2012-03-08 17:38:38,159 [localDummy_RequestHandler_2b0a0003_cancelReservation] - duration_serializer_2 2ms
INFO  2012-03-08 17:38:38,159 [localDummy_RequestHandler_2b0a0003_cancelReservation] - duration_requestHandler 4ms
DEBUG 2012-03-08 17:38:38,162 [localDummy_RequestHandler_2b0a0004_getStatus] - start_requestHandler
INFO  2012-03-08 17:38:38,163 [localDummy_RequestHandler_2b0a0004_getStatus] - duration_serializer_1 1ms
INFO  2012-03-08 17:38:38,163 [localDummy_RequestHandler_2b0a0004_getStatus] - duration_validator 0ms
INFO  2012-03-08 17:38:38,163 [localDummy_RequestHandler_2b0a0004_getStatus] - duration_processing 0ms
INFO  2012-03-08 17:38:38,163 [localDummy_RequestHandler_2b0a0004_getStatus] - duration_reply_settype 0ms
INFO  2012-03-08 17:38:38,167 [localDummy_RequestHandler_2b0a0004_getStatus] - duration_serializer_2 4ms
INFO  2012-03-08 17:38:38,167 [localDummy_RequestHandler_2b0a0004_getStatus] - duration_requestHandler 5ms
DEBUG 2012-03-08 17:38:38,179 [localDummy_RequestHandler_2b0a0005_isAvailable] - start_requestHandler
INFO  2012-03-08 17:38:38,182 [localDummy_RequestHandler_2b0a0005_isAvailable] - duration_serializer_1 3ms
INFO  2012-03-08 17:38:38,182 [localDummy_RequestHandler_2b0a0005_isAvailable] - duration_validator 0ms
INFO  2012-03-08 17:38:38,182 [localDummy_RequestHandler_2b0a0005_isAvailable] - duration_processing 0ms
INFO  2012-03-08 17:38:38,182 [localDummy_RequestHandler_2b0a0005_isAvailable] - duration_reply_settype 0ms
INFO  2012-03-08 17:38:38,184 [localDummy_RequestHandler_2b0a0005_isAvailable] - duration_serializer_2 2ms
INFO  2012-03-08 17:38:38,184 [localDummy_RequestHandler_2b0a0005_isAvailable] - duration_requestHandler 5ms
DEBUG 2012-03-08 17:38:38,191 [localDummy_RequestHandler_2b0a0006_createReservation] - start_requestHandler
INFO  2012-03-08 17:38:38,194 [localDummy_RequestHandler_2b0a0006_createReservation] - duration_serializer_1 3ms
INFO  2012-03-08 17:38:38,194 [localDummy_RequestHandler_2b0a0006_createReservation] - duration_validator 0ms
INFO  2012-03-08 17:38:38,195 [localDummy_RequestHandler_2b0a0006_createReservation] - duration_processing 1ms
INFO  2012-03-08 17:38:38,195 [localDummy_RequestHandler_2b0a0006_createReservation] - duration_reply_settype 0ms
INFO  2012-03-08 17:38:38,197 [localDummy_RequestHandler_2b0a0006_createReservation] - duration_serializer_2 2ms
INFO  2012-03-08 17:38:38,198 [localDummy_RequestHandler_2b0a0006_createReservation] - duration_requestHandler 6ms
DEBUG 2012-03-08 17:38:38,201 [localDummy_RequestHandler_2b0a0007_getStatus] - start_requestHandler
INFO  2012-03-08 17:38:38,202 [localDummy_RequestHandler_2b0a0007_getStatus] - duration_serializer_1 1ms
INFO  2012-03-08 17:38:38,202 [localDummy_RequestHandler_2b0a0007_getStatus] - duration_validator 0ms
INFO  2012-03-08 17:38:38,203 [localDummy_RequestHandler_2b0a0007_getStatus] - duration_processing 1ms
INFO  2012-03-08 17:38:38,203 [localDummy_RequestHandler_2b0a0007_getStatus] - duration_reply_settype 0ms
INFO  2012-03-08 17:38:38,206 [localDummy_RequestHandler_2b0a0007_getStatus] - duration_serializer_2 3ms
INFO  2012-03-08 17:38:38,206 [localDummy_RequestHandler_2b0a0007_getStatus] - duration_requestHandler 5ms
DEBUG 2012-03-08 17:38:38,212 [localDummy_RequestHandler_2b0a0008_cancelReservation] - start_requestHandler
INFO  2012-03-08 17:38:38,213 [localDummy_RequestHandler_2b0a0008_cancelReservation] - duration_serializer_1 1ms
INFO  2012-03-08 17:38:38,213 [localDummy_RequestHandler_2b0a0008_cancelReservation] - duration_validator 0ms
INFO  2012-03-08 17:38:38,213 [localDummy_RequestHandler_2b0a0008_cancelReservation] - duration_processing 0ms
INFO  2012-03-08 17:38:38,213 [localDummy_RequestHandler_2b0a0008_cancelReservation] - duration_reply_settype 0ms
INFO  2012-03-08 17:38:38,215 [localDummy_RequestHandler_2b0a0008_cancelReservation] - duration_serializer_2 2ms
INFO  2012-03-08 17:38:38,215 [localDummy_RequestHandler_2b0a0008_cancelReservation] - duration_requestHandler 3ms
DEBUG 2012-03-08 17:38:38,219 [localDummy_RequestHandler_2b0a0009_getStatus] - start_requestHandler
INFO  2012-03-08 17:38:38,220 [localDummy_RequestHandler_2b0a0009_getStatus] - duration_serializer_1 1ms
INFO  2012-03-08 17:38:38,220 [localDummy_RequestHandler_2b0a0009_getStatus] - duration_validator 0ms
INFO  2012-03-08 17:38:38,220 [localDummy_RequestHandler_2b0a0009_getStatus] - duration_processing 0ms
INFO  2012-03-08 17:38:38,221 [localDummy_RequestHandler_2b0a0009_getStatus] - duration_reply_settype 1ms
INFO  2012-03-08 17:38:38,224 [localDummy_RequestHandler_2b0a0009_getStatus] - duration_serializer_2 3ms
INFO  2012-03-08 17:38:38,224 [localDummy_RequestHandler_2b0a0009_getStatus] - duration_requestHandler 5ms
DEBUG 2012-03-08 17:38:38,237 [localDummy_RequestHandler_2b0a000a_getReservations] - start_requestHandler
INFO  2012-03-08 17:38:38,238 [localDummy_RequestHandler_2b0a000a_getReservations] - duration_serializer_1 1ms
INFO  2012-03-08 17:38:38,239 [localDummy_RequestHandler_2b0a000a_getReservations] - duration_validator 1ms
INFO  2012-03-08 17:38:38,240 [localDummy_RequestHandler_2b0a000a_getReservations] - duration_processing 1ms
INFO  2012-03-08 17:38:38,240 [localDummy_RequestHandler_2b0a000a_getReservations] - duration_reply_settype 0ms
INFO  2012-03-08 17:38:38,244 [localDummy_RequestHandler_2b0a000a_getReservations] - duration_serializer_2 4ms
INFO  2012-03-08 17:38:38,244 [localDummy_RequestHandler_2b0a000a_getReservations] - duration_requestHandler 7ms
DEBUG 2012-03-08 17:38:38,253 [localDummy_RequestHandler_2b0a000b_bind] - start_requestHandler
INFO  2012-03-08 17:38:38,255 [localDummy_RequestHandler_2b0a000b_bind] - duration_serializer_1 2ms
INFO  2012-03-08 17:38:38,255 [localDummy_RequestHandler_2b0a000b_bind] - duration_validator 0ms
DEBUG 2012-03-08 17:38:38,287 [localDummy_RequestHandler_2b0a000c_isAvailable] - start_requestHandler
INFO  2012-03-08 17:38:38,291 [localDummy_RequestHandler_2b0a000c_isAvailable] - duration_serializer_1 4ms
INFO  2012-03-08 17:38:38,291 [localDummy_RequestHandler_2b0a000c_isAvailable] - duration_validator 0ms
INFO  2012-03-08 17:38:38,292 [localDummy_RequestHandler_2b0a000c_isAvailable] - duration_processing 1ms
INFO  2012-03-08 17:38:38,292 [localDummy_RequestHandler_2b0a000c_isAvailable] - duration_reply_settype 0ms
INFO  2012-03-08 17:38:38,295 [localDummy_RequestHandler_2b0a000c_isAvailable] - duration_serializer_2 3ms
INFO  2012-03-08 17:38:38,296 [localDummy_RequestHandler_2b0a000c_isAvailable] - duration_requestHandler 8ms
DEBUG 2012-03-08 17:38:38,305 [localDummy_RequestHandler_2b0a000d_createReservation] - start_requestHandler
INFO  2012-03-08 17:38:38,309 [localDummy_RequestHandler_2b0a000d_createReservation] - duration_serializer_1 4ms
INFO  2012-03-08 17:38:38,309 [localDummy_RequestHandler_2b0a000d_createReservation] - duration_validator 0ms
INFO  2012-03-08 17:38:38,310 [localDummy_RequestHandler_2b0a000d_createReservation] - duration_processing 1ms
INFO  2012-03-08 17:38:38,310 [localDummy_RequestHandler_2b0a000d_createReservation] - duration_reply_settype 0ms
INFO  2012-03-08 17:38:38,313 [localDummy_RequestHandler_2b0a000d_createReservation] - duration_serializer_2 3ms
INFO  2012-03-08 17:38:38,313 [localDummy_RequestHandler_2b0a000d_createReservation] - duration_requestHandler 8ms
DEBUG 2012-03-08 17:38:38,321 [localDummy_RequestHandler_2b0a000e_getReservations] - start_requestHandler
INFO  2012-03-08 17:38:38,323 [localDummy_RequestHandler_2b0a000e_getReservations] - duration_serializer_1 2ms
INFO  2012-03-08 17:38:38,323 [localDummy_RequestHandler_2b0a000e_getReservations] - duration_validator 0ms
INFO  2012-03-08 17:38:38,324 [localDummy_RequestHandler_2b0a000e_getReservations] - duration_processing 1ms
INFO  2012-03-08 17:38:38,325 [localDummy_RequestHandler_2b0a000e_getReservations] - duration_reply_settype 1ms
INFO  2012-03-08 17:38:38,330 [localDummy_RequestHandler_2b0a000e_getReservations] - duration_serializer_2 5ms
INFO  2012-03-08 17:38:38,330 [localDummy_RequestHandler_2b0a000e_getReservations] - duration_requestHandler 9ms
DEBUG 2012-03-08 17:38:38,340 [localDummy_RequestHandler_2b0a000f_getStatus] - start_requestHandler
INFO  2012-03-08 17:38:38,341 [localDummy_RequestHandler_2b0a000f_getStatus] - duration_serializer_1 1ms
INFO  2012-03-08 17:38:38,341 [localDummy_RequestHandler_2b0a000f_getStatus] - duration_validator 0ms
INFO  2012-03-08 17:38:38,341 [localDummy_RequestHandler_2b0a000f_getStatus] - duration_processing 0ms
INFO  2012-03-08 17:38:38,341 [localDummy_RequestHandler_2b0a000f_getStatus] - duration_reply_settype 0ms
INFO  2012-03-08 17:38:38,345 [localDummy_RequestHandler_2b0a000f_getStatus] - duration_serializer_2 4ms
INFO  2012-03-08 17:38:38,345 [localDummy_RequestHandler_2b0a000f_getStatus] - duration_requestHandler 5ms
DEBUG 2012-03-08 17:38:38,352 [localDummy_RequestHandler_2b0a0010_isAvailable] - start_requestHandler
INFO  2012-03-08 17:38:38,355 [localDummy_RequestHandler_2b0a0010_isAvailable] - duration_serializer_1 3ms
INFO  2012-03-08 17:38:38,355 [localDummy_RequestHandler_2b0a0010_isAvailable] - duration_validator 0ms
INFO  2012-03-08 17:38:38,355 [localDummy_RequestHandler_2b0a0010_isAvailable] - duration_processing 0ms
INFO  2012-03-08 17:38:38,355 [localDummy_RequestHandler_2b0a0010_isAvailable] - duration_reply_settype 0ms
INFO  2012-03-08 17:38:38,358 [localDummy_RequestHandler_2b0a0010_isAvailable] - duration_serializer_2 3ms
INFO  2012-03-08 17:38:38,358 [localDummy_RequestHandler_2b0a0010_isAvailable] - duration_requestHandler 6ms
DEBUG 2012-03-08 17:38:38,362 [localDummy_RequestHandler_2b0a0011_cancelReservation] - start_requestHandler
INFO  2012-03-08 17:38:38,363 [localDummy_RequestHandler_2b0a0011_cancelReservation] - duration_serializer_1 1ms
INFO  2012-03-08 17:38:38,363 [localDummy_RequestHandler_2b0a0011_cancelReservation] - duration_validator 0ms
INFO  2012-03-08 17:38:38,364 [localDummy_RequestHandler_2b0a0011_cancelReservation] - duration_processing 1ms
INFO  2012-03-08 17:38:38,364 [localDummy_RequestHandler_2b0a0011_cancelReservation] - duration_reply_settype 0ms
INFO  2012-03-08 17:38:38,366 [localDummy_RequestHandler_2b0a0011_cancelReservation] - duration_serializer_2 2ms
INFO  2012-03-08 17:38:38,366 [localDummy_RequestHandler_2b0a0011_cancelReservation] - duration_requestHandler 4ms
DEBUG 2012-03-08 17:38:38,369 [localDummy_RequestHandler_2b0a0012_getStatus] - start_requestHandler
INFO  2012-03-08 17:38:38,371 [localDummy_RequestHandler_2b0a0012_getStatus] - duration_serializer_1 2ms
INFO  2012-03-08 17:38:38,371 [localDummy_RequestHandler_2b0a0012_getStatus] - duration_validator 0ms
INFO  2012-03-08 17:38:38,371 [localDummy_RequestHandler_2b0a0012_getStatus] - duration_processing 0ms
INFO  2012-03-08 17:38:38,371 [localDummy_RequestHandler_2b0a0012_getStatus] - duration_reply_settype 0ms
INFO  2012-03-08 17:38:38,374 [localDummy_RequestHandler_2b0a0012_getStatus] - duration_serializer_2 3ms
INFO  2012-03-08 17:38:38,374 [localDummy_RequestHandler_2b0a0012_getStatus] - duration_requestHandler 5ms
DEBUG 2012-03-08 17:38:38,381 [localDummy_RequestHandler_2b0a0013_isAvailable] - start_requestHandler
INFO  2012-03-08 17:38:38,385 [localDummy_RequestHandler_2b0a0013_isAvailable] - duration_serializer_1 4ms
INFO  2012-03-08 17:38:38,385 [localDummy_RequestHandler_2b0a0013_isAvailable] - duration_validator 0ms
INFO  2012-03-08 17:38:38,385 [localDummy_RequestHandler_2b0a0013_isAvailable] - duration_processing 0ms
INFO  2012-03-08 17:38:38,385 [localDummy_RequestHandler_2b0a0013_isAvailable] - duration_reply_settype 0ms
INFO  2012-03-08 17:38:38,389 [localDummy_RequestHandler_2b0a0013_isAvailable] - duration_serializer_2 4ms
INFO  2012-03-08 17:38:38,389 [localDummy_RequestHandler_2b0a0013_isAvailable] - duration_requestHandler 8ms
DEBUG 2012-03-08 17:38:38,416 [localDummy_RequestHandler_2b0a0014_getDomains] - start_requestHandler
INFO  2012-03-08 17:38:38,418 [localDummy_RequestHandler_2b0a0014_getDomains] - duration_serializer_1 2ms
INFO  2012-03-08 17:38:38,418 [localDummy_RequestHandler_2b0a0014_getDomains] - duration_validator 0ms
INFO  2012-03-08 17:38:38,418 [localDummy_RequestHandler_2b0a0014_getDomains] - duration_processing 0ms
INFO  2012-03-08 17:38:38,419 [localDummy_RequestHandler_2b0a0014_getDomains] - duration_reply_settype 1ms
INFO  2012-03-08 17:38:38,422 [localDummy_RequestHandler_2b0a0014_getDomains] - duration_serializer_2 3ms
INFO  2012-03-08 17:38:38,422 [localDummy_RequestHandler_2b0a0014_getDomains] - duration_requestHandler 6ms
DEBUG 2012-03-08 17:38:38,426 [localDummy_RequestHandler_2b0a0015_getEndpoints] - start_requestHandler
INFO  2012-03-08 17:38:38,428 [localDummy_RequestHandler_2b0a0015_getEndpoints] - duration_serializer_1 2ms
INFO  2012-03-08 17:38:38,428 [localDummy_RequestHandler_2b0a0015_getEndpoints] - duration_validator 0ms
INFO  2012-03-08 17:38:38,428 [localDummy_RequestHandler_2b0a0015_getEndpoints] - duration_processing 0ms
INFO  2012-03-08 17:38:38,428 [localDummy_RequestHandler_2b0a0015_getEndpoints] - duration_reply_settype 0ms
INFO  2012-03-08 17:38:38,432 [localDummy_RequestHandler_2b0a0015_getEndpoints] - duration_serializer_2 4ms
INFO  2012-03-08 17:38:38,432 [localDummy_RequestHandler_2b0a0015_getEndpoints] - duration_requestHandler 6ms
DEBUG 2012-03-08 17:38:38,438 [localDummy_RequestHandler_2b0a0016_getLinks] - start_requestHandler
INFO  2012-03-08 17:38:38,440 [localDummy_RequestHandler_2b0a0016_getLinks] - duration_serializer_1 2ms
INFO  2012-03-08 17:38:38,440 [localDummy_RequestHandler_2b0a0016_getLinks] - duration_validator 0ms
INFO  2012-03-08 17:38:38,440 [localDummy_RequestHandler_2b0a0016_getLinks] - duration_processing 0ms
INFO  2012-03-08 17:38:38,440 [localDummy_RequestHandler_2b0a0016_getLinks] - duration_reply_settype 0ms
INFO  2012-03-08 17:38:38,443 [localDummy_RequestHandler_2b0a0016_getLinks] - duration_serializer_2 3ms
INFO  2012-03-08 17:38:38,443 [localDummy_RequestHandler_2b0a0016_getLinks] - duration_requestHandler 5ms
DEBUG 2012-03-08 17:38:38,501 [localDummy_RequestHandler_2b0a0017_addTopic] - start_requestHandler
INFO  2012-03-08 17:38:38,502 [localDummy_RequestHandler_2b0a0017_addTopic] - duration_serializer_1 1ms
INFO  2012-03-08 17:38:38,502 [localDummy_RequestHandler_2b0a0017_addTopic] - duration_validator 0ms
