INFO  2012-03-12 11:07:31,993 [main] - Warning, it was impossible to get some EPR.
INFO  2012-03-12 11:07:32,001 [main] - Using default SimpleSoapClient
INFO  2012-03-12 11:07:32,999 [localDummy_RequestHandler_8e870000_isAvailable] - rename_thread main
INFO  2012-03-12 11:07:33,040 [localDummy_RequestHandler_8e870001_createReservation] - rename_thread localDummy_RequestHandler_8e870000_isAvailable
INFO  2012-03-12 11:07:33,055 [localDummy_RequestHandler_8e870002_getStatus] - rename_thread localDummy_RequestHandler_8e870001_createReservation
INFO  2012-03-12 11:07:33,073 [localDummy_RequestHandler_8e870003_cancelReservation] - rename_thread localDummy_RequestHandler_8e870002_getStatus
INFO  2012-03-12 11:07:33,080 [localDummy_RequestHandler_8e870004_getStatus] - rename_thread localDummy_RequestHandler_8e870003_cancelReservation
INFO  2012-03-12 11:07:33,094 [localDummy_RequestHandler_8e870004_getStatus] - Warning, it was impossible to get some EPR.
INFO  2012-03-12 11:07:33,095 [localDummy_RequestHandler_8e870004_getStatus] - Using default SimpleSoapClient
INFO  2012-03-12 11:07:33,099 [localDummy_RequestHandler_8e870005_isAvailable] - rename_thread localDummy_RequestHandler_8e870004_getStatus
INFO  2012-03-12 11:07:33,117 [localDummy_RequestHandler_8e870006_createReservation] - rename_thread localDummy_RequestHandler_8e870005_isAvailable
INFO  2012-03-12 11:07:33,128 [localDummy_RequestHandler_8e870007_getStatus] - rename_thread localDummy_RequestHandler_8e870006_createReservation
INFO  2012-03-12 11:07:33,139 [localDummy_RequestHandler_8e870008_cancelReservation] - rename_thread localDummy_RequestHandler_8e870007_getStatus
INFO  2012-03-12 11:07:33,146 [localDummy_RequestHandler_8e870009_getStatus] - rename_thread localDummy_RequestHandler_8e870008_cancelReservation
INFO  2012-03-12 11:07:33,164 [localDummy_RequestHandler_8e87000a_getReservations] - rename_thread localDummy_RequestHandler_8e870009_getStatus
WARN  2012-03-12 11:07:33,166 [localDummy_RequestHandler_8e87000a_getReservations] - No such method: eu.ist_phosphorus.harmony.common.serviceinterface.databinding.jaxb.GetReservationsType.getReservationID()
INFO  2012-03-12 11:07:33,177 [localDummy_RequestHandler_8e87000a_getReservations] - Warning, it was impossible to get some EPR.
INFO  2012-03-12 11:07:33,178 [localDummy_RequestHandler_8e87000a_getReservations] - Using default SimpleSoapClient
INFO  2012-03-12 11:07:33,181 [localDummy_RequestHandler_8e87000b_bind] - rename_thread localDummy_RequestHandler_8e87000a_getReservations
INFO  2012-03-12 11:07:33,207 [localDummy_RequestHandler_8e87000b_bind] - Warning, it was impossible to get some EPR.
INFO  2012-03-12 11:07:33,207 [localDummy_RequestHandler_8e87000b_bind] - Using default SimpleSoapClient
INFO  2012-03-12 11:07:33,209 [localDummy_RequestHandler_8e87000b_bind] - Is the resource available...
INFO  2012-03-12 11:07:33,213 [localDummy_RequestHandler_8e87000c_isAvailable] - rename_thread localDummy_RequestHandler_8e87000b_bind
INFO  2012-03-12 11:07:33,223 [localDummy_RequestHandler_8e87000c_isAvailable] - Create the actual reservation...
INFO  2012-03-12 11:07:33,227 [localDummy_RequestHandler_8e87000d_createReservation] - rename_thread localDummy_RequestHandler_8e87000c_isAvailable
INFO  2012-03-12 11:07:33,235 [localDummy_RequestHandler_8e87000d_createReservation] - Got ID: 3@localDummy
INFO  2012-03-12 11:07:33,235 [localDummy_RequestHandler_8e87000d_createReservation] - Ask for all reservations (3@localDummy)...
INFO  2012-03-12 11:07:33,240 [localDummy_RequestHandler_8e87000e_getReservations] - rename_thread localDummy_RequestHandler_8e87000d_createReservation
WARN  2012-03-12 11:07:33,243 [localDummy_RequestHandler_8e87000e_getReservations] - No such method: eu.ist_phosphorus.harmony.common.serviceinterface.databinding.jaxb.GetReservationsType.getReservationID()
INFO  2012-03-12 11:07:33,266 [localDummy_RequestHandler_8e87000e_getReservations] - Found reservations: 3
INFO  2012-03-12 11:07:33,266 [localDummy_RequestHandler_8e87000e_getReservations] - Ask for the status of the reservation...
INFO  2012-03-12 11:07:33,268 [localDummy_RequestHandler_8e87000f_getStatus] - rename_thread localDummy_RequestHandler_8e87000e_getReservations
INFO  2012-03-12 11:07:33,281 [localDummy_RequestHandler_8e87000f_getStatus] - Endpoints should be blocked now...
INFO  2012-03-12 11:07:33,285 [localDummy_RequestHandler_8e870010_isAvailable] - rename_thread localDummy_RequestHandler_8e87000f_getStatus
INFO  2012-03-12 11:07:33,294 [localDummy_RequestHandler_8e870010_isAvailable] - Cancel the reservation again...
INFO  2012-03-12 11:07:33,296 [localDummy_RequestHandler_8e870011_cancelReservation] - rename_thread localDummy_RequestHandler_8e870010_isAvailable
INFO  2012-03-12 11:07:33,302 [localDummy_RequestHandler_8e870011_cancelReservation] - Ask for the status of the reservation...
INFO  2012-03-12 11:07:33,306 [localDummy_RequestHandler_8e870012_getStatus] - rename_thread localDummy_RequestHandler_8e870011_cancelReservation
INFO  2012-03-12 11:07:33,318 [localDummy_RequestHandler_8e870012_getStatus] - Endpoints should not be blocked now...
INFO  2012-03-12 11:07:33,322 [localDummy_RequestHandler_8e870013_isAvailable] - rename_thread localDummy_RequestHandler_8e870012_getStatus
INFO  2012-03-12 11:07:33,352 [localDummy_RequestHandler_8e870013_isAvailable] - Warning, it was impossible to get some EPR.
INFO  2012-03-12 11:07:33,352 [localDummy_RequestHandler_8e870013_isAvailable] - Using default SimpleSoapClient
INFO  2012-03-12 11:07:33,391 [localDummy_RequestHandler_8e870014_getDomains] - rename_thread localDummy_RequestHandler_8e870013_isAvailable
INFO  2012-03-12 11:07:33,401 [localDummy_RequestHandler_8e870015_getEndpoints] - rename_thread localDummy_RequestHandler_8e870014_getDomains
INFO  2012-03-12 11:07:33,411 [localDummy_RequestHandler_8e870016_getLinks] - rename_thread localDummy_RequestHandler_8e870015_getEndpoints
INFO  2012-03-12 11:07:33,470 [localDummy_RequestHandler_8e870016_getLinks] - Warning, it was impossible to get some EPR.
INFO  2012-03-12 11:07:33,471 [localDummy_RequestHandler_8e870016_getLinks] - Using default SimpleSoapClient
INFO  2012-03-12 11:07:33,476 [localDummy_RequestHandler_8e870017_addTopic] - rename_thread localDummy_RequestHandler_8e870016_getLinks
INFO  2012-03-12 11:14:39,179 [main] - Warning, it was impossible to get some EPR.
INFO  2012-03-12 11:14:39,189 [main] - Using default SimpleSoapClient
INFO  2012-03-12 11:14:40,211 [localDummy_RequestHandler_13530000_isAvailable] - rename_thread main
INFO  2012-03-12 11:14:40,252 [localDummy_RequestHandler_13530001_createReservation] - rename_thread localDummy_RequestHandler_13530000_isAvailable
INFO  2012-03-12 11:14:40,268 [localDummy_RequestHandler_13530002_getStatus] - rename_thread localDummy_RequestHandler_13530001_createReservation
INFO  2012-03-12 11:14:40,281 [localDummy_RequestHandler_13530003_cancelReservation] - rename_thread localDummy_RequestHandler_13530002_getStatus
INFO  2012-03-12 11:14:40,291 [localDummy_RequestHandler_13530004_getStatus] - rename_thread localDummy_RequestHandler_13530003_cancelReservation
INFO  2012-03-12 11:14:40,304 [localDummy_RequestHandler_13530004_getStatus] - Warning, it was impossible to get some EPR.
INFO  2012-03-12 11:14:40,304 [localDummy_RequestHandler_13530004_getStatus] - Using default SimpleSoapClient
INFO  2012-03-12 11:14:40,308 [localDummy_RequestHandler_13530005_isAvailable] - rename_thread localDummy_RequestHandler_13530004_getStatus
INFO  2012-03-12 11:14:40,325 [localDummy_RequestHandler_13530006_createReservation] - rename_thread localDummy_RequestHandler_13530005_isAvailable
INFO  2012-03-12 11:14:40,339 [localDummy_RequestHandler_13530007_getStatus] - rename_thread localDummy_RequestHandler_13530006_createReservation
INFO  2012-03-12 11:14:40,355 [localDummy_RequestHandler_13530008_cancelReservation] - rename_thread localDummy_RequestHandler_13530007_getStatus
INFO  2012-03-12 11:14:40,363 [localDummy_RequestHandler_13530009_getStatus] - rename_thread localDummy_RequestHandler_13530008_cancelReservation
INFO  2012-03-12 11:14:40,382 [localDummy_RequestHandler_1353000a_getReservations] - rename_thread localDummy_RequestHandler_13530009_getStatus
WARN  2012-03-12 11:14:40,384 [localDummy_RequestHandler_1353000a_getReservations] - No such method: eu.ist_phosphorus.harmony.common.serviceinterface.databinding.jaxb.GetReservationsType.getReservationID()
INFO  2012-03-12 11:14:40,394 [localDummy_RequestHandler_1353000a_getReservations] - Warning, it was impossible to get some EPR.
INFO  2012-03-12 11:14:40,395 [localDummy_RequestHandler_1353000a_getReservations] - Using default SimpleSoapClient
INFO  2012-03-12 11:14:40,398 [localDummy_RequestHandler_1353000b_bind] - rename_thread localDummy_RequestHandler_1353000a_getReservations
INFO  2012-03-12 11:14:40,425 [localDummy_RequestHandler_1353000b_bind] - Warning, it was impossible to get some EPR.
INFO  2012-03-12 11:14:40,425 [localDummy_RequestHandler_1353000b_bind] - Using default SimpleSoapClient
INFO  2012-03-12 11:14:40,427 [localDummy_RequestHandler_1353000b_bind] - Is the resource available...
INFO  2012-03-12 11:14:40,432 [localDummy_RequestHandler_1353000c_isAvailable] - rename_thread localDummy_RequestHandler_1353000b_bind
INFO  2012-03-12 11:14:40,445 [localDummy_RequestHandler_1353000c_isAvailable] - Create the actual reservation...
INFO  2012-03-12 11:14:40,450 [localDummy_RequestHandler_1353000d_createReservation] - rename_thread localDummy_RequestHandler_1353000c_isAvailable
INFO  2012-03-12 11:14:40,461 [localDummy_RequestHandler_1353000d_createReservation] - Got ID: 3@localDummy
INFO  2012-03-12 11:14:40,461 [localDummy_RequestHandler_1353000d_createReservation] - Ask for all reservations (3@localDummy)...
INFO  2012-03-12 11:14:40,467 [localDummy_RequestHandler_1353000e_getReservations] - rename_thread localDummy_RequestHandler_1353000d_createReservation
WARN  2012-03-12 11:14:40,470 [localDummy_RequestHandler_1353000e_getReservations] - No such method: eu.ist_phosphorus.harmony.common.serviceinterface.databinding.jaxb.GetReservationsType.getReservationID()
INFO  2012-03-12 11:14:40,485 [localDummy_RequestHandler_1353000e_getReservations] - Found reservations: 3
INFO  2012-03-12 11:14:40,485 [localDummy_RequestHandler_1353000e_getReservations] - Ask for the status of the reservation...
INFO  2012-03-12 11:14:40,487 [localDummy_RequestHandler_1353000f_getStatus] - rename_thread localDummy_RequestHandler_1353000e_getReservations
INFO  2012-03-12 11:14:40,496 [localDummy_RequestHandler_1353000f_getStatus] - Endpoints should be blocked now...
INFO  2012-03-12 11:14:40,500 [localDummy_RequestHandler_13530010_isAvailable] - rename_thread localDummy_RequestHandler_1353000f_getStatus
INFO  2012-03-12 11:14:40,508 [localDummy_RequestHandler_13530010_isAvailable] - Cancel the reservation again...
INFO  2012-03-12 11:14:40,510 [localDummy_RequestHandler_13530011_cancelReservation] - rename_thread localDummy_RequestHandler_13530010_isAvailable
INFO  2012-03-12 11:14:40,515 [localDummy_RequestHandler_13530011_cancelReservation] - Ask for the status of the reservation...
INFO  2012-03-12 11:14:40,518 [localDummy_RequestHandler_13530012_getStatus] - rename_thread localDummy_RequestHandler_13530011_cancelReservation
INFO  2012-03-12 11:14:40,527 [localDummy_RequestHandler_13530012_getStatus] - Endpoints should not be blocked now...
INFO  2012-03-12 11:14:40,531 [localDummy_RequestHandler_13530013_isAvailable] - rename_thread localDummy_RequestHandler_13530012_getStatus
INFO  2012-03-12 11:14:40,566 [localDummy_RequestHandler_13530013_isAvailable] - Warning, it was impossible to get some EPR.
INFO  2012-03-12 11:14:40,567 [localDummy_RequestHandler_13530013_isAvailable] - Using default SimpleSoapClient
INFO  2012-03-12 11:14:40,575 [localDummy_RequestHandler_13530014_getDomains] - rename_thread localDummy_RequestHandler_13530013_isAvailable
INFO  2012-03-12 11:14:40,585 [localDummy_RequestHandler_13530015_getEndpoints] - rename_thread localDummy_RequestHandler_13530014_getDomains
INFO  2012-03-12 11:14:40,597 [localDummy_RequestHandler_13530016_getLinks] - rename_thread localDummy_RequestHandler_13530015_getEndpoints
INFO  2012-03-12 11:14:40,636 [localDummy_RequestHandler_13530016_getLinks] - Warning, it was impossible to get some EPR.
INFO  2012-03-12 11:14:40,636 [localDummy_RequestHandler_13530016_getLinks] - Using default SimpleSoapClient
INFO  2012-03-12 11:14:40,641 [localDummy_RequestHandler_13530017_addTopic] - rename_thread localDummy_RequestHandler_13530016_getLinks
INFO  2012-03-12 11:16:04,610 [main] - Warning, it was impossible to get some EPR.
INFO  2012-03-12 11:16:04,620 [main] - Using default SimpleSoapClient
INFO  2012-03-12 11:16:05,636 [localDummy_RequestHandler_61040000_isAvailable] - rename_thread main
INFO  2012-03-12 11:16:05,679 [localDummy_RequestHandler_61040001_createReservation] - rename_thread localDummy_RequestHandler_61040000_isAvailable
INFO  2012-03-12 11:16:05,694 [localDummy_RequestHandler_61040002_getStatus] - rename_thread localDummy_RequestHandler_61040001_createReservation
INFO  2012-03-12 11:16:05,706 [localDummy_RequestHandler_61040003_cancelReservation] - rename_thread localDummy_RequestHandler_61040002_getStatus
INFO  2012-03-12 11:16:05,714 [localDummy_RequestHandler_61040004_getStatus] - rename_thread localDummy_RequestHandler_61040003_cancelReservation
INFO  2012-03-12 11:16:05,727 [localDummy_RequestHandler_61040004_getStatus] - Warning, it was impossible to get some EPR.
INFO  2012-03-12 11:16:05,728 [localDummy_RequestHandler_61040004_getStatus] - Using default SimpleSoapClient
INFO  2012-03-12 11:16:05,733 [localDummy_RequestHandler_61040005_isAvailable] - rename_thread localDummy_RequestHandler_61040004_getStatus
INFO  2012-03-12 11:16:05,750 [localDummy_RequestHandler_61040006_createReservation] - rename_thread localDummy_RequestHandler_61040005_isAvailable
INFO  2012-03-12 11:16:05,765 [localDummy_RequestHandler_61040007_getStatus] - rename_thread localDummy_RequestHandler_61040006_createReservation
INFO  2012-03-12 11:16:05,785 [localDummy_RequestHandler_61040008_cancelReservation] - rename_thread localDummy_RequestHandler_61040007_getStatus
INFO  2012-03-12 11:16:05,796 [localDummy_RequestHandler_61040009_getStatus] - rename_thread localDummy_RequestHandler_61040008_cancelReservation
INFO  2012-03-12 11:16:05,823 [localDummy_RequestHandler_6104000a_getReservations] - rename_thread localDummy_RequestHandler_61040009_getStatus
WARN  2012-03-12 11:16:05,826 [localDummy_RequestHandler_6104000a_getReservations] - No such method: eu.ist_phosphorus.harmony.common.serviceinterface.databinding.jaxb.GetReservationsType.getReservationID()
INFO  2012-03-12 11:16:05,843 [localDummy_RequestHandler_6104000a_getReservations] - Warning, it was impossible to get some EPR.
INFO  2012-03-12 11:16:05,844 [localDummy_RequestHandler_6104000a_getReservations] - Using default SimpleSoapClient
INFO  2012-03-12 11:16:05,847 [localDummy_RequestHandler_6104000b_bind] - rename_thread localDummy_RequestHandler_6104000a_getReservations
INFO  2012-03-12 11:16:05,883 [localDummy_RequestHandler_6104000b_bind] - Warning, it was impossible to get some EPR.
INFO  2012-03-12 11:16:05,883 [localDummy_RequestHandler_6104000b_bind] - Using default SimpleSoapClient
INFO  2012-03-12 11:16:05,885 [localDummy_RequestHandler_6104000b_bind] - Is the resource available...
INFO  2012-03-12 11:16:05,891 [localDummy_RequestHandler_6104000c_isAvailable] - rename_thread localDummy_RequestHandler_6104000b_bind
INFO  2012-03-12 11:16:05,904 [localDummy_RequestHandler_6104000c_isAvailable] - Create the actual reservation...
INFO  2012-03-12 11:16:05,910 [localDummy_RequestHandler_6104000d_createReservation] - rename_thread localDummy_RequestHandler_6104000c_isAvailable
INFO  2012-03-12 11:16:05,920 [localDummy_RequestHandler_6104000d_createReservation] - Got ID: 3@localDummy
INFO  2012-03-12 11:16:05,920 [localDummy_RequestHandler_6104000d_createReservation] - Ask for all reservations (3@localDummy)...
INFO  2012-03-12 11:16:05,926 [localDummy_RequestHandler_6104000e_getReservations] - rename_thread localDummy_RequestHandler_6104000d_createReservation
WARN  2012-03-12 11:16:05,929 [localDummy_RequestHandler_6104000e_getReservations] - No such method: eu.ist_phosphorus.harmony.common.serviceinterface.databinding.jaxb.GetReservationsType.getReservationID()
INFO  2012-03-12 11:16:05,949 [localDummy_RequestHandler_6104000e_getReservations] - Found reservations: 3
INFO  2012-03-12 11:16:05,949 [localDummy_RequestHandler_6104000e_getReservations] - Ask for the status of the reservation...
INFO  2012-03-12 11:16:05,952 [localDummy_RequestHandler_6104000f_getStatus] - rename_thread localDummy_RequestHandler_6104000e_getReservations
INFO  2012-03-12 11:16:05,968 [localDummy_RequestHandler_6104000f_getStatus] - Endpoints should be blocked now...
INFO  2012-03-12 11:16:05,974 [localDummy_RequestHandler_61040010_isAvailable] - rename_thread localDummy_RequestHandler_6104000f_getStatus
INFO  2012-03-12 11:16:05,985 [localDummy_RequestHandler_61040010_isAvailable] - Cancel the reservation again...
INFO  2012-03-12 11:16:05,991 [localDummy_RequestHandler_61040011_cancelReservation] - rename_thread localDummy_RequestHandler_61040010_isAvailable
INFO  2012-03-12 11:16:05,999 [localDummy_RequestHandler_61040011_cancelReservation] - Ask for the status of the reservation...
INFO  2012-03-12 11:16:06,002 [localDummy_RequestHandler_61040012_getStatus] - rename_thread localDummy_RequestHandler_61040011_cancelReservation
INFO  2012-03-12 11:16:06,014 [localDummy_RequestHandler_61040012_getStatus] - Endpoints should not be blocked now...
INFO  2012-03-12 11:16:06,020 [localDummy_RequestHandler_61040013_isAvailable] - rename_thread localDummy_RequestHandler_61040012_getStatus
INFO  2012-03-12 11:16:06,045 [localDummy_RequestHandler_61040013_isAvailable] - Warning, it was impossible to get some EPR.
INFO  2012-03-12 11:16:06,046 [localDummy_RequestHandler_61040013_isAvailable] - Using default SimpleSoapClient
INFO  2012-03-12 11:16:06,054 [localDummy_RequestHandler_61040014_getDomains] - rename_thread localDummy_RequestHandler_61040013_isAvailable
INFO  2012-03-12 11:16:06,064 [localDummy_RequestHandler_61040015_getEndpoints] - rename_thread localDummy_RequestHandler_61040014_getDomains
INFO  2012-03-12 11:16:06,076 [localDummy_RequestHandler_61040016_getLinks] - rename_thread localDummy_RequestHandler_61040015_getEndpoints
INFO  2012-03-12 11:16:06,140 [localDummy_RequestHandler_61040016_getLinks] - Warning, it was impossible to get some EPR.
INFO  2012-03-12 11:16:06,141 [localDummy_RequestHandler_61040016_getLinks] - Using default SimpleSoapClient
INFO  2012-03-12 11:16:06,147 [localDummy_RequestHandler_61040017_addTopic] - rename_thread localDummy_RequestHandler_61040016_getLinks
INFO  2012-03-12 11:35:27,142 [main] - Warning, it was impossible to get some EPR.
INFO  2012-03-12 11:35:27,149 [main] - Using default SimpleSoapClient
INFO  2012-03-12 11:35:28,112 [localDummy_RequestHandler_1df00000_isAvailable] - rename_thread main
INFO  2012-03-12 11:35:28,151 [localDummy_RequestHandler_1df00001_createReservation] - rename_thread localDummy_RequestHandler_1df00000_isAvailable
INFO  2012-03-12 11:35:28,167 [localDummy_RequestHandler_1df00002_getStatus] - rename_thread localDummy_RequestHandler_1df00001_createReservation
INFO  2012-03-12 11:35:28,178 [localDummy_RequestHandler_1df00003_cancelReservation] - rename_thread localDummy_RequestHandler_1df00002_getStatus
INFO  2012-03-12 11:35:28,186 [localDummy_RequestHandler_1df00004_getStatus] - rename_thread localDummy_RequestHandler_1df00003_cancelReservation
INFO  2012-03-12 11:35:28,199 [localDummy_RequestHandler_1df00004_getStatus] - Warning, it was impossible to get some EPR.
INFO  2012-03-12 11:35:28,199 [localDummy_RequestHandler_1df00004_getStatus] - Using default SimpleSoapClient
INFO  2012-03-12 11:35:28,204 [localDummy_RequestHandler_1df00005_isAvailable] - rename_thread localDummy_RequestHandler_1df00004_getStatus
INFO  2012-03-12 11:35:28,216 [localDummy_RequestHandler_1df00006_createReservation] - rename_thread localDummy_RequestHandler_1df00005_isAvailable
INFO  2012-03-12 11:35:28,227 [localDummy_RequestHandler_1df00007_getStatus] - rename_thread localDummy_RequestHandler_1df00006_createReservation
INFO  2012-03-12 11:35:28,238 [localDummy_RequestHandler_1df00008_cancelReservation] - rename_thread localDummy_RequestHandler_1df00007_getStatus
INFO  2012-03-12 11:35:28,246 [localDummy_RequestHandler_1df00009_getStatus] - rename_thread localDummy_RequestHandler_1df00008_cancelReservation
INFO  2012-03-12 11:35:28,265 [localDummy_RequestHandler_1df0000a_getReservations] - rename_thread localDummy_RequestHandler_1df00009_getStatus
WARN  2012-03-12 11:35:28,267 [localDummy_RequestHandler_1df0000a_getReservations] - No such method: eu.ist_phosphorus.harmony.common.serviceinterface.databinding.jaxb.GetReservationsType.getReservationID()
INFO  2012-03-12 11:35:28,277 [localDummy_RequestHandler_1df0000a_getReservations] - Warning, it was impossible to get some EPR.
INFO  2012-03-12 11:35:28,278 [localDummy_RequestHandler_1df0000a_getReservations] - Using default SimpleSoapClient
INFO  2012-03-12 11:35:28,282 [localDummy_RequestHandler_1df0000b_bind] - rename_thread localDummy_RequestHandler_1df0000a_getReservations
INFO  2012-03-12 11:35:28,304 [localDummy_RequestHandler_1df0000b_bind] - Warning, it was impossible to get some EPR.
INFO  2012-03-12 11:35:28,305 [localDummy_RequestHandler_1df0000b_bind] - Using default SimpleSoapClient
INFO  2012-03-12 11:35:28,307 [localDummy_RequestHandler_1df0000b_bind] - Is the resource available...
INFO  2012-03-12 11:35:28,312 [localDummy_RequestHandler_1df0000c_isAvailable] - rename_thread localDummy_RequestHandler_1df0000b_bind
INFO  2012-03-12 11:35:28,325 [localDummy_RequestHandler_1df0000c_isAvailable] - Create the actual reservation...
INFO  2012-03-12 11:35:28,330 [localDummy_RequestHandler_1df0000d_createReservation] - rename_thread localDummy_RequestHandler_1df0000c_isAvailable
INFO  2012-03-12 11:35:28,340 [localDummy_RequestHandler_1df0000d_createReservation] - Got ID: 3@localDummy
INFO  2012-03-12 11:35:28,340 [localDummy_RequestHandler_1df0000d_createReservation] - Ask for all reservations (3@localDummy)...
INFO  2012-03-12 11:35:28,346 [localDummy_RequestHandler_1df0000e_getReservations] - rename_thread localDummy_RequestHandler_1df0000d_createReservation
WARN  2012-03-12 11:35:28,349 [localDummy_RequestHandler_1df0000e_getReservations] - No such method: eu.ist_phosphorus.harmony.common.serviceinterface.databinding.jaxb.GetReservationsType.getReservationID()
INFO  2012-03-12 11:35:28,365 [localDummy_RequestHandler_1df0000e_getReservations] - Found reservations: 3
INFO  2012-03-12 11:35:28,365 [localDummy_RequestHandler_1df0000e_getReservations] - Ask for the status of the reservation...
INFO  2012-03-12 11:35:28,367 [localDummy_RequestHandler_1df0000f_getStatus] - rename_thread localDummy_RequestHandler_1df0000e_getReservations
INFO  2012-03-12 11:35:28,378 [localDummy_RequestHandler_1df0000f_getStatus] - Endpoints should be blocked now...
INFO  2012-03-12 11:35:28,382 [localDummy_RequestHandler_1df00010_isAvailable] - rename_thread localDummy_RequestHandler_1df0000f_getStatus
INFO  2012-03-12 11:35:28,391 [localDummy_RequestHandler_1df00010_isAvailable] - Cancel the reservation again...
INFO  2012-03-12 11:35:28,394 [localDummy_RequestHandler_1df00011_cancelReservation] - rename_thread localDummy_RequestHandler_1df00010_isAvailable
INFO  2012-03-12 11:35:28,401 [localDummy_RequestHandler_1df00011_cancelReservation] - Ask for the status of the reservation...
INFO  2012-03-12 11:35:28,405 [localDummy_RequestHandler_1df00012_getStatus] - rename_thread localDummy_RequestHandler_1df00011_cancelReservation
INFO  2012-03-12 11:35:28,417 [localDummy_RequestHandler_1df00012_getStatus] - Endpoints should not be blocked now...
INFO  2012-03-12 11:35:28,422 [localDummy_RequestHandler_1df00013_isAvailable] - rename_thread localDummy_RequestHandler_1df00012_getStatus
INFO  2012-03-12 11:35:28,476 [localDummy_RequestHandler_1df00013_isAvailable] - Warning, it was impossible to get some EPR.
INFO  2012-03-12 11:35:28,477 [localDummy_RequestHandler_1df00013_isAvailable] - Using default SimpleSoapClient
INFO  2012-03-12 11:35:28,484 [localDummy_RequestHandler_1df00014_getDomains] - rename_thread localDummy_RequestHandler_1df00013_isAvailable
INFO  2012-03-12 11:35:28,495 [localDummy_RequestHandler_1df00015_getEndpoints] - rename_thread localDummy_RequestHandler_1df00014_getDomains
INFO  2012-03-12 11:35:28,507 [localDummy_RequestHandler_1df00016_getLinks] - rename_thread localDummy_RequestHandler_1df00015_getEndpoints
INFO  2012-03-12 11:35:28,549 [localDummy_RequestHandler_1df00016_getLinks] - Warning, it was impossible to get some EPR.
INFO  2012-03-12 11:35:28,549 [localDummy_RequestHandler_1df00016_getLinks] - Using default SimpleSoapClient
INFO  2012-03-12 11:35:28,553 [localDummy_RequestHandler_1df00017_addTopic] - rename_thread localDummy_RequestHandler_1df00016_getLinks
INFO  2012-03-12 11:35:36,657 [main] - Warning, it was impossible to get some EPR.
INFO  2012-03-12 11:35:36,667 [main] - Using default SimpleSoapClient
INFO  2012-03-12 11:35:37,793 [localDummy_RequestHandler_43c10000_isAvailable] - rename_thread main
INFO  2012-03-12 11:35:37,847 [localDummy_RequestHandler_43c10001_createReservation] - rename_thread localDummy_RequestHandler_43c10000_isAvailable
INFO  2012-03-12 11:35:37,864 [localDummy_RequestHandler_43c10002_getStatus] - rename_thread localDummy_RequestHandler_43c10001_createReservation
INFO  2012-03-12 11:35:37,877 [localDummy_RequestHandler_43c10003_cancelReservation] - rename_thread localDummy_RequestHandler_43c10002_getStatus
INFO  2012-03-12 11:35:37,884 [localDummy_RequestHandler_43c10004_getStatus] - rename_thread localDummy_RequestHandler_43c10003_cancelReservation
INFO  2012-03-12 11:35:37,896 [localDummy_RequestHandler_43c10004_getStatus] - Warning, it was impossible to get some EPR.
INFO  2012-03-12 11:35:37,896 [localDummy_RequestHandler_43c10004_getStatus] - Using default SimpleSoapClient
INFO  2012-03-12 11:35:37,901 [localDummy_RequestHandler_43c10005_isAvailable] - rename_thread localDummy_RequestHandler_43c10004_getStatus
INFO  2012-03-12 11:35:37,915 [localDummy_RequestHandler_43c10006_createReservation] - rename_thread localDummy_RequestHandler_43c10005_isAvailable
INFO  2012-03-12 11:35:37,928 [localDummy_RequestHandler_43c10007_getStatus] - rename_thread localDummy_RequestHandler_43c10006_createReservation
INFO  2012-03-12 11:35:37,944 [localDummy_RequestHandler_43c10008_cancelReservation] - rename_thread localDummy_RequestHandler_43c10007_getStatus
INFO  2012-03-12 11:35:37,952 [localDummy_RequestHandler_43c10009_getStatus] - rename_thread localDummy_RequestHandler_43c10008_cancelReservation
INFO  2012-03-12 11:35:37,971 [localDummy_RequestHandler_43c1000a_getReservations] - rename_thread localDummy_RequestHandler_43c10009_getStatus
WARN  2012-03-12 11:35:37,972 [localDummy_RequestHandler_43c1000a_getReservations] - No such method: eu.ist_phosphorus.harmony.common.serviceinterface.databinding.jaxb.GetReservationsType.getReservationID()
INFO  2012-03-12 11:35:37,983 [localDummy_RequestHandler_43c1000a_getReservations] - Warning, it was impossible to get some EPR.
INFO  2012-03-12 11:35:37,984 [localDummy_RequestHandler_43c1000a_getReservations] - Using default SimpleSoapClient
INFO  2012-03-12 11:35:37,987 [localDummy_RequestHandler_43c1000b_bind] - rename_thread localDummy_RequestHandler_43c1000a_getReservations
INFO  2012-03-12 11:35:38,012 [localDummy_RequestHandler_43c1000b_bind] - Warning, it was impossible to get some EPR.
INFO  2012-03-12 11:35:38,012 [localDummy_RequestHandler_43c1000b_bind] - Using default SimpleSoapClient
INFO  2012-03-12 11:35:38,014 [localDummy_RequestHandler_43c1000b_bind] - Is the resource available...
INFO  2012-03-12 11:35:38,019 [localDummy_RequestHandler_43c1000c_isAvailable] - rename_thread localDummy_RequestHandler_43c1000b_bind
INFO  2012-03-12 11:35:38,032 [localDummy_RequestHandler_43c1000c_isAvailable] - Create the actual reservation...
INFO  2012-03-12 11:35:38,037 [localDummy_RequestHandler_43c1000d_createReservation] - rename_thread localDummy_RequestHandler_43c1000c_isAvailable
INFO  2012-03-12 11:35:38,047 [localDummy_RequestHandler_43c1000d_createReservation] - Got ID: 3@localDummy
INFO  2012-03-12 11:35:38,047 [localDummy_RequestHandler_43c1000d_createReservation] - Ask for all reservations (3@localDummy)...
INFO  2012-03-12 11:35:38,053 [localDummy_RequestHandler_43c1000e_getReservations] - rename_thread localDummy_RequestHandler_43c1000d_createReservation
WARN  2012-03-12 11:35:38,055 [localDummy_RequestHandler_43c1000e_getReservations] - No such method: eu.ist_phosphorus.harmony.common.serviceinterface.databinding.jaxb.GetReservationsType.getReservationID()
INFO  2012-03-12 11:35:38,069 [localDummy_RequestHandler_43c1000e_getReservations] - Found reservations: 3
INFO  2012-03-12 11:35:38,069 [localDummy_RequestHandler_43c1000e_getReservations] - Ask for the status of the reservation...
INFO  2012-03-12 11:35:38,073 [localDummy_RequestHandler_43c1000f_getStatus] - rename_thread localDummy_RequestHandler_43c1000e_getReservations
INFO  2012-03-12 11:35:38,085 [localDummy_RequestHandler_43c1000f_getStatus] - Endpoints should be blocked now...
INFO  2012-03-12 11:35:38,091 [localDummy_RequestHandler_43c10010_isAvailable] - rename_thread localDummy_RequestHandler_43c1000f_getStatus
INFO  2012-03-12 11:35:38,102 [localDummy_RequestHandler_43c10010_isAvailable] - Cancel the reservation again...
INFO  2012-03-12 11:35:38,106 [localDummy_RequestHandler_43c10011_cancelReservation] - rename_thread localDummy_RequestHandler_43c10010_isAvailable
INFO  2012-03-12 11:35:38,113 [localDummy_RequestHandler_43c10011_cancelReservation] - Ask for the status of the reservation...
INFO  2012-03-12 11:35:38,116 [localDummy_RequestHandler_43c10012_getStatus] - rename_thread localDummy_RequestHandler_43c10011_cancelReservation
INFO  2012-03-12 11:35:38,128 [localDummy_RequestHandler_43c10012_getStatus] - Endpoints should not be blocked now...
INFO  2012-03-12 11:35:38,133 [localDummy_RequestHandler_43c10013_isAvailable] - rename_thread localDummy_RequestHandler_43c10012_getStatus
INFO  2012-03-12 11:35:38,176 [localDummy_RequestHandler_43c10013_isAvailable] - Warning, it was impossible to get some EPR.
INFO  2012-03-12 11:35:38,177 [localDummy_RequestHandler_43c10013_isAvailable] - Using default SimpleSoapClient
INFO  2012-03-12 11:35:38,195 [localDummy_RequestHandler_43c10014_getDomains] - rename_thread localDummy_RequestHandler_43c10013_isAvailable
INFO  2012-03-12 11:35:38,214 [localDummy_RequestHandler_43c10015_getEndpoints] - rename_thread localDummy_RequestHandler_43c10014_getDomains
INFO  2012-03-12 11:35:38,232 [localDummy_RequestHandler_43c10016_getLinks] - rename_thread localDummy_RequestHandler_43c10015_getEndpoints
INFO  2012-03-12 11:35:38,274 [localDummy_RequestHandler_43c10016_getLinks] - Warning, it was impossible to get some EPR.
INFO  2012-03-12 11:35:38,275 [localDummy_RequestHandler_43c10016_getLinks] - Using default SimpleSoapClient
INFO  2012-03-12 11:35:38,280 [localDummy_RequestHandler_43c10017_addTopic] - rename_thread localDummy_RequestHandler_43c10016_getLinks
INFO  2012-03-12 12:37:46,514 [main] - Warning, it was impossible to get some EPR.
INFO  2012-03-12 12:37:46,525 [main] - Using default SimpleSoapClient
INFO  2012-03-12 12:37:47,563 [localDummy_RequestHandler_2d2b0000_isAvailable] - rename_thread main
INFO  2012-03-12 12:37:47,604 [localDummy_RequestHandler_2d2b0001_createReservation] - rename_thread localDummy_RequestHandler_2d2b0000_isAvailable
INFO  2012-03-12 12:37:47,619 [localDummy_RequestHandler_2d2b0002_getStatus] - rename_thread localDummy_RequestHandler_2d2b0001_createReservation
INFO  2012-03-12 12:37:47,631 [localDummy_RequestHandler_2d2b0003_cancelReservation] - rename_thread localDummy_RequestHandler_2d2b0002_getStatus
INFO  2012-03-12 12:37:47,638 [localDummy_RequestHandler_2d2b0004_getStatus] - rename_thread localDummy_RequestHandler_2d2b0003_cancelReservation
INFO  2012-03-12 12:37:47,651 [localDummy_RequestHandler_2d2b0004_getStatus] - Warning, it was impossible to get some EPR.
INFO  2012-03-12 12:37:47,651 [localDummy_RequestHandler_2d2b0004_getStatus] - Using default SimpleSoapClient
INFO  2012-03-12 12:37:47,656 [localDummy_RequestHandler_2d2b0005_isAvailable] - rename_thread localDummy_RequestHandler_2d2b0004_getStatus
INFO  2012-03-12 12:37:47,671 [localDummy_RequestHandler_2d2b0006_createReservation] - rename_thread localDummy_RequestHandler_2d2b0005_isAvailable
INFO  2012-03-12 12:37:47,685 [localDummy_RequestHandler_2d2b0007_getStatus] - rename_thread localDummy_RequestHandler_2d2b0006_createReservation
INFO  2012-03-12 12:37:47,705 [localDummy_RequestHandler_2d2b0008_cancelReservation] - rename_thread localDummy_RequestHandler_2d2b0007_getStatus
INFO  2012-03-12 12:37:47,736 [localDummy_RequestHandler_2d2b0009_getStatus] - rename_thread localDummy_RequestHandler_2d2b0008_cancelReservation
INFO  2012-03-12 12:37:47,756 [localDummy_RequestHandler_2d2b000a_getReservations] - rename_thread localDummy_RequestHandler_2d2b0009_getStatus
WARN  2012-03-12 12:37:47,759 [localDummy_RequestHandler_2d2b000a_getReservations] - No such method: eu.ist_phosphorus.harmony.common.serviceinterface.databinding.jaxb.GetReservationsType.getReservationID()
INFO  2012-03-12 12:37:47,770 [localDummy_RequestHandler_2d2b000a_getReservations] - Warning, it was impossible to get some EPR.
INFO  2012-03-12 12:37:47,771 [localDummy_RequestHandler_2d2b000a_getReservations] - Using default SimpleSoapClient
INFO  2012-03-12 12:37:47,774 [localDummy_RequestHandler_2d2b000b_bind] - rename_thread localDummy_RequestHandler_2d2b000a_getReservations
INFO  2012-03-12 12:37:47,801 [localDummy_RequestHandler_2d2b000b_bind] - Warning, it was impossible to get some EPR.
INFO  2012-03-12 12:37:47,801 [localDummy_RequestHandler_2d2b000b_bind] - Using default SimpleSoapClient
INFO  2012-03-12 12:37:47,804 [localDummy_RequestHandler_2d2b000b_bind] - Is the resource available...
INFO  2012-03-12 12:37:47,809 [localDummy_RequestHandler_2d2b000c_isAvailable] - rename_thread localDummy_RequestHandler_2d2b000b_bind
INFO  2012-03-12 12:37:47,822 [localDummy_RequestHandler_2d2b000c_isAvailable] - Create the actual reservation...
INFO  2012-03-12 12:37:47,828 [localDummy_RequestHandler_2d2b000d_createReservation] - rename_thread localDummy_RequestHandler_2d2b000c_isAvailable
INFO  2012-03-12 12:37:47,838 [localDummy_RequestHandler_2d2b000d_createReservation] - Got ID: 3@localDummy
INFO  2012-03-12 12:37:47,838 [localDummy_RequestHandler_2d2b000d_createReservation] - Ask for all reservations (3@localDummy)...
INFO  2012-03-12 12:37:47,844 [localDummy_RequestHandler_2d2b000e_getReservations] - rename_thread localDummy_RequestHandler_2d2b000d_createReservation
WARN  2012-03-12 12:37:47,846 [localDummy_RequestHandler_2d2b000e_getReservations] - No such method: eu.ist_phosphorus.harmony.common.serviceinterface.databinding.jaxb.GetReservationsType.getReservationID()
INFO  2012-03-12 12:37:47,864 [localDummy_RequestHandler_2d2b000e_getReservations] - Found reservations: 3
INFO  2012-03-12 12:37:47,864 [localDummy_RequestHandler_2d2b000e_getReservations] - Ask for the status of the reservation...
INFO  2012-03-12 12:37:47,867 [localDummy_RequestHandler_2d2b000f_getStatus] - rename_thread localDummy_RequestHandler_2d2b000e_getReservations
INFO  2012-03-12 12:37:47,879 [localDummy_RequestHandler_2d2b000f_getStatus] - Endpoints should be blocked now...
INFO  2012-03-12 12:37:47,884 [localDummy_RequestHandler_2d2b0010_isAvailable] - rename_thread localDummy_RequestHandler_2d2b000f_getStatus
INFO  2012-03-12 12:37:47,895 [localDummy_RequestHandler_2d2b0010_isAvailable] - Cancel the reservation again...
INFO  2012-03-12 12:37:47,898 [localDummy_RequestHandler_2d2b0011_cancelReservation] - rename_thread localDummy_RequestHandler_2d2b0010_isAvailable
INFO  2012-03-12 12:37:47,905 [localDummy_RequestHandler_2d2b0011_cancelReservation] - Ask for the status of the reservation...
INFO  2012-03-12 12:37:47,909 [localDummy_RequestHandler_2d2b0012_getStatus] - rename_thread localDummy_RequestHandler_2d2b0011_cancelReservation
INFO  2012-03-12 12:37:47,921 [localDummy_RequestHandler_2d2b0012_getStatus] - Endpoints should not be blocked now...
INFO  2012-03-12 12:37:47,925 [localDummy_RequestHandler_2d2b0013_isAvailable] - rename_thread localDummy_RequestHandler_2d2b0012_getStatus
INFO  2012-03-12 12:37:47,955 [localDummy_RequestHandler_2d2b0013_isAvailable] - Warning, it was impossible to get some EPR.
INFO  2012-03-12 12:37:47,956 [localDummy_RequestHandler_2d2b0013_isAvailable] - Using default SimpleSoapClient
INFO  2012-03-12 12:37:47,964 [localDummy_RequestHandler_2d2b0014_getDomains] - rename_thread localDummy_RequestHandler_2d2b0013_isAvailable
INFO  2012-03-12 12:37:47,974 [localDummy_RequestHandler_2d2b0015_getEndpoints] - rename_thread localDummy_RequestHandler_2d2b0014_getDomains
INFO  2012-03-12 12:37:47,987 [localDummy_RequestHandler_2d2b0016_getLinks] - rename_thread localDummy_RequestHandler_2d2b0015_getEndpoints
INFO  2012-03-12 12:37:48,032 [localDummy_RequestHandler_2d2b0016_getLinks] - Warning, it was impossible to get some EPR.
INFO  2012-03-12 12:37:48,033 [localDummy_RequestHandler_2d2b0016_getLinks] - Using default SimpleSoapClient
INFO  2012-03-12 12:37:48,037 [localDummy_RequestHandler_2d2b0017_addTopic] - rename_thread localDummy_RequestHandler_2d2b0016_getLinks
